<?xml version="1.0" encoding="UTF-8"?>
<coverage generated="1528873529722" clover="3.2.0">
  <project timestamp="1528873529722" name="All files">
    <metrics statements="3825" coveredstatements="2349" conditionals="1343" coveredconditionals="737" methods="1188" coveredmethods="759" elements="6356" coveredelements="3845" complexity="0" loc="3825" ncloc="3825" packages="57" files="128" classes="128">
      <package name="src">
        <metrics statements="101" coveredstatements="26" conditionals="28" coveredconditionals="3" methods="28" coveredmethods="7"/>
        <file name="Storage.js" path="/Users/nico/Projects/who-maps/frontend/src/Storage.js">
          <metrics statements="16" coveredstatements="16" conditionals="4" coveredconditionals="3" methods="6" coveredmethods="6"/>
          <line num="3" count="64" type="stmt"/>
          <line num="7" count="2" type="cond" truecount="2" falsecount="0"/>
          <line num="8" count="1" type="stmt"/>
          <line num="11" count="1" type="cond" truecount="1" falsecount="1"/>
          <line num="15" count="1" type="stmt"/>
          <line num="19" count="1" type="stmt"/>
          <line num="20" count="1" type="stmt"/>
          <line num="22" count="1" type="stmt"/>
          <line num="27" count="1" type="stmt"/>
          <line num="31" count="1" type="stmt"/>
          <line num="36" count="1" type="stmt"/>
          <line num="37" count="1" type="stmt"/>
          <line num="38" count="1" type="stmt"/>
          <line num="39" count="4" type="stmt"/>
          <line num="40" count="4" type="stmt"/>
          <line num="42" count="1" type="stmt"/>
        </file>
        <file name="Utilities.js" path="/Users/nico/Projects/who-maps/frontend/src/Utilities.js">
          <metrics statements="47" coveredstatements="6" conditionals="14" coveredconditionals="0" methods="10" coveredmethods="1"/>
          <line num="5" count="10" type="stmt"/>
          <line num="9" count="0" type="stmt"/>
          <line num="13" count="0" type="stmt"/>
          <line num="14" count="0" type="stmt"/>
          <line num="15" count="0" type="cond" truecount="0" falsecount="2"/>
          <line num="16" count="0" type="stmt"/>
          <line num="17" count="0" type="stmt"/>
          <line num="18" count="0" type="stmt"/>
          <line num="19" count="0" type="cond" truecount="0" falsecount="2"/>
          <line num="20" count="0" type="stmt"/>
          <line num="21" count="0" type="stmt"/>
          <line num="24" count="0" type="cond" truecount="0" falsecount="2"/>
          <line num="25" count="0" type="stmt"/>
          <line num="26" count="0" type="stmt"/>
          <line num="31" count="0" type="stmt"/>
          <line num="35" count="0" type="stmt"/>
          <line num="36" count="0" type="stmt"/>
          <line num="37" count="0" type="stmt"/>
          <line num="38" count="0" type="stmt"/>
          <line num="39" count="0" type="stmt"/>
          <line num="40" count="0" type="stmt"/>
          <line num="41" count="0" type="stmt"/>
          <line num="42" count="0" type="stmt"/>
          <line num="46" count="0" type="stmt"/>
          <line num="47" count="0" type="stmt"/>
          <line num="49" count="0" type="stmt"/>
          <line num="51" count="0" type="stmt"/>
          <line num="55" count="0" type="stmt"/>
          <line num="56" count="0" type="stmt"/>
          <line num="57" count="0" type="stmt"/>
          <line num="58" count="0" type="stmt"/>
          <line num="59" count="0" type="stmt"/>
          <line num="60" count="0" type="stmt"/>
          <line num="64" count="10" type="stmt"/>
          <line num="65" count="0" type="stmt"/>
          <line num="66" count="0" type="stmt"/>
          <line num="67" count="0" type="cond" truecount="0" falsecount="2"/>
          <line num="68" count="0" type="cond" truecount="0" falsecount="4"/>
          <line num="69" count="0" type="stmt"/>
          <line num="71" count="0" type="stmt"/>
          <line num="74" count="10" type="stmt"/>
          <line num="75" count="2" type="stmt"/>
          <line num="76" count="2" type="stmt"/>
          <line num="79" count="10" type="stmt"/>
          <line num="80" count="0" type="cond" truecount="0" falsecount="2"/>
          <line num="81" count="0" type="stmt"/>
          <line num="83" count="0" type="stmt"/>
        </file>
        <file name="index.js" path="/Users/nico/Projects/who-maps/frontend/src/index.js">
          <metrics statements="30" coveredstatements="0" conditionals="10" coveredconditionals="0" methods="8" coveredmethods="0"/>
          <line num="1" count="0" type="stmt"/>
          <line num="2" count="0" type="stmt"/>
          <line num="3" count="0" type="stmt"/>
          <line num="7" count="0" type="stmt"/>
          <line num="9" count="0" type="stmt"/>
          <line num="10" count="0" type="cond" truecount="0" falsecount="2"/>
          <line num="11" count="0" type="stmt"/>
          <line num="13" count="0" type="stmt"/>
          <line num="16" count="0" type="stmt"/>
          <line num="17" count="0" type="cond" truecount="0" falsecount="4"/>
          <line num="18" count="0" type="stmt"/>
          <line num="22" count="0" type="stmt"/>
          <line num="23" count="0" type="stmt"/>
          <line num="24" count="0" type="stmt"/>
          <line num="36" count="0" type="stmt"/>
          <line num="40" count="0" type="cond" truecount="0" falsecount="2"/>
          <line num="41" count="0" type="stmt"/>
          <line num="42" count="0" type="stmt"/>
          <line num="45" count="0" type="stmt"/>
          <line num="46" count="0" type="cond" truecount="0" falsecount="2"/>
          <line num="47" count="0" type="stmt"/>
          <line num="49" count="0" type="stmt"/>
          <line num="54" count="0" type="stmt"/>
          <line num="55" count="0" type="stmt"/>
          <line num="60" count="0" type="stmt"/>
          <line num="61" count="0" type="stmt"/>
          <line num="63" count="0" type="stmt"/>
          <line num="64" count="0" type="stmt"/>
          <line num="65" count="0" type="stmt"/>
          <line num="70" count="0" type="stmt"/>
        </file>
        <file name="webpackRequires.js" path="/Users/nico/Projects/who-maps/frontend/src/webpackRequires.js">
          <metrics statements="8" coveredstatements="4" conditionals="0" coveredconditionals="0" methods="4" coveredmethods="0"/>
          <line num="1" count="3" type="stmt"/>
          <line num="2" count="0" type="stmt"/>
          <line num="4" count="3" type="stmt"/>
          <line num="5" count="0" type="stmt"/>
          <line num="8" count="3" type="stmt"/>
          <line num="9" count="0" type="stmt"/>
          <line num="11" count="3" type="stmt"/>
          <line num="12" count="0" type="stmt"/>
        </file>
      </package>
      <package name="src.App">
        <metrics statements="185" coveredstatements="124" conditionals="49" coveredconditionals="27" methods="48" coveredmethods="36"/>
        <file name="AppModuleController.js" path="/Users/nico/Projects/who-maps/frontend/src/App/AppModuleController.js">
          <metrics statements="32" coveredstatements="29" conditionals="11" coveredconditionals="6" methods="12" coveredmethods="11"/>
          <line num="7" count="8" type="stmt"/>
          <line num="8" count="8" type="stmt"/>
          <line num="9" count="8" type="stmt"/>
          <line num="10" count="8" type="stmt"/>
          <line num="11" count="8" type="stmt"/>
          <line num="12" count="8" type="stmt"/>
          <line num="13" count="8" type="stmt"/>
          <line num="14" count="8" type="stmt"/>
          <line num="15" count="8" type="stmt"/>
          <line num="16" count="8" type="stmt"/>
          <line num="20" count="1" type="stmt"/>
          <line num="24" count="1" type="cond" truecount="1" falsecount="1"/>
          <line num="25" count="1" type="stmt"/>
          <line num="26" count="1" type="stmt"/>
          <line num="27" count="1" type="stmt"/>
          <line num="36" count="1" type="stmt"/>
          <line num="37" count="1" type="stmt"/>
          <line num="38" count="1" type="stmt"/>
          <line num="39" count="1" type="stmt"/>
          <line num="43" count="1" type="stmt"/>
          <line num="47" count="0" type="cond" truecount="0" falsecount="4"/>
          <line num="48" count="0" type="stmt"/>
          <line num="49" count="0" type="stmt"/>
          <line num="54" count="8" type="stmt"/>
          <line num="64" count="2" type="cond" truecount="5" falsecount="0"/>
          <line num="71" count="1" type="stmt"/>
          <line num="72" count="1" type="stmt"/>
          <line num="74" count="1" type="stmt"/>
          <line num="75" count="1" type="stmt"/>
          <line num="81" count="8" type="stmt"/>
          <line num="84" count="8" type="stmt"/>
          <line num="86" count="8" type="stmt"/>
        </file>
        <file name="SystemController.js" path="/Users/nico/Projects/who-maps/frontend/src/App/SystemController.js">
          <metrics statements="20" coveredstatements="20" conditionals="2" coveredconditionals="1" methods="11" coveredmethods="11"/>
          <line num="5" count="9" type="stmt"/>
          <line num="6" count="9" type="stmt"/>
          <line num="7" count="9" type="stmt"/>
          <line num="8" count="9" type="stmt"/>
          <line num="9" count="9" type="stmt"/>
          <line num="10" count="9" type="stmt"/>
          <line num="11" count="9" type="stmt"/>
          <line num="15" count="1" type="stmt"/>
          <line num="19" count="1" type="cond" truecount="1" falsecount="1"/>
          <line num="20" count="1" type="stmt"/>
          <line num="29" count="1" type="stmt"/>
          <line num="33" count="1" type="stmt"/>
          <line num="37" count="1" type="stmt"/>
          <line num="38" count="1" type="stmt"/>
          <line num="40" count="3" type="stmt"/>
          <line num="45" count="1" type="stmt"/>
          <line num="49" count="1" type="stmt"/>
          <line num="54" count="9" type="stmt"/>
          <line num="57" count="9" type="stmt"/>
          <line num="59" count="9" type="stmt"/>
        </file>
        <file name="app-config.js" path="/Users/nico/Projects/who-maps/frontend/src/App/app-config.js">
          <metrics statements="41" coveredstatements="27" conditionals="6" coveredconditionals="0" methods="6" coveredmethods="5"/>
          <line num="10" count="1" type="stmt"/>
          <line num="13" count="1" type="stmt"/>
          <line num="14" count="1" type="stmt"/>
          <line num="15" count="1" type="stmt"/>
          <line num="16" count="1" type="stmt"/>
          <line num="17" count="1" type="stmt"/>
          <line num="18" count="1" type="stmt"/>
          <line num="22" count="1" type="stmt"/>
          <line num="26" count="1" type="stmt"/>
          <line num="27" count="1" type="stmt"/>
          <line num="28" count="1" type="stmt"/>
          <line num="29" count="1" type="stmt"/>
          <line num="30" count="1" type="stmt"/>
          <line num="31" count="1" type="stmt"/>
          <line num="32" count="1" type="stmt"/>
          <line num="33" count="1" type="stmt"/>
          <line num="37" count="1" type="stmt"/>
          <line num="38" count="1" type="stmt"/>
          <line num="39" count="1" type="stmt"/>
          <line num="40" count="1" type="stmt"/>
          <line num="41" count="1" type="stmt"/>
          <line num="42" count="1" type="stmt"/>
          <line num="43" count="1" type="stmt"/>
          <line num="47" count="1" type="stmt"/>
          <line num="48" count="1" type="stmt"/>
          <line num="51" count="1" type="stmt"/>
          <line num="53" count="0" type="stmt"/>
          <line num="55" count="0" type="stmt"/>
          <line num="155" count="0" type="stmt"/>
          <line num="156" count="0" type="stmt"/>
          <line num="157" count="0" type="stmt"/>
          <line num="159" count="0" type="stmt"/>
          <line num="167" count="0" type="cond" truecount="0" falsecount="2"/>
          <line num="168" count="0" type="stmt"/>
          <line num="169" count="0" type="stmt"/>
          <line num="170" count="0" type="stmt"/>
          <line num="172" count="0" type="stmt"/>
          <line num="175" count="0" type="stmt"/>
          <line num="176" count="0" type="cond" truecount="0" falsecount="2"/>
          <line num="177" count="0" type="stmt"/>
          <line num="180" count="1" type="stmt"/>
        </file>
        <file name="app-run.js" path="/Users/nico/Projects/who-maps/frontend/src/App/app-run.js">
          <metrics statements="61" coveredstatements="48" conditionals="30" coveredconditionals="20" methods="15" coveredmethods="9"/>
          <line num="8" count="1" type="stmt"/>
          <line num="11" count="3" type="cond" truecount="4" falsecount="1"/>
          <line num="12" count="1" type="stmt"/>
          <line num="13" count="1" type="cond" truecount="1" falsecount="1"/>
          <line num="14" count="1" type="stmt"/>
          <line num="20" count="3" type="cond" truecount="6" falsecount="0"/>
          <line num="21" count="1" type="stmt"/>
          <line num="22" count="1" type="stmt"/>
          <line num="24" count="2" type="stmt"/>
          <line num="28" count="1" type="stmt"/>
          <line num="29" count="1" type="cond" truecount="2" falsecount="2"/>
          <line num="30" count="0" type="stmt"/>
          <line num="35" count="2" type="stmt"/>
          <line num="36" count="2" type="cond" truecount="1" falsecount="1"/>
          <line num="37" count="2" type="stmt"/>
          <line num="41" count="1" type="stmt"/>
          <line num="42" count="1" type="stmt"/>
          <line num="43" count="1" type="stmt"/>
          <line num="44" count="1" type="stmt"/>
          <line num="45" count="1" type="stmt"/>
          <line num="46" count="1" type="stmt"/>
          <line num="47" count="1" type="stmt"/>
          <line num="49" count="1" type="stmt"/>
          <line num="50" count="1" type="stmt"/>
          <line num="51" count="1" type="stmt"/>
          <line num="54" count="1" type="stmt"/>
          <line num="55" count="1" type="stmt"/>
          <line num="56" count="1" type="stmt"/>
          <line num="57" count="1" type="stmt"/>
          <line num="60" count="1" type="stmt"/>
          <line num="61" count="1" type="stmt"/>
          <line num="64" count="1" type="stmt"/>
          <line num="65" count="2" type="stmt"/>
          <line num="66" count="2" type="stmt"/>
          <line num="67" count="2" type="stmt"/>
          <line num="68" count="2" type="stmt"/>
          <line num="69" count="2" type="cond" truecount="4" falsecount="0"/>
          <line num="70" count="1" type="stmt"/>
          <line num="72" count="1" type="cond" truecount="2" falsecount="3"/>
          <line num="73" count="0" type="stmt"/>
          <line num="75" count="1" type="stmt"/>
          <line num="78" count="1" type="stmt"/>
          <line num="79" count="0" type="stmt"/>
          <line num="88" count="1" type="stmt"/>
          <line num="89" count="0" type="stmt"/>
          <line num="90" count="0" type="stmt"/>
          <line num="91" count="0" type="stmt"/>
          <line num="93" count="0" type="stmt"/>
          <line num="102" count="0" type="stmt"/>
          <line num="103" count="0" type="stmt"/>
          <line num="104" count="0" type="stmt"/>
          <line num="107" count="1" type="stmt"/>
          <line num="108" count="0" type="cond" truecount="0" falsecount="2"/>
          <line num="109" count="0" type="stmt"/>
          <line num="113" count="1" type="stmt"/>
          <line num="114" count="1" type="stmt"/>
          <line num="116" count="1" type="stmt"/>
          <line num="117" count="0" type="stmt"/>
          <line num="120" count="1" type="stmt"/>
          <line num="122" count="1" type="stmt"/>
          <line num="125" count="1" type="stmt"/>
        </file>
        <file name="appComponent.js" path="/Users/nico/Projects/who-maps/frontend/src/App/appComponent.js">
          <metrics statements="3" coveredstatements="0" conditionals="0" coveredconditionals="0" methods="0" coveredmethods="0"/>
          <line num="1" count="0" type="stmt"/>
          <line num="2" count="0" type="stmt"/>
          <line num="4" count="0" type="stmt"/>
        </file>
        <file name="appModule.js" path="/Users/nico/Projects/who-maps/frontend/src/App/appModule.js">
          <metrics statements="28" coveredstatements="0" conditionals="0" coveredconditionals="0" methods="4" coveredmethods="0"/>
          <line num="2" count="0" type="stmt"/>
          <line num="3" count="0" type="stmt"/>
          <line num="4" count="0" type="stmt"/>
          <line num="5" count="0" type="stmt"/>
          <line num="6" count="0" type="stmt"/>
          <line num="7" count="0" type="stmt"/>
          <line num="8" count="0" type="stmt"/>
          <line num="9" count="0" type="stmt"/>
          <line num="10" count="0" type="stmt"/>
          <line num="11" count="0" type="stmt"/>
          <line num="12" count="0" type="stmt"/>
          <line num="13" count="0" type="stmt"/>
          <line num="14" count="0" type="stmt"/>
          <line num="15" count="0" type="stmt"/>
          <line num="16" count="0" type="stmt"/>
          <line num="17" count="0" type="stmt"/>
          <line num="18" count="0" type="stmt"/>
          <line num="19" count="0" type="stmt"/>
          <line num="20" count="0" type="stmt"/>
          <line num="22" count="0" type="stmt"/>
          <line num="24" count="0" type="stmt"/>
          <line num="25" count="0" type="stmt"/>
          <line num="29" count="0" type="stmt"/>
          <line num="31" count="0" type="stmt"/>
          <line num="34" count="0" type="stmt"/>
          <line num="35" count="0" type="stmt"/>
          <line num="36" count="0" type="stmt"/>
          <line num="42" count="0" type="stmt"/>
        </file>
      </package>
      <package name="src.Assessment">
        <metrics statements="96" coveredstatements="21" conditionals="25" coveredconditionals="0" methods="34" coveredmethods="8"/>
        <file name="AssessmentModuleController.js" path="/Users/nico/Projects/who-maps/frontend/src/Assessment/AssessmentModuleController.js">
          <metrics statements="74" coveredstatements="21" conditionals="25" coveredconditionals="0" methods="25" coveredmethods="8"/>
          <line num="11" count="5" type="stmt"/>
          <line num="12" count="5" type="stmt"/>
          <line num="13" count="5" type="stmt"/>
          <line num="14" count="5" type="stmt"/>
          <line num="15" count="5" type="stmt"/>
          <line num="16" count="5" type="stmt"/>
          <line num="17" count="5" type="stmt"/>
          <line num="18" count="5" type="stmt"/>
          <line num="19" count="5" type="stmt"/>
          <line num="20" count="5" type="stmt"/>
          <line num="21" count="5" type="stmt"/>
          <line num="25" count="0" type="stmt"/>
          <line num="26" count="0" type="cond" truecount="0" falsecount="2"/>
          <line num="28" count="0" type="stmt"/>
          <line num="42" count="0" type="stmt"/>
          <line num="43" count="0" type="stmt"/>
          <line num="44" count="0" type="stmt"/>
          <line num="46" count="0" type="stmt"/>
          <line num="47" count="0" type="stmt"/>
          <line num="52" count="0" type="stmt"/>
          <line num="53" count="0" type="stmt"/>
          <line num="54" count="0" type="stmt"/>
          <line num="55" count="0" type="stmt"/>
          <line num="56" count="0" type="stmt"/>
          <line num="60" count="0" type="stmt"/>
          <line num="61" count="0" type="stmt"/>
          <line num="62" count="0" type="stmt"/>
          <line num="67" count="1" type="stmt"/>
          <line num="68" count="0" type="stmt"/>
          <line num="69" count="0" type="stmt"/>
          <line num="71" count="1" type="stmt"/>
          <line num="72" count="1" type="stmt"/>
          <line num="73" count="1" type="stmt"/>
          <line num="78" count="0" type="stmt"/>
          <line num="79" count="0" type="stmt"/>
          <line num="83" count="0" type="stmt"/>
          <line num="84" count="0" type="stmt"/>
          <line num="88" count="0" type="cond" truecount="0" falsecount="5"/>
          <line num="89" count="0" type="stmt"/>
          <line num="90" count="0" type="stmt"/>
          <line num="95" count="0" type="cond" truecount="0" falsecount="4"/>
          <line num="96" count="0" type="stmt"/>
          <line num="98" count="0" type="stmt"/>
          <line num="99" count="0" type="stmt"/>
          <line num="100" count="0" type="stmt"/>
          <line num="106" count="0" type="stmt"/>
          <line num="110" count="1" type="stmt"/>
          <line num="114" count="0" type="cond" truecount="0" falsecount="4"/>
          <line num="115" count="0" type="stmt"/>
          <line num="118" count="0" type="cond" truecount="0" falsecount="2"/>
          <line num="119" count="0" type="stmt"/>
          <line num="120" count="0" type="stmt"/>
          <line num="122" count="0" type="stmt"/>
          <line num="123" count="0" type="stmt"/>
          <line num="124" count="0" type="stmt"/>
          <line num="125" count="0" type="stmt"/>
          <line num="127" count="0" type="stmt"/>
          <line num="129" count="0" type="stmt"/>
          <line num="130" count="0" type="stmt"/>
          <line num="131" count="0" type="cond" truecount="0" falsecount="2"/>
          <line num="133" count="0" type="stmt"/>
          <line num="134" count="0" type="stmt"/>
          <line num="135" count="0" type="cond" truecount="0" falsecount="2"/>
          <line num="136" count="0" type="stmt"/>
          <line num="138" count="0" type="cond" truecount="0" falsecount="2"/>
          <line num="140" count="0" type="stmt"/>
          <line num="142" count="0" type="cond" truecount="0" falsecount="2"/>
          <line num="147" count="0" type="stmt"/>
          <line num="149" count="0" type="stmt"/>
          <line num="153" count="1" type="stmt"/>
          <line num="157" count="1" type="stmt"/>
          <line num="162" count="5" type="stmt"/>
          <line num="165" count="5" type="stmt"/>
          <line num="167" count="5" type="stmt"/>
        </file>
        <file name="assessmentComponent.js" path="/Users/nico/Projects/who-maps/frontend/src/Assessment/assessmentComponent.js">
          <metrics statements="4" coveredstatements="0" conditionals="0" coveredconditionals="0" methods="0" coveredmethods="0"/>
          <line num="1" count="0" type="stmt"/>
          <line num="2" count="0" type="stmt"/>
          <line num="3" count="0" type="stmt"/>
          <line num="5" count="0" type="stmt"/>
        </file>
        <file name="assessmentModule.js" path="/Users/nico/Projects/who-maps/frontend/src/Assessment/assessmentModule.js">
          <metrics statements="18" coveredstatements="0" conditionals="0" coveredconditionals="0" methods="9" coveredmethods="0"/>
          <line num="1" count="0" type="stmt"/>
          <line num="2" count="0" type="stmt"/>
          <line num="3" count="0" type="stmt"/>
          <line num="4" count="0" type="stmt"/>
          <line num="5" count="0" type="stmt"/>
          <line num="8" count="0" type="stmt"/>
          <line num="9" count="0" type="stmt"/>
          <line num="12" count="0" type="stmt"/>
          <line num="24" count="0" type="stmt"/>
          <line num="27" count="0" type="stmt"/>
          <line num="30" count="0" type="stmt"/>
          <line num="33" count="0" type="stmt"/>
          <line num="36" count="0" type="stmt"/>
          <line num="50" count="0" type="stmt"/>
          <line num="53" count="0" type="stmt"/>
          <line num="56" count="0" type="stmt"/>
          <line num="62" count="0" type="stmt"/>
          <line num="64" count="0" type="stmt"/>
        </file>
      </package>
      <package name="src.Assessment.Linechart">
        <metrics statements="126" coveredstatements="24" conditionals="50" coveredconditionals="0" methods="31" coveredmethods="4"/>
        <file name="LinechartController.js" path="/Users/nico/Projects/who-maps/frontend/src/Assessment/Linechart/LinechartController.js">
          <metrics statements="123" coveredstatements="24" conditionals="50" coveredconditionals="0" methods="31" coveredmethods="4"/>
          <line num="9" count="2" type="stmt"/>
          <line num="10" count="2" type="stmt"/>
          <line num="11" count="2" type="stmt"/>
          <line num="12" count="2" type="stmt"/>
          <line num="13" count="2" type="stmt"/>
          <line num="14" count="2" type="stmt"/>
          <line num="15" count="2" type="stmt"/>
          <line num="16" count="2" type="stmt"/>
          <line num="17" count="2" type="stmt"/>
          <line num="18" count="2" type="stmt"/>
          <line num="19" count="2" type="stmt"/>
          <line num="20" count="2" type="stmt"/>
          <line num="21" count="2" type="stmt"/>
          <line num="22" count="2" type="stmt"/>
          <line num="26" count="1" type="stmt"/>
          <line num="27" count="1" type="stmt"/>
          <line num="28" count="1" type="stmt"/>
          <line num="29" count="1" type="stmt"/>
          <line num="30" count="1" type="stmt"/>
          <line num="34" count="0" type="stmt"/>
          <line num="35" count="0" type="cond" truecount="0" falsecount="2"/>
          <line num="36" count="0" type="stmt"/>
          <line num="41" count="0" type="stmt"/>
          <line num="42" count="0" type="cond" truecount="0" falsecount="2"/>
          <line num="43" count="0" type="stmt"/>
          <line num="44" count="0" type="cond" truecount="0" falsecount="2"/>
          <line num="45" count="0" type="stmt"/>
          <line num="47" count="0" type="stmt"/>
          <line num="50" count="0" type="stmt"/>
          <line num="56" count="0" type="stmt"/>
          <line num="57" count="0" type="stmt"/>
          <line num="58" count="0" type="stmt"/>
          <line num="59" count="0" type="stmt"/>
          <line num="60" count="0" type="stmt"/>
          <line num="61" count="0" type="stmt"/>
          <line num="62" count="0" type="stmt"/>
          <line num="63" count="0" type="stmt"/>
          <line num="67" count="0" type="stmt"/>
          <line num="68" count="0" type="stmt"/>
          <line num="69" count="0" type="stmt"/>
          <line num="70" count="0" type="stmt"/>
          <line num="71" count="0" type="stmt"/>
          <line num="75" count="0" type="stmt"/>
          <line num="76" count="0" type="stmt"/>
          <line num="79" count="0" type="stmt"/>
          <line num="80" count="0" type="stmt"/>
          <line num="81" count="0" type="stmt"/>
          <line num="82" count="0" type="stmt"/>
          <line num="83" count="0" type="stmt"/>
          <line num="84" count="0" type="stmt"/>
          <line num="88" count="0" type="stmt"/>
          <line num="89" count="0" type="stmt"/>
          <line num="90" count="0" type="stmt"/>
          <line num="91" count="0" type="stmt"/>
          <line num="96" count="0" type="stmt"/>
          <line num="97" count="0" type="cond" truecount="0" falsecount="4"/>
          <line num="98" count="0" type="stmt"/>
          <line num="99" count="0" type="cond" truecount="0" falsecount="2"/>
          <line num="100" count="0" type="stmt"/>
          <line num="105" count="0" type="stmt"/>
          <line num="106" count="0" type="stmt"/>
          <line num="107" count="0" type="cond" truecount="0" falsecount="4"/>
          <line num="108" count="0" type="cond" truecount="0" falsecount="2"/>
          <line num="111" count="0" type="stmt"/>
          <line num="116" count="0" type="stmt"/>
          <line num="120" count="0" type="stmt"/>
          <line num="121" count="0" type="cond" truecount="0" falsecount="4"/>
          <line num="122" count="0" type="cond" truecount="0" falsecount="4"/>
          <line num="124" count="0" type="stmt"/>
          <line num="129" count="0" type="stmt"/>
          <line num="130" count="0" type="stmt"/>
          <line num="133" count="0" type="stmt"/>
          <line num="134" count="0" type="stmt"/>
          <line num="138" count="0" type="stmt"/>
          <line num="144" count="0" type="stmt"/>
          <line num="145" count="0" type="stmt"/>
          <line num="147" count="0" type="stmt"/>
          <line num="151" count="0" type="stmt"/>
          <line num="156" count="0" type="cond" truecount="0" falsecount="2"/>
          <line num="157" count="0" type="stmt"/>
          <line num="161" count="0" type="stmt"/>
          <line num="164" count="0" type="stmt"/>
          <line num="168" count="0" type="stmt"/>
          <line num="172" count="0" type="stmt"/>
          <line num="176" count="0" type="cond" truecount="0" falsecount="2"/>
          <line num="178" count="0" type="stmt"/>
          <line num="182" count="0" type="stmt"/>
          <line num="183" count="0" type="cond" truecount="0" falsecount="2"/>
          <line num="187" count="0" type="stmt"/>
          <line num="193" count="0" type="stmt"/>
          <line num="199" count="0" type="stmt"/>
          <line num="205" count="0" type="stmt"/>
          <line num="206" count="0" type="stmt"/>
          <line num="215" count="0" type="stmt"/>
          <line num="216" count="0" type="stmt"/>
          <line num="217" count="0" type="stmt"/>
          <line num="218" count="0" type="cond" truecount="0" falsecount="2"/>
          <line num="221" count="0" type="stmt"/>
          <line num="226" count="0" type="cond" truecount="0" falsecount="2"/>
          <line num="227" count="0" type="stmt"/>
          <line num="234" count="0" type="cond" truecount="0" falsecount="2"/>
          <line num="236" count="0" type="stmt"/>
          <line num="237" count="0" type="stmt"/>
          <line num="238" count="0" type="stmt"/>
          <line num="244" count="0" type="stmt"/>
          <line num="249" count="0" type="cond" truecount="0" falsecount="2"/>
          <line num="251" count="0" type="stmt"/>
          <line num="257" count="0" type="stmt"/>
          <line num="262" count="0" type="stmt"/>
          <line num="263" count="0" type="stmt"/>
          <line num="265" count="0" type="stmt"/>
          <line num="268" count="0" type="stmt"/>
          <line num="275" count="0" type="cond" truecount="0" falsecount="2"/>
          <line num="276" count="0" type="stmt"/>
          <line num="278" count="0" type="stmt"/>
          <line num="286" count="0" type="stmt"/>
          <line num="287" count="0" type="stmt"/>
          <line num="288" count="0" type="stmt"/>
          <line num="292" count="2" type="stmt"/>
          <line num="293" count="2" type="stmt"/>
          <line num="296" count="2" type="stmt"/>
          <line num="299" count="2" type="stmt"/>
          <line num="301" count="2" type="stmt"/>
        </file>
        <file name="linechart.js" path="/Users/nico/Projects/who-maps/frontend/src/Assessment/Linechart/linechart.js">
          <metrics statements="3" coveredstatements="0" conditionals="0" coveredconditionals="0" methods="0" coveredmethods="0"/>
          <line num="1" count="0" type="stmt"/>
          <line num="2" count="0" type="stmt"/>
          <line num="4" count="0" type="stmt"/>
        </file>
      </package>
      <package name="src.Assessment.Statistics">
        <metrics statements="22" coveredstatements="0" conditionals="2" coveredconditionals="0" methods="2" coveredmethods="0"/>
        <file name="StatisticsController.js" path="/Users/nico/Projects/who-maps/frontend/src/Assessment/Statistics/StatisticsController.js">
          <metrics statements="19" coveredstatements="0" conditionals="2" coveredconditionals="0" methods="2" coveredmethods="0"/>
          <line num="1" count="0" type="stmt"/>
          <line num="2" count="0" type="stmt"/>
          <line num="5" count="0" type="stmt"/>
          <line num="6" count="0" type="stmt"/>
          <line num="7" count="0" type="stmt"/>
          <line num="8" count="0" type="stmt"/>
          <line num="9" count="0" type="stmt"/>
          <line num="10" count="0" type="stmt"/>
          <line num="11" count="0" type="stmt"/>
          <line num="15" count="0" type="stmt"/>
          <line num="16" count="0" type="cond" truecount="0" falsecount="2"/>
          <line num="18" count="0" type="stmt"/>
          <line num="26" count="0" type="stmt"/>
          <line num="30" count="0" type="stmt"/>
          <line num="34" count="0" type="stmt"/>
          <line num="38" count="0" type="stmt"/>
          <line num="43" count="0" type="stmt"/>
          <line num="46" count="0" type="stmt"/>
          <line num="48" count="0" type="stmt"/>
        </file>
        <file name="statisticsComponent.js" path="/Users/nico/Projects/who-maps/frontend/src/Assessment/Statistics/statisticsComponent.js">
          <metrics statements="3" coveredstatements="0" conditionals="0" coveredconditionals="0" methods="0" coveredmethods="0"/>
          <line num="1" count="0" type="stmt"/>
          <line num="2" count="0" type="stmt"/>
          <line num="3" count="0" type="stmt"/>
        </file>
      </package>
      <package name="src.Cms">
        <metrics statements="55" coveredstatements="34" conditionals="10" coveredconditionals="9" methods="10" coveredmethods="6"/>
        <file name="cmsModule.js" path="/Users/nico/Projects/who-maps/frontend/src/Cms/cmsModule.js">
          <metrics statements="21" coveredstatements="0" conditionals="0" coveredconditionals="0" methods="4" coveredmethods="0"/>
          <line num="1" count="0" type="stmt"/>
          <line num="2" count="0" type="stmt"/>
          <line num="3" count="0" type="stmt"/>
          <line num="4" count="0" type="stmt"/>
          <line num="5" count="0" type="stmt"/>
          <line num="7" count="0" type="stmt"/>
          <line num="8" count="0" type="stmt"/>
          <line num="9" count="0" type="stmt"/>
          <line num="10" count="0" type="stmt"/>
          <line num="11" count="0" type="stmt"/>
          <line num="12" count="0" type="stmt"/>
          <line num="13" count="0" type="stmt"/>
          <line num="14" count="0" type="stmt"/>
          <line num="16" count="0" type="stmt"/>
          <line num="17" count="0" type="stmt"/>
          <line num="20" count="0" type="stmt"/>
          <line num="32" count="0" type="stmt"/>
          <line num="35" count="0" type="stmt"/>
          <line num="38" count="0" type="stmt"/>
          <line num="45" count="0" type="stmt"/>
          <line num="47" count="0" type="stmt"/>
        </file>
        <file name="utilities.js" path="/Users/nico/Projects/who-maps/frontend/src/Cms/utilities.js">
          <metrics statements="34" coveredstatements="34" conditionals="10" coveredconditionals="9" methods="6" coveredmethods="6"/>
          <line num="3" count="4" type="stmt"/>
          <line num="5" count="1" type="stmt"/>
          <line num="8" count="4" type="stmt"/>
          <line num="9" count="4" type="cond" truecount="2" falsecount="0"/>
          <line num="10" count="3" type="stmt"/>
          <line num="11" count="3" type="stmt"/>
          <line num="13" count="1" type="stmt"/>
          <line num="16" count="4" type="stmt"/>
          <line num="17" count="3" type="cond" truecount="2" falsecount="0"/>
          <line num="18" count="1" type="stmt"/>
          <line num="20" count="2" type="cond" truecount="2" falsecount="0"/>
          <line num="21" count="1" type="stmt"/>
          <line num="28" count="1" type="cond" truecount="1" falsecount="1"/>
          <line num="29" count="1" type="stmt"/>
          <line num="30" count="1" type="stmt"/>
          <line num="31" count="1" type="stmt"/>
          <line num="34" count="1" type="stmt"/>
          <line num="35" count="1" type="stmt"/>
          <line num="36" count="2" type="stmt"/>
          <line num="39" count="1" type="stmt"/>
          <line num="40" count="3" type="stmt"/>
          <line num="41" count="3" type="stmt"/>
          <line num="42" count="3" type="cond" truecount="2" falsecount="0"/>
          <line num="43" count="2" type="stmt"/>
          <line num="45" count="1" type="stmt"/>
          <line num="49" count="3" type="stmt"/>
          <line num="50" count="3" type="stmt"/>
          <line num="52" count="3" type="stmt"/>
          <line num="54" count="1" type="stmt"/>
          <line num="57" count="4" type="stmt"/>
          <line num="58" count="3" type="stmt"/>
          <line num="61" count="4" type="stmt"/>
          <line num="62" count="5" type="stmt"/>
          <line num="63" count="3" type="stmt"/>
        </file>
      </package>
      <package name="src.Cms.AddNewContent">
        <metrics statements="36" coveredstatements="28" conditionals="8" coveredconditionals="5" methods="13" coveredmethods="11"/>
        <file name="AddNewContentController.js" path="/Users/nico/Projects/who-maps/frontend/src/Cms/AddNewContent/AddNewContentController.js">
          <metrics statements="33" coveredstatements="28" conditionals="8" coveredconditionals="5" methods="13" coveredmethods="11"/>
          <line num="7" count="6" type="stmt"/>
          <line num="8" count="6" type="stmt"/>
          <line num="9" count="6" type="stmt"/>
          <line num="10" count="6" type="stmt"/>
          <line num="11" count="6" type="stmt"/>
          <line num="12" count="6" type="stmt"/>
          <line num="13" count="6" type="stmt"/>
          <line num="14" count="6" type="stmt"/>
          <line num="18" count="0" type="stmt"/>
          <line num="27" count="1" type="stmt"/>
          <line num="31" count="3" type="cond" truecount="4" falsecount="0"/>
          <line num="32" count="2" type="stmt"/>
          <line num="33" count="2" type="stmt"/>
          <line num="34" count="2" type="stmt"/>
          <line num="36" count="0" type="stmt"/>
          <line num="37" count="0" type="stmt"/>
          <line num="40" count="1" type="cond" truecount="1" falsecount="1"/>
          <line num="41" count="1" type="stmt"/>
          <line num="43" count="1" type="stmt"/>
          <line num="48" count="2" type="stmt"/>
          <line num="52" count="1" type="stmt"/>
          <line num="56" count="1" type="stmt"/>
          <line num="67" count="6" type="stmt"/>
          <line num="70" count="6" type="stmt"/>
          <line num="71" count="6" type="stmt"/>
          <line num="77" count="2" type="stmt"/>
          <line num="78" count="2" type="stmt"/>
          <line num="82" count="0" type="cond" truecount="0" falsecount="2"/>
          <line num="84" count="0" type="stmt"/>
          <line num="95" count="2" type="stmt"/>
          <line num="98" count="2" type="stmt"/>
          <line num="101" count="2" type="stmt"/>
          <line num="102" count="2" type="stmt"/>
        </file>
        <file name="addNewContentComponent.js" path="/Users/nico/Projects/who-maps/frontend/src/Cms/AddNewContent/addNewContentComponent.js">
          <metrics statements="3" coveredstatements="0" conditionals="0" coveredconditionals="0" methods="0" coveredmethods="0"/>
          <line num="1" count="0" type="stmt"/>
          <line num="2" count="0" type="stmt"/>
          <line num="4" count="0" type="stmt"/>
        </file>
      </package>
      <package name="src.Cms.CommentWidget">
        <metrics statements="27" coveredstatements="22" conditionals="4" coveredconditionals="3" methods="12" coveredmethods="10"/>
        <file name="CommentWidgetController.js" path="/Users/nico/Projects/who-maps/frontend/src/Cms/CommentWidget/CommentWidgetController.js">
          <metrics statements="24" coveredstatements="22" conditionals="4" coveredconditionals="3" methods="12" coveredmethods="10"/>
          <line num="9" count="8" type="stmt"/>
          <line num="10" count="8" type="stmt"/>
          <line num="11" count="8" type="stmt"/>
          <line num="12" count="8" type="stmt"/>
          <line num="13" count="8" type="stmt"/>
          <line num="14" count="8" type="stmt"/>
          <line num="15" count="8" type="stmt"/>
          <line num="18" count="8" type="stmt"/>
          <line num="19" count="8" type="stmt"/>
          <line num="23" count="0" type="stmt"/>
          <line num="27" count="0" type="stmt"/>
          <line num="35" count="2" type="stmt"/>
          <line num="39" count="2" type="stmt"/>
          <line num="40" count="2" type="cond" truecount="2" falsecount="0"/>
          <line num="44" count="1" type="stmt"/>
          <line num="45" count="1" type="cond" truecount="1" falsecount="1"/>
          <line num="46" count="1" type="stmt"/>
          <line num="51" count="1" type="stmt"/>
          <line num="52" count="1" type="stmt"/>
          <line num="56" count="2" type="stmt"/>
          <line num="60" count="8" type="stmt"/>
          <line num="62" count="8" type="stmt"/>
          <line num="64" count="8" type="stmt"/>
          <line num="65" count="8" type="stmt"/>
        </file>
        <file name="commentWidgetComponent.js" path="/Users/nico/Projects/who-maps/frontend/src/Cms/CommentWidget/commentWidgetComponent.js">
          <metrics statements="3" coveredstatements="0" conditionals="0" coveredconditionals="0" methods="0" coveredmethods="0"/>
          <line num="1" count="0" type="stmt"/>
          <line num="2" count="0" type="stmt"/>
          <line num="4" count="0" type="stmt"/>
        </file>
      </package>
      <package name="src.Cms.DashboardWidget">
        <metrics statements="46" coveredstatements="40" conditionals="21" coveredconditionals="20" methods="21" coveredmethods="20"/>
        <file name="DashboardWidgetController.js" path="/Users/nico/Projects/who-maps/frontend/src/Cms/DashboardWidget/DashboardWidgetController.js">
          <metrics statements="43" coveredstatements="40" conditionals="21" coveredconditionals="20" methods="21" coveredmethods="20"/>
          <line num="8" count="8" type="stmt"/>
          <line num="9" count="8" type="stmt"/>
          <line num="10" count="8" type="stmt"/>
          <line num="11" count="8" type="stmt"/>
          <line num="12" count="8" type="stmt"/>
          <line num="16" count="2" type="stmt"/>
          <line num="17" count="2" type="stmt"/>
          <line num="18" count="2" type="stmt"/>
          <line num="19" count="2" type="stmt"/>
          <line num="20" count="2" type="stmt"/>
          <line num="24" count="0" type="stmt"/>
          <line num="25" count="0" type="stmt"/>
          <line num="26" count="0" type="stmt"/>
          <line num="35" count="3" type="stmt"/>
          <line num="36" count="3" type="cond" truecount="5" falsecount="0"/>
          <line num="37" count="1" type="stmt"/>
          <line num="38" count="1" type="stmt"/>
          <line num="42" count="3" type="stmt"/>
          <line num="46" count="3" type="cond" truecount="4" falsecount="0"/>
          <line num="47" count="1" type="stmt"/>
          <line num="48" count="4" type="cond" truecount="2" falsecount="0"/>
          <line num="49" count="4" type="cond" truecount="2" falsecount="0"/>
          <line num="50" count="4" type="cond" truecount="2" falsecount="0"/>
          <line num="55" count="1" type="stmt"/>
          <line num="56" count="1" type="stmt"/>
          <line num="57" count="1" type="cond" truecount="1" falsecount="1"/>
          <line num="58" count="1" type="stmt"/>
          <line num="59" count="6" type="stmt"/>
          <line num="61" count="1" type="stmt"/>
          <line num="62" count="1" type="stmt"/>
          <line num="64" count="1" type="stmt"/>
          <line num="69" count="3" type="stmt"/>
          <line num="70" count="2" type="cond" truecount="2" falsecount="0"/>
          <line num="71" count="1" type="stmt"/>
          <line num="73" count="2" type="stmt"/>
          <line num="77" count="3" type="stmt"/>
          <line num="78" count="2" type="cond" truecount="2" falsecount="0"/>
          <line num="79" count="1" type="stmt"/>
          <line num="81" count="2" type="stmt"/>
          <line num="85" count="8" type="stmt"/>
          <line num="87" count="8" type="stmt"/>
          <line num="89" count="8" type="stmt"/>
          <line num="90" count="8" type="stmt"/>
        </file>
        <file name="dashboardWidgetComponent.js" path="/Users/nico/Projects/who-maps/frontend/src/Cms/DashboardWidget/dashboardWidgetComponent.js">
          <metrics statements="3" coveredstatements="0" conditionals="0" coveredconditionals="0" methods="0" coveredmethods="0"/>
          <line num="1" count="0" type="stmt"/>
          <line num="2" count="0" type="stmt"/>
          <line num="4" count="0" type="stmt"/>
        </file>
      </package>
      <package name="src.Cms.DetailElement">
        <metrics statements="47" coveredstatements="43" conditionals="10" coveredconditionals="10" methods="21" coveredmethods="20"/>
        <file name="DetailElementController.js" path="/Users/nico/Projects/who-maps/frontend/src/Cms/DetailElement/DetailElementController.js">
          <metrics statements="44" coveredstatements="43" conditionals="10" coveredconditionals="10" methods="21" coveredmethods="20"/>
          <line num="10" count="11" type="stmt"/>
          <line num="11" count="11" type="stmt"/>
          <line num="12" count="11" type="stmt"/>
          <line num="13" count="11" type="stmt"/>
          <line num="14" count="11" type="stmt"/>
          <line num="15" count="11" type="stmt"/>
          <line num="16" count="11" type="stmt"/>
          <line num="17" count="11" type="stmt"/>
          <line num="18" count="11" type="stmt"/>
          <line num="19" count="11" type="stmt"/>
          <line num="23" count="13" type="stmt"/>
          <line num="24" count="13" type="stmt"/>
          <line num="28" count="13" type="stmt"/>
          <line num="32" count="0" type="stmt"/>
          <line num="39" count="14" type="stmt"/>
          <line num="43" count="16" type="cond" truecount="4" falsecount="0"/>
          <line num="44" count="2" type="stmt"/>
          <line num="45" count="2" type="stmt"/>
          <line num="47" count="2" type="cond" truecount="2" falsecount="0"/>
          <line num="48" count="1" type="stmt"/>
          <line num="50" count="1" type="stmt"/>
          <line num="56" count="1" type="stmt"/>
          <line num="60" count="1" type="stmt"/>
          <line num="64" count="2" type="stmt"/>
          <line num="65" count="2" type="cond" truecount="2" falsecount="0"/>
          <line num="66" count="1" type="stmt"/>
          <line num="71" count="1" type="stmt"/>
          <line num="72" count="1" type="stmt"/>
          <line num="76" count="2" type="stmt"/>
          <line num="80" count="1" type="stmt"/>
          <line num="81" count="1" type="stmt"/>
          <line num="86" count="11" type="stmt"/>
          <line num="89" count="12" type="stmt"/>
          <line num="90" count="12" type="stmt"/>
          <line num="96" count="4" type="stmt"/>
          <line num="100" count="3" type="cond" truecount="2" falsecount="0"/>
          <line num="101" count="1" type="stmt"/>
          <line num="106" count="1" type="stmt"/>
          <line num="107" count="1" type="stmt"/>
          <line num="114" count="1" type="stmt"/>
          <line num="119" count="4" type="stmt"/>
          <line num="122" count="4" type="stmt"/>
          <line num="125" count="4" type="stmt"/>
          <line num="126" count="4" type="stmt"/>
        </file>
        <file name="detailElementComponent.js" path="/Users/nico/Projects/who-maps/frontend/src/Cms/DetailElement/detailElementComponent.js">
          <metrics statements="3" coveredstatements="0" conditionals="0" coveredconditionals="0" methods="0" coveredmethods="0"/>
          <line num="1" count="0" type="stmt"/>
          <line num="2" count="0" type="stmt"/>
          <line num="4" count="0" type="stmt"/>
        </file>
      </package>
      <package name="src.Cms.ExperiencesList">
        <metrics statements="29" coveredstatements="19" conditionals="5" coveredconditionals="2" methods="11" coveredmethods="9"/>
        <file name="ExperiencesListController.js" path="/Users/nico/Projects/who-maps/frontend/src/Cms/ExperiencesList/ExperiencesListController.js">
          <metrics statements="26" coveredstatements="19" conditionals="5" coveredconditionals="2" methods="11" coveredmethods="9"/>
          <line num="5" count="5" type="stmt"/>
          <line num="6" count="5" type="stmt"/>
          <line num="7" count="5" type="stmt"/>
          <line num="8" count="5" type="stmt"/>
          <line num="12" count="1" type="stmt"/>
          <line num="13" count="1" type="stmt"/>
          <line num="17" count="0" type="stmt"/>
          <line num="18" count="0" type="stmt"/>
          <line num="19" count="0" type="stmt"/>
          <line num="20" count="0" type="stmt"/>
          <line num="22" count="0" type="stmt"/>
          <line num="30" count="0" type="stmt"/>
          <line num="39" count="1" type="stmt"/>
          <line num="40" count="1" type="stmt"/>
          <line num="42" count="1" type="stmt"/>
          <line num="43" count="4" type="cond" truecount="2" falsecount="0"/>
          <line num="49" count="1" type="stmt"/>
          <line num="50" count="1" type="stmt"/>
          <line num="51" count="1" type="stmt"/>
          <line num="52" count="1" type="stmt"/>
          <line num="53" count="1" type="stmt"/>
          <line num="57" count="0" type="cond" truecount="0" falsecount="3"/>
          <line num="61" count="5" type="stmt"/>
          <line num="63" count="5" type="stmt"/>
          <line num="65" count="5" type="stmt"/>
          <line num="66" count="5" type="stmt"/>
        </file>
        <file name="experiencesListComponent.js" path="/Users/nico/Projects/who-maps/frontend/src/Cms/ExperiencesList/experiencesListComponent.js">
          <metrics statements="3" coveredstatements="0" conditionals="0" coveredconditionals="0" methods="0" coveredmethods="0"/>
          <line num="1" count="0" type="stmt"/>
          <line num="2" count="0" type="stmt"/>
          <line num="4" count="0" type="stmt"/>
        </file>
      </package>
      <package name="src.Cms.ListElement">
        <metrics statements="22" coveredstatements="16" conditionals="0" coveredconditionals="0" methods="8" coveredmethods="5"/>
        <file name="ListElementController.js" path="/Users/nico/Projects/who-maps/frontend/src/Cms/ListElement/ListElementController.js">
          <metrics statements="19" coveredstatements="16" conditionals="0" coveredconditionals="0" methods="8" coveredmethods="5"/>
          <line num="6" count="5" type="stmt"/>
          <line num="7" count="5" type="stmt"/>
          <line num="8" count="5" type="stmt"/>
          <line num="9" count="5" type="stmt"/>
          <line num="10" count="5" type="stmt"/>
          <line num="11" count="5" type="stmt"/>
          <line num="15" count="0" type="stmt"/>
          <line num="21" count="0" type="stmt"/>
          <line num="25" count="0" type="stmt"/>
          <line num="29" count="1" type="stmt"/>
          <line num="30" count="1" type="stmt"/>
          <line num="34" count="1" type="stmt"/>
          <line num="35" count="1" type="stmt"/>
          <line num="36" count="1" type="stmt"/>
          <line num="37" count="1" type="stmt"/>
          <line num="41" count="5" type="stmt"/>
          <line num="43" count="5" type="stmt"/>
          <line num="45" count="5" type="stmt"/>
          <line num="46" count="5" type="stmt"/>
        </file>
        <file name="listElementComponent.js" path="/Users/nico/Projects/who-maps/frontend/src/Cms/ListElement/listElementComponent.js">
          <metrics statements="3" coveredstatements="0" conditionals="0" coveredconditionals="0" methods="0" coveredmethods="0"/>
          <line num="1" count="0" type="stmt"/>
          <line num="2" count="0" type="stmt"/>
          <line num="4" count="0" type="stmt"/>
        </file>
      </package>
      <package name="src.Cms.PlanningAndGuidance">
        <metrics statements="97" coveredstatements="41" conditionals="36" coveredconditionals="6" methods="43" coveredmethods="15"/>
        <file name="PlanningAndGuidanceController.js" path="/Users/nico/Projects/who-maps/frontend/src/Cms/PlanningAndGuidance/PlanningAndGuidanceController.js">
          <metrics statements="94" coveredstatements="41" conditionals="36" coveredconditionals="6" methods="43" coveredmethods="15"/>
          <line num="6" count="8" type="stmt"/>
          <line num="7" count="8" type="stmt"/>
          <line num="8" count="8" type="stmt"/>
          <line num="9" count="8" type="stmt"/>
          <line num="10" count="8" type="stmt"/>
          <line num="11" count="8" type="stmt"/>
          <line num="12" count="8" type="stmt"/>
          <line num="13" count="8" type="stmt"/>
          <line num="14" count="8" type="stmt"/>
          <line num="18" count="1" type="stmt"/>
          <line num="19" count="1" type="stmt"/>
          <line num="20" count="1" type="stmt"/>
          <line num="21" count="1" type="stmt"/>
          <line num="22" count="1" type="stmt"/>
          <line num="23" count="1" type="stmt"/>
          <line num="24" count="1" type="stmt"/>
          <line num="25" count="1" type="stmt"/>
          <line num="28" count="1" type="stmt"/>
          <line num="32" count="0" type="stmt"/>
          <line num="39" count="0" type="stmt"/>
          <line num="43" count="0" type="stmt"/>
          <line num="44" count="0" type="stmt"/>
          <line num="45" count="0" type="cond" truecount="0" falsecount="4"/>
          <line num="46" count="0" type="stmt"/>
          <line num="48" count="0" type="stmt"/>
          <line num="54" count="0" type="stmt"/>
          <line num="58" count="0" type="stmt"/>
          <line num="59" count="0" type="stmt"/>
          <line num="60" count="0" type="stmt"/>
          <line num="61" count="0" type="cond" truecount="0" falsecount="2"/>
          <line num="62" count="0" type="stmt"/>
          <line num="63" count="0" type="stmt"/>
          <line num="64" count="0" type="stmt"/>
          <line num="65" count="0" type="stmt"/>
          <line num="70" count="0" type="stmt"/>
          <line num="71" count="0" type="stmt"/>
          <line num="75" count="0" type="cond" truecount="0" falsecount="4"/>
          <line num="76" count="0" type="stmt"/>
          <line num="78" count="0" type="stmt"/>
          <line num="80" count="0" type="cond" truecount="0" falsecount="4"/>
          <line num="81" count="0" type="stmt"/>
          <line num="82" count="0" type="stmt"/>
          <line num="83" count="0" type="stmt"/>
          <line num="84" count="0" type="stmt"/>
          <line num="85" count="0" type="stmt"/>
          <line num="86" count="0" type="stmt"/>
          <line num="87" count="0" type="stmt"/>
          <line num="88" count="0" type="cond" truecount="0" falsecount="2"/>
          <line num="89" count="0" type="cond" truecount="0" falsecount="2"/>
          <line num="91" count="0" type="stmt"/>
          <line num="92" count="0" type="stmt"/>
          <line num="94" count="0" type="cond" truecount="0" falsecount="5"/>
          <line num="95" count="0" type="stmt"/>
          <line num="96" count="0" type="stmt"/>
          <line num="97" count="0" type="stmt"/>
          <line num="98" count="0" type="stmt"/>
          <line num="100" count="0" type="stmt"/>
          <line num="101" count="0" type="stmt"/>
          <line num="107" count="1" type="stmt"/>
          <line num="108" count="0" type="stmt"/>
          <line num="113" count="1" type="stmt"/>
          <line num="114" count="1" type="stmt"/>
          <line num="119" count="1" type="stmt"/>
          <line num="126" count="1" type="stmt"/>
          <line num="127" count="0" type="cond" truecount="0" falsecount="2"/>
          <line num="128" count="0" type="stmt"/>
          <line num="130" count="0" type="stmt"/>
          <line num="131" count="0" type="stmt"/>
          <line num="132" count="1" type="cond" truecount="1" falsecount="1"/>
          <line num="133" count="0" type="stmt"/>
          <line num="134" count="0" type="stmt"/>
          <line num="137" count="1" type="stmt"/>
          <line num="142" count="0" type="stmt"/>
          <line num="143" count="0" type="stmt"/>
          <line num="144" count="0" type="stmt"/>
          <line num="145" count="0" type="stmt"/>
          <line num="150" count="0" type="stmt"/>
          <line num="154" count="1" type="cond" truecount="1" falsecount="1"/>
          <line num="155" count="0" type="stmt"/>
          <line num="157" count="1" type="cond" truecount="1" falsecount="2"/>
          <line num="158" count="1" type="stmt"/>
          <line num="159" count="1" type="stmt"/>
          <line num="160" count="1" type="stmt"/>
          <line num="161" count="1" type="cond" truecount="1" falsecount="1"/>
          <line num="163" count="1" type="stmt"/>
          <line num="169" count="2" type="stmt"/>
          <line num="173" count="2" type="stmt"/>
          <line num="174" count="2" type="stmt"/>
          <line num="176" count="2" type="cond" truecount="2" falsecount="0"/>
          <line num="177" count="1" type="stmt"/>
          <line num="182" count="8" type="stmt"/>
          <line num="184" count="8" type="stmt"/>
          <line num="186" count="8" type="stmt"/>
          <line num="187" count="8" type="stmt"/>
        </file>
        <file name="planningAndGuidanceComponent.js" path="/Users/nico/Projects/who-maps/frontend/src/Cms/PlanningAndGuidance/planningAndGuidanceComponent.js">
          <metrics statements="3" coveredstatements="0" conditionals="0" coveredconditionals="0" methods="0" coveredmethods="0"/>
          <line num="1" count="0" type="stmt"/>
          <line num="2" count="0" type="stmt"/>
          <line num="4" count="0" type="stmt"/>
        </file>
      </package>
      <package name="src.Cms.ReportDeleteButton">
        <metrics statements="21" coveredstatements="6" conditionals="12" coveredconditionals="0" methods="10" coveredmethods="3"/>
        <file name="ReportDeleteButtonController.js" path="/Users/nico/Projects/who-maps/frontend/src/Cms/ReportDeleteButton/ReportDeleteButtonController.js">
          <metrics statements="18" coveredstatements="6" conditionals="12" coveredconditionals="0" methods="10" coveredmethods="3"/>
          <line num="5" count="2" type="stmt"/>
          <line num="6" count="2" type="stmt"/>
          <line num="10" count="0" type="cond" truecount="0" falsecount="2"/>
          <line num="11" count="0" type="cond" truecount="0" falsecount="4"/>
          <line num="15" count="0" type="stmt"/>
          <line num="19" count="0" type="stmt"/>
          <line num="23" count="0" type="cond" truecount="0" falsecount="2"/>
          <line num="24" count="0" type="stmt"/>
          <line num="26" count="0" type="stmt"/>
          <line num="28" count="0" type="stmt"/>
          <line num="32" count="0" type="cond" truecount="0" falsecount="2"/>
          <line num="33" count="0" type="stmt"/>
          <line num="35" count="0" type="stmt"/>
          <line num="40" count="0" type="cond" truecount="0" falsecount="2"/>
          <line num="44" count="2" type="stmt"/>
          <line num="46" count="2" type="stmt"/>
          <line num="48" count="2" type="stmt"/>
          <line num="49" count="2" type="stmt"/>
        </file>
        <file name="reportDeleteButtonComponent.js" path="/Users/nico/Projects/who-maps/frontend/src/Cms/ReportDeleteButton/reportDeleteButtonComponent.js">
          <metrics statements="3" coveredstatements="0" conditionals="0" coveredconditionals="0" methods="0" coveredmethods="0"/>
          <line num="1" count="0" type="stmt"/>
          <line num="2" count="0" type="stmt"/>
          <line num="4" count="0" type="stmt"/>
        </file>
      </package>
      <package name="src.Cms.StaticInfoWidget">
        <metrics statements="7" coveredstatements="4" conditionals="0" coveredconditionals="0" methods="2" coveredmethods="2"/>
        <file name="StaticInfoWidgetController.js" path="/Users/nico/Projects/who-maps/frontend/src/Cms/StaticInfoWidget/StaticInfoWidgetController.js">
          <metrics statements="4" coveredstatements="4" conditionals="0" coveredconditionals="0" methods="2" coveredmethods="2"/>
          <line num="3" count="2" type="stmt"/>
          <line num="5" count="2" type="stmt"/>
          <line num="7" count="2" type="stmt"/>
          <line num="8" count="2" type="stmt"/>
        </file>
        <file name="staticInfoWidgetComponent.js" path="/Users/nico/Projects/who-maps/frontend/src/Cms/StaticInfoWidget/staticInfoWidgetComponent.js">
          <metrics statements="3" coveredstatements="0" conditionals="0" coveredconditionals="0" methods="0" coveredmethods="0"/>
          <line num="1" count="0" type="stmt"/>
          <line num="2" count="0" type="stmt"/>
          <line num="4" count="0" type="stmt"/>
        </file>
      </package>
      <package name="src.Common">
        <metrics statements="64" coveredstatements="6" conditionals="14" coveredconditionals="0" methods="8" coveredmethods="1"/>
        <file name="EE.js" path="/Users/nico/Projects/who-maps/frontend/src/Common/EE.js">
          <metrics statements="4" coveredstatements="0" conditionals="0" coveredconditionals="0" methods="1" coveredmethods="0"/>
          <line num="1" count="0" type="stmt"/>
          <line num="4" count="0" type="stmt"/>
          <line num="5" count="0" type="stmt"/>
          <line num="9" count="0" type="stmt"/>
        </file>
        <file name="TopBarBheaviour.js" path="/Users/nico/Projects/who-maps/frontend/src/Common/TopBarBheaviour.js">
          <metrics statements="33" coveredstatements="6" conditionals="12" coveredconditionals="0" methods="7" coveredmethods="1"/>
          <line num="5" count="4" type="stmt"/>
          <line num="6" count="4" type="stmt"/>
          <line num="7" count="4" type="stmt"/>
          <line num="8" count="4" type="stmt"/>
          <line num="9" count="4" type="stmt"/>
          <line num="10" count="4" type="stmt"/>
          <line num="14" count="0" type="stmt"/>
          <line num="15" count="0" type="stmt"/>
          <line num="21" count="0" type="stmt"/>
          <line num="22" count="0" type="stmt"/>
          <line num="23" count="0" type="cond" truecount="0" falsecount="4"/>
          <line num="24" count="0" type="stmt"/>
          <line num="33" count="0" type="stmt"/>
          <line num="34" count="0" type="cond" truecount="0" falsecount="2"/>
          <line num="35" count="0" type="cond" truecount="0" falsecount="4"/>
          <line num="37" count="0" type="stmt"/>
          <line num="38" count="0" type="stmt"/>
          <line num="40" count="0" type="stmt"/>
          <line num="41" count="0" type="stmt"/>
          <line num="43" count="0" type="stmt"/>
          <line num="44" count="0" type="stmt"/>
          <line num="46" count="0" type="stmt"/>
          <line num="47" count="0" type="stmt"/>
          <line num="50" count="0" type="stmt"/>
          <line num="54" count="0" type="stmt"/>
          <line num="55" count="0" type="cond" truecount="0" falsecount="2"/>
          <line num="56" count="0" type="stmt"/>
          <line num="57" count="0" type="stmt"/>
          <line num="58" count="0" type="stmt"/>
          <line num="59" count="0" type="stmt"/>
          <line num="61" count="0" type="stmt"/>
          <line num="65" count="0" type="stmt"/>
          <line num="66" count="0" type="stmt"/>
        </file>
        <file name="common.js" path="/Users/nico/Projects/who-maps/frontend/src/Common/common.js">
          <metrics statements="27" coveredstatements="0" conditionals="2" coveredconditionals="0" methods="0" coveredmethods="0"/>
          <line num="1" count="0" type="stmt"/>
          <line num="2" count="0" type="stmt"/>
          <line num="3" count="0" type="stmt"/>
          <line num="4" count="0" type="stmt"/>
          <line num="5" count="0" type="stmt"/>
          <line num="6" count="0" type="stmt"/>
          <line num="7" count="0" type="stmt"/>
          <line num="8" count="0" type="stmt"/>
          <line num="9" count="0" type="stmt"/>
          <line num="10" count="0" type="stmt"/>
          <line num="11" count="0" type="stmt"/>
          <line num="12" count="0" type="stmt"/>
          <line num="13" count="0" type="stmt"/>
          <line num="14" count="0" type="stmt"/>
          <line num="15" count="0" type="stmt"/>
          <line num="16" count="0" type="stmt"/>
          <line num="17" count="0" type="stmt"/>
          <line num="18" count="0" type="stmt"/>
          <line num="19" count="0" type="stmt"/>
          <line num="20" count="0" type="stmt"/>
          <line num="21" count="0" type="stmt"/>
          <line num="22" count="0" type="stmt"/>
          <line num="24" count="0" type="stmt"/>
          <line num="26" count="0" type="cond" truecount="0" falsecount="2"/>
          <line num="27" count="0" type="stmt"/>
          <line num="30" count="0" type="stmt"/>
          <line num="32" count="0" type="stmt"/>
        </file>
      </package>
      <package name="src.Common.Axis">
        <metrics statements="37" coveredstatements="25" conditionals="12" coveredconditionals="10" methods="10" coveredmethods="8"/>
        <file name="AxisController.js" path="/Users/nico/Projects/who-maps/frontend/src/Common/Axis/AxisController.js">
          <metrics statements="34" coveredstatements="25" conditionals="12" coveredconditionals="10" methods="10" coveredmethods="8"/>
          <line num="5" count="7" type="stmt"/>
          <line num="6" count="7" type="stmt"/>
          <line num="7" count="7" type="stmt"/>
          <line num="8" count="7" type="stmt"/>
          <line num="9" count="7" type="stmt"/>
          <line num="10" count="7" type="stmt"/>
          <line num="11" count="7" type="stmt"/>
          <line num="15" count="0" type="stmt"/>
          <line num="16" count="0" type="cond" truecount="0" falsecount="2"/>
          <line num="17" count="0" type="stmt"/>
          <line num="18" count="0" type="stmt"/>
          <line num="19" count="0" type="stmt"/>
          <line num="20" count="0" type="stmt"/>
          <line num="21" count="0" type="stmt"/>
          <line num="22" count="0" type="stmt"/>
          <line num="35" count="8" type="cond" truecount="4" falsecount="0"/>
          <line num="36" count="7" type="stmt"/>
          <line num="38" count="8" type="stmt"/>
          <line num="42" count="0" type="stmt"/>
          <line num="46" count="3" type="cond" truecount="2" falsecount="0"/>
          <line num="47" count="2" type="stmt"/>
          <line num="49" count="1" type="stmt"/>
          <line num="53" count="1" type="stmt"/>
          <line num="57" count="1" type="stmt"/>
          <line num="58" count="1" type="stmt"/>
          <line num="62" count="6" type="cond" truecount="2" falsecount="0"/>
          <line num="63" count="2" type="stmt"/>
          <line num="65" count="4" type="cond" truecount="2" falsecount="0"/>
          <line num="66" count="2" type="stmt"/>
          <line num="69" count="2" type="stmt"/>
          <line num="73" count="7" type="stmt"/>
          <line num="75" count="7" type="stmt"/>
          <line num="77" count="7" type="stmt"/>
          <line num="78" count="7" type="stmt"/>
        </file>
        <file name="axisComponent.js" path="/Users/nico/Projects/who-maps/frontend/src/Common/Axis/axisComponent.js">
          <metrics statements="3" coveredstatements="0" conditionals="0" coveredconditionals="0" methods="0" coveredmethods="0"/>
          <line num="1" count="0" type="stmt"/>
          <line num="2" count="0" type="stmt"/>
          <line num="4" count="0" type="stmt"/>
        </file>
      </package>
      <package name="src.Common.CountryMap">
        <metrics statements="107" coveredstatements="95" conditionals="25" coveredconditionals="20" methods="32" coveredmethods="30"/>
        <file name="CountryMapController.js" path="/Users/nico/Projects/who-maps/frontend/src/Common/CountryMap/CountryMapController.js">
          <metrics statements="104" coveredstatements="95" conditionals="25" coveredconditionals="20" methods="32" coveredmethods="30"/>
          <line num="11" count="16" type="stmt"/>
          <line num="12" count="16" type="stmt"/>
          <line num="13" count="16" type="stmt"/>
          <line num="14" count="16" type="stmt"/>
          <line num="15" count="16" type="stmt"/>
          <line num="16" count="16" type="stmt"/>
          <line num="17" count="16" type="stmt"/>
          <line num="18" count="16" type="stmt"/>
          <line num="19" count="16" type="stmt"/>
          <line num="20" count="16" type="stmt"/>
          <line num="21" count="16" type="stmt"/>
          <line num="22" count="16" type="stmt"/>
          <line num="23" count="16" type="stmt"/>
          <line num="24" count="16" type="stmt"/>
          <line num="25" count="16" type="stmt"/>
          <line num="29" count="16" type="stmt"/>
          <line num="30" count="16" type="stmt"/>
          <line num="31" count="16" type="stmt"/>
          <line num="32" count="16" type="stmt"/>
          <line num="33" count="16" type="stmt"/>
          <line num="34" count="16" type="stmt"/>
          <line num="35" count="16" type="stmt"/>
          <line num="36" count="16" type="stmt"/>
          <line num="37" count="16" type="stmt"/>
          <line num="40" count="16" type="stmt"/>
          <line num="49" count="18" type="stmt"/>
          <line num="53" count="18" type="stmt"/>
          <line num="54" count="18" type="cond" truecount="2" falsecount="0"/>
          <line num="56" count="18" type="stmt"/>
          <line num="57" count="18" type="stmt"/>
          <line num="59" count="18" type="stmt"/>
          <line num="65" count="1" type="stmt"/>
          <line num="66" count="1" type="stmt"/>
          <line num="70" count="16" type="stmt"/>
          <line num="71" count="16" type="stmt"/>
          <line num="72" count="16" type="stmt"/>
          <line num="76" count="17" type="cond" truecount="5" falsecount="0"/>
          <line num="77" count="1" type="stmt"/>
          <line num="78" count="1" type="stmt"/>
          <line num="83" count="16" type="cond" truecount="1" falsecount="1"/>
          <line num="84" count="0" type="stmt"/>
          <line num="85" count="0" type="stmt"/>
          <line num="90" count="17" type="cond" truecount="4" falsecount="0"/>
          <line num="91" count="1" type="stmt"/>
          <line num="92" count="1" type="cond" truecount="1" falsecount="1"/>
          <line num="93" count="0" type="stmt"/>
          <line num="95" count="1" type="stmt"/>
          <line num="96" count="3" type="cond" truecount="2" falsecount="0"/>
          <line num="98" count="1" type="stmt"/>
          <line num="100" count="1" type="stmt"/>
          <line num="105" count="1" type="stmt"/>
          <line num="106" count="1" type="stmt"/>
          <line num="107" count="1" type="stmt"/>
          <line num="108" count="14" type="stmt"/>
          <line num="113" count="1" type="stmt"/>
          <line num="114" count="1" type="stmt"/>
          <line num="115" count="1" type="stmt"/>
          <line num="116" count="14" type="stmt"/>
          <line num="121" count="6" type="stmt"/>
          <line num="122" count="6" type="stmt"/>
          <line num="123" count="6" type="stmt"/>
          <line num="127" count="6" type="stmt"/>
          <line num="129" count="12" type="stmt"/>
          <line num="135" count="6" type="stmt"/>
          <line num="149" count="6" type="stmt"/>
          <line num="150" count="6" type="stmt"/>
          <line num="154" count="5" type="stmt"/>
          <line num="155" count="5" type="stmt"/>
          <line num="156" count="5" type="cond" truecount="2" falsecount="0"/>
          <line num="157" count="1" type="stmt"/>
          <line num="158" count="1" type="stmt"/>
          <line num="160" count="5" type="stmt"/>
          <line num="161" count="5" type="stmt"/>
          <line num="163" count="5" type="stmt"/>
          <line num="164" count="5" type="stmt"/>
          <line num="165" count="5" type="stmt"/>
          <line num="168" count="5" type="stmt"/>
          <line num="170" count="5" type="stmt"/>
          <line num="171" count="70" type="stmt"/>
          <line num="172" count="70" type="cond" truecount="1" falsecount="1"/>
          <line num="173" count="525" type="stmt"/>
          <line num="174" count="70" type="stmt"/>
          <line num="186" count="0" type="stmt"/>
          <line num="187" count="0" type="stmt"/>
          <line num="194" count="0" type="stmt"/>
          <line num="195" count="0" type="stmt"/>
          <line num="199" count="5" type="stmt"/>
          <line num="200" count="5" type="stmt"/>
          <line num="203" count="5" type="stmt"/>
          <line num="205" count="0" type="stmt"/>
          <line num="206" count="0" type="stmt"/>
          <line num="209" count="5" type="stmt"/>
          <line num="213" count="1" type="stmt"/>
          <line num="214" count="14" type="stmt"/>
          <line num="215" count="14" type="cond" truecount="2" falsecount="0"/>
          <line num="216" count="2" type="stmt"/>
          <line num="217" count="2" type="stmt"/>
          <line num="219" count="12" type="stmt"/>
          <line num="220" count="12" type="stmt"/>
          <line num="226" count="1" type="stmt"/>
          <line num="230" count="16" type="stmt"/>
          <line num="233" count="16" type="stmt"/>
          <line num="236" count="16" type="stmt"/>
          <line num="238" count="16" type="stmt"/>
        </file>
        <file name="countrymap.js" path="/Users/nico/Projects/who-maps/frontend/src/Common/CountryMap/countrymap.js">
          <metrics statements="3" coveredstatements="0" conditionals="0" coveredconditionals="0" methods="0" coveredmethods="0"/>
          <line num="1" count="0" type="stmt"/>
          <line num="2" count="0" type="stmt"/>
          <line num="4" count="0" type="stmt"/>
        </file>
      </package>
      <package name="src.Common.CountryPartners">
        <metrics statements="14" coveredstatements="0" conditionals="0" coveredconditionals="0" methods="2" coveredmethods="0"/>
        <file name="CountryPartnersController.js" path="/Users/nico/Projects/who-maps/frontend/src/Common/CountryPartners/CountryPartnersController.js">
          <metrics statements="11" coveredstatements="0" conditionals="0" coveredconditionals="0" methods="2" coveredmethods="0"/>
          <line num="3" count="0" type="stmt"/>
          <line num="4" count="0" type="stmt"/>
          <line num="5" count="0" type="stmt"/>
          <line num="6" count="0" type="stmt"/>
          <line num="7" count="0" type="stmt"/>
          <line num="8" count="0" type="stmt"/>
          <line num="18" count="0" type="stmt"/>
          <line num="22" count="0" type="stmt"/>
          <line num="24" count="0" type="stmt"/>
          <line num="27" count="0" type="stmt"/>
          <line num="29" count="0" type="stmt"/>
        </file>
        <file name="countryPartnersComponent.js" path="/Users/nico/Projects/who-maps/frontend/src/Common/CountryPartners/countryPartnersComponent.js">
          <metrics statements="3" coveredstatements="0" conditionals="0" coveredconditionals="0" methods="0" coveredmethods="0"/>
          <line num="1" count="0" type="stmt"/>
          <line num="2" count="0" type="stmt"/>
          <line num="4" count="0" type="stmt"/>
        </file>
      </package>
      <package name="src.Common.CountryTopBar">
        <metrics statements="31" coveredstatements="12" conditionals="7" coveredconditionals="2" methods="11" coveredmethods="5"/>
        <file name="CountryTopBarController.js" path="/Users/nico/Projects/who-maps/frontend/src/Common/CountryTopBar/CountryTopBarController.js">
          <metrics statements="28" coveredstatements="12" conditionals="7" coveredconditionals="2" methods="11" coveredmethods="5"/>
          <line num="7" count="1" type="stmt"/>
          <line num="8" count="1" type="stmt"/>
          <line num="9" count="1" type="stmt"/>
          <line num="10" count="1" type="stmt"/>
          <line num="11" count="1" type="stmt"/>
          <line num="15" count="0" type="stmt"/>
          <line num="16" count="0" type="cond" truecount="0" falsecount="3"/>
          <line num="17" count="0" type="stmt"/>
          <line num="28" count="0" type="stmt"/>
          <line num="29" count="0" type="stmt"/>
          <line num="30" count="0" type="stmt"/>
          <line num="32" count="0" type="stmt"/>
          <line num="33" count="0" type="stmt"/>
          <line num="35" count="0" type="stmt"/>
          <line num="39" count="0" type="stmt"/>
          <line num="40" count="0" type="stmt"/>
          <line num="44" count="0" type="stmt"/>
          <line num="45" count="0" type="stmt"/>
          <line num="46" count="0" type="stmt"/>
          <line num="48" count="0" type="stmt"/>
          <line num="49" count="0" type="stmt"/>
          <line num="54" count="2" type="stmt"/>
          <line num="55" count="2" type="stmt"/>
          <line num="56" count="2" type="cond" truecount="2" falsecount="0"/>
          <line num="61" count="1" type="stmt"/>
          <line num="64" count="1" type="stmt"/>
          <line num="67" count="1" type="stmt"/>
          <line num="69" count="1" type="stmt"/>
        </file>
        <file name="countryTopBarComponent.js" path="/Users/nico/Projects/who-maps/frontend/src/Common/CountryTopBar/countryTopBarComponent.js">
          <metrics statements="3" coveredstatements="0" conditionals="0" coveredconditionals="0" methods="0" coveredmethods="0"/>
          <line num="1" count="0" type="stmt"/>
          <line num="2" count="0" type="stmt"/>
          <line num="4" count="0" type="stmt"/>
        </file>
      </package>
      <package name="src.Common.Disclaimer">
        <metrics statements="3" coveredstatements="0" conditionals="0" coveredconditionals="0" methods="0" coveredmethods="0"/>
        <file name="disclaimerComponent.js" path="/Users/nico/Projects/who-maps/frontend/src/Common/Disclaimer/disclaimerComponent.js">
          <metrics statements="3" coveredstatements="0" conditionals="0" coveredconditionals="0" methods="0" coveredmethods="0"/>
          <line num="1" count="0" type="stmt"/>
          <line num="2" count="0" type="stmt"/>
          <line num="4" count="0" type="stmt"/>
        </file>
      </package>
      <package name="src.Common.Donors">
        <metrics statements="3" coveredstatements="0" conditionals="0" coveredconditionals="0" methods="0" coveredmethods="0"/>
        <file name="donorsComponent.js" path="/Users/nico/Projects/who-maps/frontend/src/Common/Donors/donorsComponent.js">
          <metrics statements="3" coveredstatements="0" conditionals="0" coveredconditionals="0" methods="0" coveredmethods="0"/>
          <line num="1" count="0" type="stmt"/>
          <line num="2" count="0" type="stmt"/>
          <line num="4" count="0" type="stmt"/>
        </file>
      </package>
      <package name="src.Common.EditProfile">
        <metrics statements="46" coveredstatements="14" conditionals="18" coveredconditionals="0" methods="15" coveredmethods="4"/>
        <file name="EditProfileController.js" path="/Users/nico/Projects/who-maps/frontend/src/Common/EditProfile/EditProfileController.js">
[...]
          <line num="624" count="0" type="cond" truecount="0" falsecount="2"/>
          <line num="625" count="0" type="cond" truecount="0" falsecount="2"/>
          <line num="626" count="0" type="stmt"/>
          <line num="627" count="0" type="stmt"/>
          <line num="641" count="0" type="stmt"/>
          <line num="642" count="0" type="stmt"/>
          <line num="643" count="0" type="stmt"/>
          <line num="647" count="0" type="stmt"/>
          <line num="648" count="0" type="stmt"/>
          <line num="649" count="0" type="stmt"/>
          <line num="650" count="0" type="stmt"/>
          <line num="651" count="0" type="stmt"/>
          <line num="652" count="0" type="cond" truecount="0" falsecount="2"/>
          <line num="653" count="0" type="cond" truecount="0" falsecount="2"/>
          <line num="654" count="0" type="cond" truecount="0" falsecount="2"/>
          <line num="655" count="0" type="stmt"/>
          <line num="656" count="0" type="stmt"/>
          <line num="660" count="0" type="stmt"/>
          <line num="662" count="0" type="cond" truecount="0" falsecount="2"/>
          <line num="663" count="0" type="stmt"/>
          <line num="665" count="0" type="stmt"/>
          <line num="666" count="0" type="stmt"/>
          <line num="667" count="0" type="stmt"/>
          <line num="668" count="0" type="stmt"/>
          <line num="669" count="0" type="stmt"/>
          <line num="670" count="0" type="stmt"/>
          <line num="671" count="0" type="stmt"/>
          <line num="675" count="0" type="stmt"/>
          <line num="676" count="0" type="stmt"/>
          <line num="677" count="0" type="cond" truecount="0" falsecount="2"/>
          <line num="678" count="0" type="cond" truecount="0" falsecount="2"/>
          <line num="679" count="0" type="stmt"/>
          <line num="680" count="0" type="stmt"/>
          <line num="681" count="0" type="stmt"/>
          <line num="683" count="0" type="stmt"/>
          <line num="684" count="0" type="stmt"/>
          <line num="690" count="0" type="stmt"/>
          <line num="691" count="0" type="stmt"/>
          <line num="692" count="0" type="stmt"/>
          <line num="693" count="0" type="stmt"/>
          <line num="694" count="0" type="stmt"/>
          <line num="695" count="0" type="stmt"/>
          <line num="696" count="0" type="stmt"/>
          <line num="697" count="0" type="stmt"/>
          <line num="702" count="0" type="stmt"/>
          <line num="703" count="0" type="stmt"/>
          <line num="704" count="0" type="stmt"/>
          <line num="705" count="0" type="stmt"/>
          <line num="706" count="0" type="stmt"/>
          <line num="708" count="0" type="stmt"/>
          <line num="709" count="0" type="stmt"/>
          <line num="716" count="0" type="stmt"/>
          <line num="724" count="0" type="stmt"/>
          <line num="728" count="0" type="stmt"/>
          <line num="729" count="0" type="stmt"/>
          <line num="730" count="0" type="stmt"/>
          <line num="735" count="0" type="stmt"/>
          <line num="736" count="0" type="stmt"/>
          <line num="741" count="0" type="stmt"/>
          <line num="742" count="0" type="stmt"/>
          <line num="743" count="0" type="cond" truecount="0" falsecount="2"/>
          <line num="745" count="0" type="cond" truecount="0" falsecount="2"/>
          <line num="746" count="0" type="stmt"/>
          <line num="749" count="0" type="stmt"/>
          <line num="750" count="0" type="stmt"/>
          <line num="753" count="0" type="cond" truecount="0" falsecount="2"/>
          <line num="754" count="0" type="stmt"/>
          <line num="755" count="0" type="stmt"/>
          <line num="760" count="0" type="stmt"/>
          <line num="761" count="0" type="stmt"/>
          <line num="762" count="0" type="stmt"/>
          <line num="763" count="0" type="stmt"/>
          <line num="764" count="0" type="stmt"/>
          <line num="765" count="0" type="cond" truecount="0" falsecount="2"/>
          <line num="766" count="0" type="stmt"/>
          <line num="769" count="0" type="cond" truecount="0" falsecount="2"/>
          <line num="770" count="0" type="stmt"/>
          <line num="776" count="0" type="stmt"/>
          <line num="777" count="0" type="stmt"/>
          <line num="784" count="14" type="cond" truecount="11" falsecount="2"/>
          <line num="786" count="1" type="stmt"/>
          <line num="787" count="1" type="stmt"/>
          <line num="790" count="1" type="stmt"/>
          <line num="791" count="1" type="stmt"/>
          <line num="794" count="2" type="stmt"/>
          <line num="795" count="2" type="stmt"/>
          <line num="796" count="2" type="cond" truecount="2" falsecount="0"/>
          <line num="797" count="1" type="stmt"/>
          <line num="799" count="1" type="stmt"/>
          <line num="801" count="2" type="stmt"/>
          <line num="804" count="2" type="stmt"/>
          <line num="805" count="2" type="stmt"/>
          <line num="806" count="2" type="stmt"/>
          <line num="807" count="2" type="stmt"/>
          <line num="808" count="2" type="cond" truecount="2" falsecount="0"/>
          <line num="809" count="1" type="stmt"/>
          <line num="811" count="1" type="stmt"/>
          <line num="813" count="2" type="stmt"/>
          <line num="814" count="2" type="stmt"/>
          <line num="817" count="1" type="stmt"/>
          <line num="818" count="1" type="stmt"/>
          <line num="821" count="1" type="stmt"/>
          <line num="822" count="1" type="stmt"/>
          <line num="825" count="1" type="stmt"/>
          <line num="826" count="1" type="stmt"/>
          <line num="829" count="1" type="stmt"/>
          <line num="830" count="1" type="stmt"/>
          <line num="831" count="1" type="stmt"/>
          <line num="832" count="1" type="stmt"/>
          <line num="835" count="1" type="stmt"/>
          <line num="836" count="1" type="stmt"/>
          <line num="839" count="1" type="stmt"/>
          <line num="842" count="0" type="stmt"/>
          <line num="845" count="0" type="stmt"/>
          <line num="848" count="2" type="stmt"/>
        </file>
        <file name="system.js" path="/Users/nico/Projects/who-maps/frontend/src/store/modules/system.js">
          <metrics statements="85" coveredstatements="78" conditionals="22" coveredconditionals="19" methods="36" coveredmethods="33"/>
          <line num="6" count="42" type="stmt"/>
          <line num="22" count="42" type="stmt"/>
          <line num="23" count="2" type="cond" truecount="2" falsecount="0"/>
          <line num="26" count="42" type="stmt"/>
          <line num="27" count="2" type="cond" truecount="2" falsecount="0"/>
          <line num="28" count="2" type="stmt"/>
          <line num="29" count="1" type="stmt"/>
          <line num="30" count="1" type="stmt"/>
          <line num="38" count="42" type="stmt"/>
          <line num="39" count="1" type="stmt"/>
          <line num="42" count="42" type="stmt"/>
          <line num="43" count="1" type="stmt"/>
          <line num="46" count="42" type="stmt"/>
          <line num="47" count="1" type="stmt"/>
          <line num="50" count="42" type="stmt"/>
          <line num="51" count="1" type="stmt"/>
          <line num="54" count="42" type="stmt"/>
          <line num="55" count="1" type="stmt"/>
          <line num="58" count="42" type="stmt"/>
          <line num="59" count="1" type="stmt"/>
          <line num="62" count="42" type="stmt"/>
          <line num="63" count="1" type="stmt"/>
          <line num="64" count="1" type="stmt"/>
          <line num="67" count="42" type="stmt"/>
          <line num="68" count="1" type="stmt"/>
          <line num="69" count="1" type="stmt"/>
          <line num="70" count="1" type="stmt"/>
          <line num="71" count="1" type="stmt"/>
          <line num="72" count="1" type="stmt"/>
          <line num="73" count="1" type="stmt"/>
          <line num="76" count="1" type="stmt"/>
          <line num="77" count="1" type="stmt"/>
          <line num="81" count="42" type="stmt"/>
          <line num="82" count="1" type="stmt"/>
          <line num="85" count="42" type="stmt"/>
          <line num="86" count="0" type="stmt"/>
          <line num="92" count="2" type="stmt"/>
          <line num="93" count="1" type="stmt"/>
          <line num="94" count="1" type="stmt"/>
          <line num="99" count="6" type="stmt"/>
          <line num="100" count="1" type="stmt"/>
          <line num="101" count="1" type="stmt"/>
          <line num="102" count="1" type="stmt"/>
          <line num="103" count="1" type="stmt"/>
          <line num="107" count="1" type="stmt"/>
          <line num="108" count="1" type="stmt"/>
          <line num="109" count="1" type="stmt"/>
          <line num="110" count="1" type="stmt"/>
          <line num="111" count="1" type="stmt"/>
          <line num="116" count="1" type="stmt"/>
          <line num="117" count="1" type="stmt"/>
          <line num="120" count="1" type="stmt"/>
          <line num="121" count="1" type="stmt"/>
          <line num="122" count="1" type="stmt"/>
          <line num="124" count="1" type="stmt"/>
          <line num="125" count="1" type="stmt"/>
          <line num="130" count="1" type="stmt"/>
          <line num="131" count="1" type="stmt"/>
          <line num="136" count="6" type="stmt"/>
          <line num="137" count="2" type="stmt"/>
          <line num="138" count="2" type="cond" truecount="2" falsecount="0"/>
          <line num="139" count="1" type="stmt"/>
          <line num="140" count="1" type="stmt"/>
          <line num="146" count="1" type="stmt"/>
          <line num="147" count="1" type="stmt"/>
          <line num="148" count="1" type="stmt"/>
          <line num="149" count="1" type="stmt"/>
          <line num="151" count="0" type="stmt"/>
          <line num="153" count="0" type="stmt"/>
          <line num="154" count="0" type="stmt"/>
          <line num="155" count="0" type="stmt"/>
          <line num="162" count="12" type="cond" truecount="11" falsecount="2"/>
          <line num="164" count="1" type="stmt"/>
          <line num="167" count="1" type="stmt"/>
          <line num="170" count="1" type="stmt"/>
          <line num="173" count="1" type="stmt"/>
          <line num="176" count="1" type="stmt"/>
          <line num="179" count="1" type="stmt"/>
          <line num="182" count="1" type="stmt"/>
          <line num="185" count="1" type="stmt"/>
          <line num="188" count="1" type="stmt"/>
          <line num="191" count="1" type="stmt"/>
          <line num="194" count="0" type="stmt"/>
          <line num="197" count="0" type="stmt"/>
          <line num="200" count="2" type="stmt"/>
        </file>
        <file name="toolkit.js" path="/Users/nico/Projects/who-maps/frontend/src/store/modules/toolkit.js">
          <metrics statements="49" coveredstatements="49" conditionals="18" coveredconditionals="16" methods="18" coveredmethods="18"/>
          <line num="6" count="42" type="stmt"/>
          <line num="11" count="42" type="stmt"/>
          <line num="12" count="1" type="stmt"/>
          <line num="13" count="1" type="cond" truecount="1" falsecount="1"/>
          <line num="16" count="42" type="stmt"/>
          <line num="17" count="1" type="stmt"/>
          <line num="18" count="1" type="stmt"/>
          <line num="19" count="1" type="stmt"/>
          <line num="20" count="1" type="stmt"/>
          <line num="22" count="1" type="stmt"/>
          <line num="23" count="1" type="stmt"/>
          <line num="25" count="1" type="stmt"/>
          <line num="26" count="1" type="stmt"/>
          <line num="31" count="42" type="stmt"/>
          <line num="32" count="2" type="stmt"/>
          <line num="33" count="2" type="cond" truecount="5" falsecount="0"/>
          <line num="36" count="42" type="stmt"/>
          <line num="37" count="1" type="stmt"/>
          <line num="38" count="1" type="stmt"/>
          <line num="39" count="1" type="stmt"/>
          <line num="40" count="1" type="cond" truecount="1" falsecount="1"/>
          <line num="42" count="1" type="stmt"/>
          <line num="45" count="1" type="stmt"/>
          <line num="55" count="5" type="stmt"/>
          <line num="56" count="3" type="stmt"/>
          <line num="57" count="3" type="stmt"/>
          <line num="58" count="2" type="cond" truecount="2" falsecount="0"/>
          <line num="59" count="1" type="stmt"/>
          <line num="60" count="1" type="stmt"/>
          <line num="62" count="2" type="stmt"/>
          <line num="64" count="1" type="stmt"/>
          <line num="69" count="3" type="stmt"/>
          <line num="70" count="3" type="stmt"/>
          <line num="71" count="3" type="stmt"/>
          <line num="72" count="2" type="cond" truecount="2" falsecount="0"/>
          <line num="73" count="1" type="stmt"/>
          <line num="74" count="1" type="stmt"/>
          <line num="75" count="1" type="stmt"/>
          <line num="77" count="2" type="stmt"/>
          <line num="79" count="1" type="stmt"/>
          <line num="80" count="1" type="stmt"/>
          <line num="88" count="5" type="cond" truecount="4" falsecount="0"/>
          <line num="90" count="1" type="stmt"/>
          <line num="93" count="1" type="stmt"/>
          <line num="94" count="1" type="stmt"/>
          <line num="95" count="1" type="stmt"/>
          <line num="96" count="1" type="stmt"/>
          <line num="99" count="1" type="stmt"/>
          <line num="102" count="2" type="stmt"/>
        </file>
        <file name="user.js" path="/Users/nico/Projects/who-maps/frontend/src/store/modules/user.js">
          <metrics statements="103" coveredstatements="103" conditionals="41" coveredconditionals="39" methods="22" coveredmethods="22"/>
          <line num="10" count="42" type="stmt"/>
          <line num="14" count="42" type="stmt"/>
          <line num="15" count="4" type="cond" truecount="2" falsecount="0"/>
          <line num="16" count="3" type="stmt"/>
          <line num="18" count="3" type="cond" truecount="4" falsecount="0"/>
          <line num="19" count="1" type="stmt"/>
          <line num="21" count="3" type="stmt"/>
          <line num="23" count="1" type="stmt"/>
          <line num="26" count="42" type="stmt"/>
          <line num="27" count="4" type="stmt"/>
          <line num="28" count="4" type="cond" truecount="5" falsecount="0"/>
          <line num="29" count="4" type="stmt"/>
          <line num="32" count="42" type="stmt"/>
          <line num="33" count="1" type="stmt"/>
          <line num="38" count="42" type="stmt"/>
          <line num="39" count="1" type="stmt"/>
          <line num="40" count="1" type="stmt"/>
          <line num="41" count="1" type="stmt"/>
          <line num="42" count="1" type="stmt"/>
          <line num="43" count="1" type="stmt"/>
          <line num="44" count="1" type="stmt"/>
          <line num="47" count="42" type="stmt"/>
          <line num="48" count="3" type="stmt"/>
          <line num="49" count="3" type="stmt"/>
          <line num="50" count="3" type="cond" truecount="2" falsecount="0"/>
          <line num="51" count="2" type="stmt"/>
          <line num="52" count="2" type="stmt"/>
          <line num="57" count="1" type="stmt"/>
          <line num="59" count="3" type="stmt"/>
          <line num="63" count="9" type="stmt"/>
          <line num="64" count="4" type="stmt"/>
          <line num="65" count="4" type="cond" truecount="4" falsecount="0"/>
          <line num="66" count="2" type="cond" truecount="2" falsecount="0"/>
          <line num="67" count="2" type="stmt"/>
          <line num="68" count="2" type="stmt"/>
          <line num="69" count="2" type="stmt"/>
          <line num="70" count="2" type="stmt"/>
          <line num="76" count="2" type="stmt"/>
          <line num="77" count="2" type="stmt"/>
          <line num="78" count="2" type="stmt"/>
          <line num="80" count="1" type="stmt"/>
          <line num="81" count="1" type="stmt"/>
          <line num="82" count="1" type="stmt"/>
          <line num="83" count="1" type="stmt"/>
          <line num="84" count="1" type="stmt"/>
          <line num="85" count="1" type="stmt"/>
          <line num="87" count="1" type="stmt"/>
          <line num="93" count="2" type="stmt"/>
          <line num="94" count="2" type="stmt"/>
          <line num="95" count="2" type="stmt"/>
          <line num="96" count="1" type="stmt"/>
          <line num="97" count="1" type="stmt"/>
          <line num="98" count="1" type="stmt"/>
          <line num="99" count="1" type="stmt"/>
          <line num="100" count="1" type="stmt"/>
          <line num="101" count="1" type="stmt"/>
          <line num="103" count="1" type="stmt"/>
          <line num="109" count="2" type="stmt"/>
          <line num="110" count="2" type="stmt"/>
          <line num="111" count="2" type="cond" truecount="2" falsecount="0"/>
          <line num="112" count="2" type="cond" truecount="2" falsecount="0"/>
          <line num="113" count="2" type="cond" truecount="2" falsecount="0"/>
          <line num="114" count="2" type="stmt"/>
          <line num="115" count="2" type="stmt"/>
          <line num="116" count="2" type="stmt"/>
          <line num="117" count="2" type="stmt"/>
          <line num="118" count="2" type="stmt"/>
          <line num="119" count="2" type="stmt"/>
          <line num="120" count="2" type="stmt"/>
          <line num="121" count="2" type="stmt"/>
          <line num="122" count="2" type="stmt"/>
          <line num="127" count="2" type="stmt"/>
          <line num="128" count="2" type="stmt"/>
          <line num="129" count="2" type="stmt"/>
          <line num="130" count="2" type="stmt"/>
          <line num="131" count="2" type="stmt"/>
          <line num="132" count="1" type="stmt"/>
          <line num="133" count="1" type="stmt"/>
          <line num="135" count="1" type="stmt"/>
          <line num="137" count="2" type="stmt"/>
          <line num="138" count="2" type="stmt"/>
          <line num="140" count="1" type="stmt"/>
          <line num="146" count="1" type="stmt"/>
          <line num="147" count="1" type="stmt"/>
          <line num="148" count="1" type="stmt"/>
          <line num="149" count="1" type="stmt"/>
          <line num="150" count="1" type="stmt"/>
          <line num="151" count="1" type="cond" truecount="2" falsecount="2"/>
          <line num="152" count="1" type="stmt"/>
          <line num="158" count="1" type="stmt"/>
          <line num="159" count="1" type="stmt"/>
          <line num="163" count="1" type="stmt"/>
          <line num="164" count="1" type="stmt"/>
          <line num="170" count="7" type="cond" truecount="5" falsecount="0"/>
          <line num="172" count="1" type="stmt"/>
          <line num="175" count="2" type="cond" truecount="2" falsecount="0"/>
          <line num="176" count="2" type="stmt"/>
          <line num="179" count="1" type="cond" truecount="2" falsecount="0"/>
          <line num="180" count="1" type="stmt"/>
          <line num="181" count="1" type="stmt"/>
          <line num="182" count="1" type="stmt"/>
          <line num="185" count="1" type="stmt"/>
          <line num="188" count="2" type="stmt"/>
        </file>
      </package>
      <package name="src.store.static_data">
        <metrics statements="1" coveredstatements="1" conditionals="0" coveredconditionals="0" methods="1" coveredmethods="1"/>
        <file name="project_definition.js" path="/Users/nico/Projects/who-maps/frontend/src/store/static_data/project_definition.js">
          <metrics statements="1" coveredstatements="1" conditionals="0" coveredconditionals="0" methods="1" coveredmethods="1"/>
          <line num="1" count="42" type="stmt"/>
        </file>
      </package>
    </metrics>
  </project>
</coverage>
