{"/Users/nico/Projects/who-maps/frontend/src/Storage.js": {"path":"/Users/nico/Projects/who-maps/frontend/src/Storage.js","statementMap":{"0":{"start":{"line":3,"column":4},"end":{"line":3,"column":39}},"1":{"start":{"line":7,"column":4},"end":{"line":9,"column":5}},"2":{"start":{"line":8,"column":6},"end":{"line":8,"column":66}},"3":{"start":{"line":11,"column":16},"end":{"line":13,"column":29}},"4":{"start":{"line":15,"column":4},"end":{"line":15,"column":35}},"5":{"start":{"line":19,"column":4},"end":{"line":23,"column":5}},"6":{"start":{"line":20,"column":6},"end":{"line":20,"column":51}},"7":{"start":{"line":22,"column":6},"end":{"line":22,"column":39}},"8":{"start":{"line":27,"column":4},"end":{"line":27,"column":33}},"9":{"start":{"line":31,"column":4},"end":{"line":31,"column":25}},"10":{"start":{"line":36,"column":4},"end":{"line":36,"column":44}},"11":{"start":{"line":37,"column":16},"end":{"line":37,"column":18}},"12":{"start":{"line":38,"column":4},"end":{"line":41,"column":5}},"13":{"start":{"line":39,"column":6},"end":{"line":39,"column":58}},"14":{"start":{"line":40,"column":6},"end":{"line":40,"column":43}},"15":{"start":{"line":42,"column":4},"end":{"line":42,"column":15}}},"fnMap":{"0":{"name":"(anonymous_0)","decl":{"start":{"line":2,"column":2},"end":{"line":2,"column":3}},"loc":{"start":{"line":2,"column":17},"end":{"line":4,"column":3}},"line":2},"1":{"name":"(anonymous_1)","decl":{"start":{"line":6,"column":2},"end":{"line":6,"column":3}},"loc":{"start":{"line":6,"column":19},"end":{"line":16,"column":3}},"line":6},"2":{"name":"(anonymous_2)","decl":{"start":{"line":18,"column":2},"end":{"line":18,"column":3}},"loc":{"start":{"line":18,"column":12},"end":{"line":24,"column":3}},"line":18},"3":{"name":"(anonymous_3)","decl":{"start":{"line":26,"column":2},"end":{"line":26,"column":3}},"loc":{"start":{"line":26,"column":15},"end":{"line":28,"column":3}},"line":26},"4":{"name":"(anonymous_4)","decl":{"start":{"line":30,"column":2},"end":{"line":30,"column":3}},"loc":{"start":{"line":30,"column":11},"end":{"line":32,"column":3}},"line":30},"5":{"name":"(anonymous_5)","decl":{"start":{"line":35,"column":2},"end":{"line":35,"column":3}},"loc":{"start":{"line":35,"column":11},"end":{"line":43,"column":3}},"line":35}},"branchMap":{"0":{"loc":{"start":{"line":7,"column":4},"end":{"line":9,"column":5}},"type":"if","locations":[{"start":{"line":7,"column":4},"end":{"line":9,"column":5}},{"start":{"line":7,"column":4},"end":{"line":9,"column":5}}],"line":7},"1":{"loc":{"start":{"line":11,"column":16},"end":{"line":13,"column":29}},"type":"cond-expr","locations":[{"start":{"line":12,"column":8},"end":{"line":12,"column":13}},{"start":{"line":13,"column":8},"end":{"line":13,"column":29}}],"line":11}},"s":{"0":64,"1":2,"2":1,"3":1,"4":1,"5":1,"6":1,"7":1,"8":1,"9":1,"10":1,"11":1,"12":1,"13":4,"14":4,"15":1},"f":{"0":64,"1":2,"2":1,"3":1,"4":1,"5":1},"b":{"0":[1,1],"1":[1,0]},"_coverageSchema":"332fd63041d2c1bcb487cc26dd0d5f7d97098a6c","hash":"2886c34636907f0323f48a10fb37946764cb7a15"}
,"/Users/nico/Projects/who-maps/frontend/src/Utilities.js": {"path":"/Users/nico/Projects/who-maps/frontend/src/Utilities.js","statementMap":{"0":{"start":{"line":5,"column":19},"end":{"line":5,"column":21}},"1":{"start":{"line":9,"column":4},"end":{"line":9,"column":22}},"2":{"start":{"line":13,"column":15},"end":{"line":13,"column":19}},"3":{"start":{"line":14,"column":17},"end":{"line":14,"column":56}},"4":{"start":{"line":15,"column":4},"end":{"line":27,"column":5}},"5":{"start":{"line":16,"column":19},"end":{"line":16,"column":36}},"6":{"start":{"line":17,"column":6},"end":{"line":23,"column":9}},"7":{"start":{"line":18,"column":21},"end":{"line":18,"column":40}},"8":{"start":{"line":19,"column":8},"end":{"line":22,"column":9}},"9":{"start":{"line":20,"column":10},"end":{"line":20,"column":34}},"10":{"start":{"line":21,"column":10},"end":{"line":21,"column":56}},"11":{"start":{"line":24,"column":11},"end":{"line":27,"column":5}},"12":{"start":{"line":25,"column":6},"end":{"line":25,"column":33}},"13":{"start":{"line":26,"column":6},"end":{"line":26,"column":42}},"14":{"start":{"line":31,"column":4},"end":{"line":31,"column":22}},"15":{"start":{"line":35,"column":14},"end":{"line":35,"column":41}},"16":{"start":{"line":36,"column":4},"end":{"line":36,"column":33}},"17":{"start":{"line":37,"column":4},"end":{"line":37,"column":30}},"18":{"start":{"line":38,"column":16},"end":{"line":38,"column":41}},"19":{"start":{"line":39,"column":4},"end":{"line":39,"column":17}},"20":{"start":{"line":40,"column":4},"end":{"line":40,"column":26}},"21":{"start":{"line":41,"column":4},"end":{"line":41,"column":14}},"22":{"start":{"line":42,"column":4},"end":{"line":42,"column":29}},"23":{"start":{"line":46,"column":4},"end":{"line":50,"column":5}},"24":{"start":{"line":47,"column":6},"end":{"line":47,"column":70}},"25":{"start":{"line":49,"column":6},"end":{"line":49,"column":56}},"26":{"start":{"line":51,"column":4},"end":{"line":51,"column":14}},"27":{"start":{"line":55,"column":17},"end":{"line":55,"column":47}},"28":{"start":{"line":56,"column":28},"end":{"line":56,"column":58}},"29":{"start":{"line":57,"column":4},"end":{"line":57,"column":83}},"30":{"start":{"line":58,"column":4},"end":{"line":58,"column":85}},"31":{"start":{"line":59,"column":4},"end":{"line":59,"column":83}},"32":{"start":{"line":60,"column":4},"end":{"line":60,"column":92}},"33":{"start":{"line":64,"column":21},"end":{"line":72,"column":1}},"34":{"start":{"line":65,"column":24},"end":{"line":65,"column":29}},"35":{"start":{"line":66,"column":20},"end":{"line":66,"column":55}},"36":{"start":{"line":67,"column":20},"end":{"line":67,"column":76}},"37":{"start":{"line":68,"column":2},"end":{"line":70,"column":3}},"38":{"start":{"line":69,"column":4},"end":{"line":69,"column":25}},"39":{"start":{"line":71,"column":2},"end":{"line":71,"column":19}},"40":{"start":{"line":74,"column":24},"end":{"line":77,"column":1}},"41":{"start":{"line":75,"column":24},"end":{"line":75,"column":47}},"42":{"start":{"line":76,"column":2},"end":{"line":76,"column":30}},"43":{"start":{"line":79,"column":15},"end":{"line":84,"column":1}},"44":{"start":{"line":80,"column":2},"end":{"line":82,"column":3}},"45":{"start":{"line":81,"column":4},"end":{"line":81,"column":26}},"46":{"start":{"line":83,"column":2},"end":{"line":83,"column":13}}},"fnMap":{"0":{"name":"(anonymous_0)","decl":{"start":{"line":8,"column":2},"end":{"line":8,"column":3}},"loc":{"start":{"line":8,"column":22},"end":{"line":10,"column":3}},"line":8},"1":{"name":"(anonymous_1)","decl":{"start":{"line":12,"column":2},"end":{"line":12,"column":3}},"loc":{"start":{"line":12,"column":39},"end":{"line":28,"column":3}},"line":12},"2":{"name":"(anonymous_2)","decl":{"start":{"line":17,"column":19},"end":{"line":17,"column":20}},"loc":{"start":{"line":17,"column":26},"end":{"line":23,"column":7}},"line":17},"3":{"name":"(anonymous_3)","decl":{"start":{"line":30,"column":2},"end":{"line":30,"column":3}},"loc":{"start":{"line":30,"column":26},"end":{"line":32,"column":3}},"line":30},"4":{"name":"(anonymous_4)","decl":{"start":{"line":34,"column":2},"end":{"line":34,"column":3}},"loc":{"start":{"line":34,"column":41},"end":{"line":43,"column":3}},"line":34},"5":{"name":"(anonymous_5)","decl":{"start":{"line":45,"column":2},"end":{"line":45,"column":3}},"loc":{"start":{"line":45,"column":30},"end":{"line":52,"column":3}},"line":45},"6":{"name":"(anonymous_6)","decl":{"start":{"line":54,"column":2},"end":{"line":54,"column":3}},"loc":{"start":{"line":54,"column":23},"end":{"line":61,"column":3}},"line":54},"7":{"name":"(anonymous_7)","decl":{"start":{"line":64,"column":21},"end":{"line":64,"column":22}},"loc":{"start":{"line":64,"column":27},"end":{"line":72,"column":1}},"line":64},"8":{"name":"(anonymous_8)","decl":{"start":{"line":74,"column":24},"end":{"line":74,"column":25}},"loc":{"start":{"line":74,"column":30},"end":{"line":77,"column":1}},"line":74},"9":{"name":"(anonymous_9)","decl":{"start":{"line":79,"column":15},"end":{"line":79,"column":16}},"loc":{"start":{"line":79,"column":24},"end":{"line":84,"column":1}},"line":79}},"branchMap":{"0":{"loc":{"start":{"line":15,"column":4},"end":{"line":27,"column":5}},"type":"if","locations":[{"start":{"line":15,"column":4},"end":{"line":27,"column":5}},{"start":{"line":15,"column":4},"end":{"line":27,"column":5}}],"line":15},"1":{"loc":{"start":{"line":19,"column":8},"end":{"line":22,"column":9}},"type":"if","locations":[{"start":{"line":19,"column":8},"end":{"line":22,"column":9}},{"start":{"line":19,"column":8},"end":{"line":22,"column":9}}],"line":19},"2":{"loc":{"start":{"line":24,"column":11},"end":{"line":27,"column":5}},"type":"if","locations":[{"start":{"line":24,"column":11},"end":{"line":27,"column":5}},{"start":{"line":24,"column":11},"end":{"line":27,"column":5}}],"line":24},"3":{"loc":{"start":{"line":67,"column":20},"end":{"line":67,"column":76}},"type":"cond-expr","locations":[{"start":{"line":67,"column":43},"end":{"line":67,"column":60}},{"start":{"line":67,"column":63},"end":{"line":67,"column":76}}],"line":67},"4":{"loc":{"start":{"line":68,"column":2},"end":{"line":70,"column":3}},"type":"if","locations":[{"start":{"line":68,"column":2},"end":{"line":70,"column":3}},{"start":{"line":68,"column":2},"end":{"line":70,"column":3}}],"line":68},"5":{"loc":{"start":{"line":68,"column":6},"end":{"line":68,"column":59}},"type":"binary-expr","locations":[{"start":{"line":68,"column":6},"end":{"line":68,"column":33}},{"start":{"line":68,"column":37},"end":{"line":68,"column":59}}],"line":68},"6":{"loc":{"start":{"line":80,"column":2},"end":{"line":82,"column":3}},"type":"if","locations":[{"start":{"line":80,"column":2},"end":{"line":82,"column":3}},{"start":{"line":80,"column":2},"end":{"line":82,"column":3}}],"line":80}},"s":{"0":10,"1":0,"2":0,"3":0,"4":0,"5":0,"6":0,"7":0,"8":0,"9":0,"10":0,"11":0,"12":0,"13":0,"14":0,"15":0,"16":0,"17":0,"18":0,"19":0,"20":0,"21":0,"22":0,"23":0,"24":0,"25":0,"26":0,"27":0,"28":0,"29":0,"30":0,"31":0,"32":0,"33":10,"34":0,"35":0,"36":0,"37":0,"38":0,"39":0,"40":10,"41":2,"42":2,"43":10,"44":0,"45":0,"46":0},"f":{"0":0,"1":0,"2":0,"3":0,"4":0,"5":0,"6":0,"7":0,"8":2,"9":0},"b":{"0":[0,0],"1":[0,0],"2":[0,0],"3":[0,0],"4":[0,0],"5":[0,0],"6":[0,0]},"_coverageSchema":"332fd63041d2c1bcb487cc26dd0d5f7d97098a6c","hash":"2cdff72120c27716505154b97bf38842f4b51d73"}
,"/Users/nico/Projects/who-maps/frontend/src/index.js": {"path":"/Users/nico/Projects/who-maps/frontend/src/index.js","statementMap":{"0":{"start":{"line":1,"column":0},"end":{"line":null,"column":-1}},"1":{"start":{"line":2,"column":0},"end":{"line":null,"column":-1}},"2":{"start":{"line":3,"column":0},"end":{"line":null,"column":-1}},"3":{"start":{"line":7,"column":20},"end":{"line":7,"column":0}},"4":{"start":{"line":9,"column":21},"end":{"line":9,"column":0}},"5":{"start":{"line":10,"column":2},"end":{"line":12,"column":3}},"6":{"start":{"line":11,"column":4},"end":{"line":null,"column":-1}},"7":{"start":{"line":13,"column":2},"end":{"line":null,"column":-1}},"8":{"start":{"line":16,"column":0},"end":{"line":null,"column":-1}},"9":{"start":{"line":17,"column":2},"end":{"line":19,"column":3}},"10":{"start":{"line":18,"column":4},"end":{"line":null,"column":-1}},"11":{"start":{"line":22,"column":20},"end":{"line":22,"column":0}},"12":{"start":{"line":23,"column":2},"end":{"line":37,"column":3}},"13":{"start":{"line":24,"column":4},"end":{"line":null,"column":-1}},"14":{"start":{"line":36,"column":4},"end":{"line":null,"column":-1}},"15":{"start":{"line":40,"column":0},"end":{"line":57,"column":1}},"16":{"start":{"line":41,"column":16},"end":{"line":41,"column":2}},"17":{"start":{"line":42,"column":2},"end":{"line":null,"column":-1}},"18":{"start":{"line":45,"column":22},"end":{"line":45,"column":8}},"19":{"start":{"line":46,"column":8},"end":{"line":48,"column":9}},"20":{"start":{"line":47,"column":10},"end":{"line":null,"column":-1}},"21":{"start":{"line":49,"column":8},"end":{"line":null,"column":-1}},"22":{"start":{"line":54,"column":2},"end":{"line":null,"column":-1}},"23":{"start":{"line":55,"column":4},"end":{"line":null,"column":-1}},"24":{"start":{"line":60,"column":6},"end":{"line":60,"column":0}},"25":{"start":{"line":60,"column":6},"end":{"line":null,"column":-1}},"26":{"start":{"line":61,"column":6},"end":{"line":61,"column":0}},"27":{"start":{"line":61,"column":6},"end":{"line":null,"column":-1}},"28":{"start":{"line":63,"column":0},"end":{"line":null,"column":-1}},"29":{"start":{"line":63,"column":65},"end":{"line":null,"column":-1}},"30":{"start":{"line":64,"column":2},"end":{"line":null,"column":-1}},"31":{"start":{"line":65,"column":2},"end":{"line":null,"column":-1}},"32":{"start":{"line":70,"column":0},"end":{"line":null,"column":-1}}},"fnMap":{"0":{"name":"storeFetcher","decl":{"start":{"line":9,"column":6},"end":{"line":9,"column":21}},"loc":{"start":{"line":9,"column":27},"end":{"line":9,"column":0}}},"1":{"name":"(anonymous_2)","decl":{"start":{"line":16,"column":43},"end":{"line":16,"column":51}},"loc":{"start":{"line":16,"column":52},"end":{"line":16,"column":0}}},"2":{"name":"storeFilter","decl":{"start":{"line":22,"column":6},"end":{"line":22,"column":20}},"loc":{"start":{"line":22,"column":29},"end":{"line":22,"column":0}}},"3":{"name":"dataCallback","decl":{"start":{"line":44,"column":20},"end":{"line":44,"column":20}},"loc":{"start":{"line":44,"column":30},"end":{"line":50,"column":7}}},"4":{"name":"(anonymous_5)","decl":{"start":{"line":54,"column":32},"end":{"line":54,"column":32}},"loc":{"start":{"line":54,"column":43},"end":{"line":54,"column":2}}},"5":{"name":"(anonymous_6)","decl":{"start":{"line":60,"column":6},"end":{"line":null,"column":-1}},"loc":{"start":{"line":60,"column":6},"end":{"line":60,"column":-1}}},"6":{"name":"(anonymous_8)","decl":{"start":{"line":61,"column":6},"end":{"line":null,"column":-1}},"loc":{"start":{"line":61,"column":6},"end":{"line":61,"column":-1}}},"7":{"name":"(anonymous_10)","decl":{"start":{"line":63,"column":46},"end":{"line":63,"column":64}},"loc":{"start":{"line":63,"column":65},"end":{"line":63,"column":0}}}},"branchMap":{"0":{"loc":{"start":{"line":10,"column":2},"end":{"line":12,"column":3}},"type":"if","locations":[{"start":{"line":10,"column":2},"end":{"line":12,"column":3}},{"start":{"line":10,"column":2},"end":{"line":12,"column":3}}]},"1":{"loc":{"start":{"line":17,"column":2},"end":{"line":19,"column":3}},"type":"if","locations":[{"start":{"line":17,"column":2},"end":{"line":19,"column":3}},{"start":{"line":17,"column":2},"end":{"line":19,"column":3}}]},"2":{"loc":{"start":{"line":17,"column":6},"end":{"line":17,"column":14}},"type":"binary-expr","locations":[{"start":{"line":17,"column":6},"end":{"line":17,"column":14}},{"start":{"line":17,"column":15},"end":{"line":17,"column":2}}]},"3":{"loc":{"start":{"line":40,"column":0},"end":{"line":57,"column":1}},"type":"if","locations":[{"start":{"line":40,"column":0},"end":{"line":57,"column":1}},{"start":{"line":40,"column":0},"end":{"line":57,"column":1}}]},"4":{"loc":{"start":{"line":46,"column":8},"end":{"line":48,"column":9}},"type":"if","locations":[{"start":{"line":46,"column":8},"end":{"line":48,"column":9}},{"start":{"line":46,"column":8},"end":{"line":48,"column":9}}]}},"s":{"0":0,"1":0,"2":0,"3":0,"4":0,"5":0,"6":0,"7":0,"8":0,"9":0,"10":0,"11":0,"12":0,"13":0,"14":0,"15":0,"16":0,"17":0,"18":0,"19":0,"20":0,"21":0,"22":0,"23":0,"24":0,"25":0,"26":0,"27":0,"28":0,"29":0,"30":0,"31":0,"32":0},"f":{"0":0,"1":0,"2":0,"3":0,"4":0,"5":0,"6":0,"7":0},"b":{"0":[0,0],"1":[0,0],"2":[0,0],"3":[0,0],"4":[0,0]}}
,"/Users/nico/Projects/who-maps/frontend/src/webpackRequires.js": {"path":"/Users/nico/Projects/who-maps/frontend/src/webpackRequires.js","statementMap":{"0":{"start":{"line":1,"column":33},"end":{"line":3,"column":1}},"1":{"start":{"line":2,"column":2},"end":{"line":2,"column":78}},"2":{"start":{"line":4,"column":35},"end":{"line":6,"column":1}},"3":{"start":{"line":5,"column":2},"end":{"line":5,"column":76}},"4":{"start":{"line":8,"column":34},"end":{"line":10,"column":1}},"5":{"start":{"line":9,"column":2},"end":{"line":9,"column":70}},"6":{"start":{"line":11,"column":34},"end":{"line":13,"column":1}},"7":{"start":{"line":12,"column":2},"end":{"line":12,"column":71}}},"fnMap":{"0":{"name":"(anonymous_0)","decl":{"start":{"line":1,"column":33},"end":{"line":1,"column":34}},"loc":{"start":{"line":1,"column":39},"end":{"line":3,"column":1}},"line":1},"1":{"name":"(anonymous_1)","decl":{"start":{"line":4,"column":35},"end":{"line":4,"column":36}},"loc":{"start":{"line":4,"column":41},"end":{"line":6,"column":1}},"line":4},"2":{"name":"(anonymous_2)","decl":{"start":{"line":8,"column":34},"end":{"line":8,"column":35}},"loc":{"start":{"line":8,"column":40},"end":{"line":10,"column":1}},"line":8},"3":{"name":"(anonymous_3)","decl":{"start":{"line":11,"column":34},"end":{"line":11,"column":35}},"loc":{"start":{"line":11,"column":40},"end":{"line":13,"column":1}},"line":11}},"branchMap":{},"s":{"0":3,"1":0,"2":3,"3":0,"4":3,"5":0,"6":3,"7":0},"f":{"0":0,"1":0,"2":0,"3":0},"b":{},"_coverageSchema":"332fd63041d2c1bcb487cc26dd0d5f7d97098a6c","hash":"bb20ffa0422b8d467f4dff7a1a21af3cbcdf19bf"}
,"/Users/nico/Projects/who-maps/frontend/src/App/AppModuleController.js": {"path":"/Users/nico/Projects/who-maps/frontend/src/App/AppModuleController.js","statementMap":{"0":{"start":{"line":7,"column":4},"end":{"line":7,"column":24}},"1":{"start":{"line":8,"column":4},"end":{"line":8,"column":24}},"2":{"start":{"line":9,"column":4},"end":{"line":9,"column":31}},"3":{"start":{"line":10,"column":4},"end":{"line":10,"column":32}},"4":{"start":{"line":11,"column":4},"end":{"line":11,"column":42}},"5":{"start":{"line":12,"column":4},"end":{"line":12,"column":48}},"6":{"start":{"line":13,"column":4},"end":{"line":13,"column":45}},"7":{"start":{"line":14,"column":4},"end":{"line":14,"column":75}},"8":{"start":{"line":15,"column":4},"end":{"line":15,"column":86}},"9":{"start":{"line":16,"column":4},"end":{"line":16,"column":39}},"10":{"start":{"line":20,"column":17},"end":{"line":23,"column":5}},"11":{"start":{"line":24,"column":18},"end":{"line":24,"column":69}},"12":{"start":{"line":25,"column":27},"end":{"line":25,"column":75}},"13":{"start":{"line":26,"column":4},"end":{"line":26,"column":47}},"14":{"start":{"line":27,"column":4},"end":{"line":32,"column":6}},"15":{"start":{"line":36,"column":4},"end":{"line":36,"column":20}},"16":{"start":{"line":37,"column":4},"end":{"line":37,"column":47}},"17":{"start":{"line":38,"column":4},"end":{"line":38,"column":47}},"18":{"start":{"line":39,"column":4},"end":{"line":39,"column":35}},"19":{"start":{"line":43,"column":4},"end":{"line":43,"column":23}},"20":{"start":{"line":47,"column":4},"end":{"line":50,"column":5}},"21":{"start":{"line":48,"column":6},"end":{"line":48,"column":64}},"22":{"start":{"line":49,"column":6},"end":{"line":49,"column":44}},"23":{"start":{"line":54,"column":4},"end":{"line":60,"column":7}},"24":{"start":{"line":64,"column":4},"end":{"line":67,"column":51}},"25":{"start":{"line":71,"column":4},"end":{"line":76,"column":7}},"26":{"start":{"line":72,"column":6},"end":{"line":72,"column":37}},"27":{"start":{"line":74,"column":6},"end":{"line":74,"column":31}},"28":{"start":{"line":75,"column":6},"end":{"line":75,"column":49}},"29":{"start":{"line":81,"column":6},"end":{"line":81,"column":102}},"30":{"start":{"line":84,"column":4},"end":{"line":84,"column":106}},"31":{"start":{"line":86,"column":4},"end":{"line":86,"column":25}}},"fnMap":{"0":{"name":"(anonymous_0)","decl":{"start":{"line":6,"column":2},"end":{"line":6,"column":3}},"loc":{"start":{"line":6,"column":80},"end":{"line":17,"column":3}},"line":6},"1":{"name":"(anonymous_1)","decl":{"start":{"line":19,"column":2},"end":{"line":19,"column":3}},"loc":{"start":{"line":19,"column":19},"end":{"line":33,"column":3}},"line":19},"2":{"name":"(anonymous_2)","decl":{"start":{"line":35,"column":2},"end":{"line":35,"column":3}},"loc":{"start":{"line":35,"column":12},"end":{"line":40,"column":3}},"line":35},"3":{"name":"(anonymous_3)","decl":{"start":{"line":42,"column":2},"end":{"line":42,"column":3}},"loc":{"start":{"line":42,"column":15},"end":{"line":44,"column":3}},"line":42},"4":{"name":"(anonymous_4)","decl":{"start":{"line":46,"column":2},"end":{"line":46,"column":3}},"loc":{"start":{"line":46,"column":35},"end":{"line":51,"column":3}},"line":46},"5":{"name":"(anonymous_5)","decl":{"start":{"line":53,"column":2},"end":{"line":53,"column":3}},"loc":{"start":{"line":53,"column":33},"end":{"line":61,"column":3}},"line":53},"6":{"name":"(anonymous_6)","decl":{"start":{"line":63,"column":2},"end":{"line":63,"column":3}},"loc":{"start":{"line":63,"column":23},"end":{"line":68,"column":3}},"line":63},"7":{"name":"(anonymous_7)","decl":{"start":{"line":70,"column":2},"end":{"line":70,"column":3}},"loc":{"start":{"line":70,"column":14},"end":{"line":77,"column":3}},"line":70},"8":{"name":"(anonymous_8)","decl":{"start":{"line":71,"column":22},"end":{"line":71,"column":23}},"loc":{"start":{"line":71,"column":28},"end":{"line":73,"column":5}},"line":71},"9":{"name":"(anonymous_9)","decl":{"start":{"line":73,"column":7},"end":{"line":73,"column":8}},"loc":{"start":{"line":73,"column":16},"end":{"line":76,"column":5}},"line":73},"10":{"name":"(anonymous_10)","decl":{"start":{"line":79,"column":2},"end":{"line":79,"column":3}},"loc":{"start":{"line":79,"column":33},"end":{"line":87,"column":3}},"line":79},"11":{"name":"appController","decl":{"start":{"line":80,"column":13},"end":{"line":80,"column":26}},"loc":{"start":{"line":80,"column":93},"end":{"line":82,"column":5}},"line":80}},"branchMap":{"0":{"loc":{"start":{"line":24,"column":18},"end":{"line":24,"column":69}},"type":"cond-expr","locations":[{"start":{"line":24,"column":37},"end":{"line":24,"column":64}},{"start":{"line":24,"column":67},"end":{"line":24,"column":69}}],"line":24},"1":{"loc":{"start":{"line":47,"column":4},"end":{"line":50,"column":5}},"type":"if","locations":[{"start":{"line":47,"column":4},"end":{"line":50,"column":5}},{"start":{"line":47,"column":4},"end":{"line":50,"column":5}}],"line":47},"2":{"loc":{"start":{"line":47,"column":8},"end":{"line":47,"column":84}},"type":"binary-expr","locations":[{"start":{"line":47,"column":8},"end":{"line":47,"column":25}},{"start":{"line":47,"column":29},"end":{"line":47,"column":84}}],"line":47},"3":{"loc":{"start":{"line":64,"column":11},"end":{"line":67,"column":50}},"type":"binary-expr","locations":[{"start":{"line":64,"column":11},"end":{"line":64,"column":34}},{"start":{"line":65,"column":10},"end":{"line":65,"column":19}},{"start":{"line":65,"column":23},"end":{"line":65,"column":36}},{"start":{"line":66,"column":10},"end":{"line":66,"column":36}},{"start":{"line":67,"column":10},"end":{"line":67,"column":50}}],"line":64}},"s":{"0":8,"1":8,"2":8,"3":8,"4":8,"5":8,"6":8,"7":8,"8":8,"9":8,"10":1,"11":1,"12":1,"13":1,"14":1,"15":1,"16":1,"17":1,"18":1,"19":1,"20":0,"21":0,"22":0,"23":8,"24":2,"25":1,"26":1,"27":1,"28":1,"29":8,"30":8,"31":8},"f":{"0":8,"1":1,"2":1,"3":1,"4":0,"5":8,"6":2,"7":1,"8":1,"9":1,"10":8,"11":8},"b":{"0":[0,1],"1":[0,0],"2":[0,0],"3":[2,1,1,1,1]},"_coverageSchema":"332fd63041d2c1bcb487cc26dd0d5f7d97098a6c","hash":"80a631239b203880146e3f2210be0fe7cffc690a"}
,"/Users/nico/Projects/who-maps/frontend/src/App/SystemController.js": {"path":"/Users/nico/Projects/who-maps/frontend/src/App/SystemController.js","statementMap":{"0":{"start":{"line":5,"column":4},"end":{"line":5,"column":24}},"1":{"start":{"line":6,"column":4},"end":{"line":6,"column":24}},"2":{"start":{"line":7,"column":4},"end":{"line":7,"column":24}},"3":{"start":{"line":8,"column":4},"end":{"line":8,"column":45}},"4":{"start":{"line":9,"column":4},"end":{"line":9,"column":42}},"5":{"start":{"line":10,"column":4},"end":{"line":10,"column":48}},"6":{"start":{"line":11,"column":4},"end":{"line":11,"column":73}},"7":{"start":{"line":15,"column":17},"end":{"line":18,"column":5}},"8":{"start":{"line":19,"column":18},"end":{"line":19,"column":69}},"9":{"start":{"line":20,"column":4},"end":{"line":25,"column":6}},"10":{"start":{"line":29,"column":4},"end":{"line":29,"column":20}},"11":{"start":{"line":33,"column":4},"end":{"line":33,"column":23}},"12":{"start":{"line":37,"column":4},"end":{"line":41,"column":7}},"13":{"start":{"line":38,"column":6},"end":{"line":38,"column":37}},"14":{"start":{"line":40,"column":6},"end":{"line":40,"column":79}},"15":{"start":{"line":45,"column":4},"end":{"line":45,"column":28}},"16":{"start":{"line":49,"column":4},"end":{"line":49,"column":23}},"17":{"start":{"line":54,"column":6},"end":{"line":54,"column":60}},"18":{"start":{"line":57,"column":4},"end":{"line":57,"column":64}},"19":{"start":{"line":59,"column":4},"end":{"line":59,"column":28}}},"fnMap":{"0":{"name":"(anonymous_0)","decl":{"start":{"line":4,"column":2},"end":{"line":4,"column":3}},"loc":{"start":{"line":4,"column":41},"end":{"line":12,"column":3}},"line":4},"1":{"name":"(anonymous_1)","decl":{"start":{"line":14,"column":2},"end":{"line":14,"column":3}},"loc":{"start":{"line":14,"column":19},"end":{"line":26,"column":3}},"line":14},"2":{"name":"(anonymous_2)","decl":{"start":{"line":28,"column":2},"end":{"line":28,"column":3}},"loc":{"start":{"line":28,"column":12},"end":{"line":30,"column":3}},"line":28},"3":{"name":"(anonymous_3)","decl":{"start":{"line":32,"column":2},"end":{"line":32,"column":3}},"loc":{"start":{"line":32,"column":15},"end":{"line":34,"column":3}},"line":32},"4":{"name":"(anonymous_4)","decl":{"start":{"line":36,"column":2},"end":{"line":36,"column":3}},"loc":{"start":{"line":36,"column":14},"end":{"line":42,"column":3}},"line":36},"5":{"name":"(anonymous_5)","decl":{"start":{"line":37,"column":22},"end":{"line":37,"column":23}},"loc":{"start":{"line":37,"column":28},"end":{"line":39,"column":5}},"line":37},"6":{"name":"(anonymous_6)","decl":{"start":{"line":39,"column":7},"end":{"line":39,"column":8}},"loc":{"start":{"line":39,"column":16},"end":{"line":41,"column":5}},"line":39},"7":{"name":"(anonymous_7)","decl":{"start":{"line":44,"column":2},"end":{"line":44,"column":3}},"loc":{"start":{"line":44,"column":16},"end":{"line":46,"column":3}},"line":44},"8":{"name":"(anonymous_8)","decl":{"start":{"line":48,"column":2},"end":{"line":48,"column":3}},"loc":{"start":{"line":48,"column":32},"end":{"line":50,"column":3}},"line":48},"9":{"name":"(anonymous_9)","decl":{"start":{"line":52,"column":2},"end":{"line":52,"column":3}},"loc":{"start":{"line":52,"column":36},"end":{"line":60,"column":3}},"line":52},"10":{"name":"systemController","decl":{"start":{"line":53,"column":13},"end":{"line":53,"column":29}},"loc":{"start":{"line":53,"column":57},"end":{"line":55,"column":5}},"line":53}},"branchMap":{"0":{"loc":{"start":{"line":19,"column":18},"end":{"line":19,"column":69}},"type":"cond-expr","locations":[{"start":{"line":19,"column":37},"end":{"line":19,"column":64}},{"start":{"line":19,"column":67},"end":{"line":19,"column":69}}],"line":19}},"s":{"0":9,"1":9,"2":9,"3":9,"4":9,"5":9,"6":9,"7":1,"8":1,"9":1,"10":1,"11":1,"12":1,"13":1,"14":3,"15":1,"16":1,"17":9,"18":9,"19":9},"f":{"0":9,"1":1,"2":1,"3":1,"4":1,"5":1,"6":3,"7":1,"8":1,"9":9,"10":9},"b":{"0":[0,1]},"_coverageSchema":"332fd63041d2c1bcb487cc26dd0d5f7d97098a6c","hash":"cd7dacb4ee35daeb9a72f78b1da64c275413f73e"}
,"/Users/nico/Projects/who-maps/frontend/src/App/app-config.js": {"path":"/Users/nico/Projects/who-maps/frontend/src/App/app-config.js","statementMap":{"0":{"start":{"line":10,"column":16},"end":{"line":10,"column":29}},"1":{"start":{"line":13,"column":2},"end":{"line":13,"column":52}},"2":{"start":{"line":14,"column":2},"end":{"line":14,"column":57}},"3":{"start":{"line":15,"column":20},"end":{"line":15,"column":70}},"4":{"start":{"line":16,"column":20},"end":{"line":16,"column":76}},"5":{"start":{"line":17,"column":23},"end":{"line":17,"column":74}},"6":{"start":{"line":18,"column":2},"end":{"line":18,"column":59}},"7":{"start":{"line":22,"column":2},"end":{"line":22,"column":53}},"8":{"start":{"line":26,"column":2},"end":{"line":26,"column":52}},"9":{"start":{"line":27,"column":2},"end":{"line":27,"column":57}},"10":{"start":{"line":28,"column":19},"end":{"line":28,"column":71}},"11":{"start":{"line":29,"column":20},"end":{"line":29,"column":76}},"12":{"start":{"line":30,"column":19},"end":{"line":30,"column":69}},"13":{"start":{"line":31,"column":20},"end":{"line":31,"column":70}},"14":{"start":{"line":32,"column":23},"end":{"line":32,"column":74}},"15":{"start":{"line":33,"column":2},"end":{"line":33,"column":79}},"16":{"start":{"line":37,"column":2},"end":{"line":37,"column":52}},"17":{"start":{"line":38,"column":2},"end":{"line":38,"column":57}},"18":{"start":{"line":39,"column":19},"end":{"line":39,"column":71}},"19":{"start":{"line":40,"column":20},"end":{"line":40,"column":76}},"20":{"start":{"line":41,"column":20},"end":{"line":41,"column":70}},"21":{"start":{"line":42,"column":23},"end":{"line":42,"column":74}},"22":{"start":{"line":43,"column":2},"end":{"line":43,"column":69}},"23":{"start":{"line":47,"column":16},"end":{"line":47,"column":35}},"24":{"start":{"line":48,"column":2},"end":{"line":48,"column":53}},"25":{"start":{"line":51,"column":15},"end":{"line":178,"column":1}},"26":{"start":{"line":53,"column":2},"end":{"line":53,"column":47}},"27":{"start":{"line":55,"column":2},"end":{"line":153,"column":7}},"28":{"start":{"line":155,"column":2},"end":{"line":155,"column":43}},"29":{"start":{"line":156,"column":2},"end":{"line":156,"column":36}},"30":{"start":{"line":157,"column":2},"end":{"line":157,"column":47}},"31":{"start":{"line":159,"column":21},"end":{"line":165,"column":3}},"32":{"start":{"line":167,"column":2},"end":{"line":174,"column":3}},"33":{"start":{"line":168,"column":4},"end":{"line":173,"column":5}},"34":{"start":{"line":169,"column":25},"end":{"line":169,"column":53}},"35":{"start":{"line":170,"column":6},"end":{"line":170,"column":111}},"36":{"start":{"line":172,"column":6},"end":{"line":172,"column":136}},"37":{"start":{"line":175,"column":24},"end":{"line":175,"column":59}},"38":{"start":{"line":176,"column":25},"end":{"line":176,"column":70}},"39":{"start":{"line":177,"column":2},"end":{"line":177,"column":91}},"40":{"start":{"line":180,"column":0},"end":{"line":187,"column":2}}},"fnMap":{"0":{"name":"baseUserResolver","decl":{"start":{"line":12,"column":15},"end":{"line":12,"column":31}},"loc":{"start":{"line":12,"column":43},"end":{"line":19,"column":1}},"line":12},"1":{"name":"shareUserResolver","decl":{"start":{"line":21,"column":15},"end":{"line":21,"column":32}},"loc":{"start":{"line":21,"column":44},"end":{"line":23,"column":1}},"line":21},"2":{"name":"appDataResolver","decl":{"start":{"line":25,"column":15},"end":{"line":25,"column":30}},"loc":{"start":{"line":25,"column":42},"end":{"line":34,"column":1}},"line":25},"3":{"name":"publicDataResolver","decl":{"start":{"line":36,"column":15},"end":{"line":36,"column":33}},"loc":{"start":{"line":36,"column":45},"end":{"line":44,"column":1}},"line":36},"4":{"name":"appNameMapper","decl":{"start":{"line":46,"column":9},"end":{"line":46,"column":22}},"loc":{"start":{"line":46,"column":34},"end":{"line":49,"column":1}},"line":46},"5":{"name":"(anonymous_5)","decl":{"start":{"line":51,"column":15},"end":{"line":51,"column":16}},"loc":{"start":{"line":52,"column":69},"end":{"line":178,"column":1}},"line":52}},"branchMap":{"0":{"loc":{"start":{"line":162,"column":15},"end":{"line":162,"column":48}},"type":"binary-expr","locations":[{"start":{"line":162,"column":15},"end":{"line":162,"column":35}},{"start":{"line":162,"column":39},"end":{"line":162,"column":48}}],"line":162},"1":{"loc":{"start":{"line":167,"column":2},"end":{"line":174,"column":3}},"type":"if","locations":[{"start":{"line":167,"column":2},"end":{"line":174,"column":3}},{"start":{"line":167,"column":2},"end":{"line":174,"column":3}}],"line":167},"2":{"loc":{"start":{"line":176,"column":25},"end":{"line":176,"column":70}},"type":"cond-expr","locations":[{"start":{"line":176,"column":41},"end":{"line":176,"column":58}},{"start":{"line":176,"column":61},"end":{"line":176,"column":70}}],"line":176}},"s":{"0":1,"1":1,"2":1,"3":1,"4":1,"5":1,"6":1,"7":1,"8":1,"9":1,"10":1,"11":1,"12":1,"13":1,"14":1,"15":1,"16":1,"17":1,"18":1,"19":1,"20":1,"21":1,"22":1,"23":1,"24":1,"25":1,"26":0,"27":0,"28":0,"29":0,"30":0,"31":0,"32":0,"33":0,"34":0,"35":0,"36":0,"37":0,"38":0,"39":0,"40":1},"f":{"0":1,"1":1,"2":1,"3":1,"4":1,"5":0},"b":{"0":[0,0],"1":[0,0],"2":[0,0]},"_coverageSchema":"332fd63041d2c1bcb487cc26dd0d5f7d97098a6c","hash":"33e92a2bb8a443fde516fd49c0e2681b3e997093"}
,"/Users/nico/Projects/who-maps/frontend/src/App/app-run.js": {"path":"/Users/nico/Projects/who-maps/frontend/src/App/app-run.js","statementMap":{"0":{"start":{"line":8,"column":16},"end":{"line":8,"column":29}},"1":{"start":{"line":11,"column":2},"end":{"line":16,"column":3}},"2":{"start":{"line":12,"column":24},"end":{"line":12,"column":74}},"3":{"start":{"line":13,"column":4},"end":{"line":15,"column":5}},"4":{"start":{"line":14,"column":6},"end":{"line":14,"column":32}},"5":{"start":{"line":20,"column":2},"end":{"line":23,"column":3}},"6":{"start":{"line":21,"column":4},"end":{"line":21,"column":76}},"7":{"start":{"line":22,"column":4},"end":{"line":22,"column":55}},"8":{"start":{"line":24,"column":2},"end":{"line":24,"column":27}},"9":{"start":{"line":28,"column":16},"end":{"line":28,"column":35}},"10":{"start":{"line":29,"column":2},"end":{"line":31,"column":3}},"11":{"start":{"line":30,"column":4},"end":{"line":30,"column":83}},"12":{"start":{"line":35,"column":14},"end":{"line":35,"column":34}},"13":{"start":{"line":36,"column":2},"end":{"line":38,"column":3}},"14":{"start":{"line":37,"column":4},"end":{"line":37,"column":28}},"15":{"start":{"line":41,"column":12},"end":{"line":123,"column":1}},"16":{"start":{"line":42,"column":2},"end":{"line":42,"column":29}},"17":{"start":{"line":43,"column":2},"end":{"line":43,"column":23}},"18":{"start":{"line":44,"column":2},"end":{"line":44,"column":16}},"19":{"start":{"line":45,"column":26},"end":{"line":45,"column":60}},"20":{"start":{"line":46,"column":25},"end":{"line":46,"column":58}},"21":{"start":{"line":47,"column":2},"end":{"line":47,"column":33}},"22":{"start":{"line":49,"column":2},"end":{"line":52,"column":5}},"23":{"start":{"line":50,"column":4},"end":{"line":50,"column":42}},"24":{"start":{"line":51,"column":4},"end":{"line":51,"column":29}},"25":{"start":{"line":54,"column":2},"end":{"line":58,"column":5}},"26":{"start":{"line":55,"column":4},"end":{"line":55,"column":43}},"27":{"start":{"line":56,"column":4},"end":{"line":56,"column":40}},"28":{"start":{"line":57,"column":4},"end":{"line":57,"column":29}},"29":{"start":{"line":60,"column":2},"end":{"line":62,"column":5}},"30":{"start":{"line":61,"column":4},"end":{"line":61,"column":29}},"31":{"start":{"line":64,"column":2},"end":{"line":76,"column":5}},"32":{"start":{"line":65,"column":15},"end":{"line":65,"column":21}},"33":{"start":{"line":66,"column":4},"end":{"line":66,"column":41}},"34":{"start":{"line":67,"column":4},"end":{"line":67,"column":76}},"35":{"start":{"line":68,"column":18},"end":{"line":68,"column":37}},"36":{"start":{"line":69,"column":4},"end":{"line":71,"column":5}},"37":{"start":{"line":70,"column":6},"end":{"line":70,"column":49}},"38":{"start":{"line":72,"column":4},"end":{"line":74,"column":5}},"39":{"start":{"line":73,"column":6},"end":{"line":73,"column":57}},"40":{"start":{"line":75,"column":4},"end":{"line":75,"column":29}},"41":{"start":{"line":78,"column":20},"end":{"line":85,"column":3}},"42":{"start":{"line":79,"column":4},"end":{"line":84,"column":6}},"43":{"start":{"line":88,"column":31},"end":{"line":105,"column":3}},"44":{"start":{"line":89,"column":19},"end":{"line":89,"column":59}},"45":{"start":{"line":90,"column":4},"end":{"line":90,"column":34}},"46":{"start":{"line":91,"column":20},"end":{"line":92,"column":44}},"47":{"start":{"line":93,"column":4},"end":{"line":101,"column":6}},"48":{"start":{"line":102,"column":4},"end":{"line":102,"column":30}},"49":{"start":{"line":103,"column":4},"end":{"line":103,"column":45}},"50":{"start":{"line":104,"column":4},"end":{"line":104,"column":63}},"51":{"start":{"line":107,"column":28},"end":{"line":111,"column":3}},"52":{"start":{"line":108,"column":4},"end":{"line":110,"column":5}},"53":{"start":{"line":109,"column":6},"end":{"line":109,"column":41}},"54":{"start":{"line":113,"column":2},"end":{"line":113,"column":43}},"55":{"start":{"line":114,"column":2},"end":{"line":114,"column":59}},"56":{"start":{"line":116,"column":2},"end":{"line":118,"column":5}},"57":{"start":{"line":117,"column":4},"end":{"line":117,"column":59}},"58":{"start":{"line":117,"column":21},"end":{"line":117,"column":50}},"59":{"start":{"line":120,"column":26},"end":{"line":120,"column":82}},"60":{"start":{"line":122,"column":2},"end":{"line":122,"column":40}},"61":{"start":{"line":125,"column":0},"end":{"line":134,"column":2}}},"fnMap":{"0":{"name":"scrollToTopOnSuccess","decl":{"start":{"line":10,"column":9},"end":{"line":10,"column":29}},"loc":{"start":{"line":10,"column":47},"end":{"line":17,"column":1}},"line":10},"1":{"name":"checkProfile","decl":{"start":{"line":19,"column":9},"end":{"line":19,"column":21}},"loc":{"start":{"line":19,"column":35},"end":{"line":25,"column":1}},"line":19},"2":{"name":"setCountryIfEmpty","decl":{"start":{"line":27,"column":9},"end":{"line":27,"column":26}},"loc":{"start":{"line":27,"column":42},"end":{"line":32,"column":1}},"line":27},"3":{"name":"setAxiosBaseTokenIfInStorage","decl":{"start":{"line":34,"column":9},"end":{"line":34,"column":37}},"loc":{"start":{"line":34,"column":41},"end":{"line":39,"column":1}},"line":34},"4":{"name":"(anonymous_4)","decl":{"start":{"line":41,"column":12},"end":{"line":41,"column":13}},"loc":{"start":{"line":41,"column":107},"end":{"line":123,"column":1}},"line":41},"5":{"name":"(anonymous_5)","decl":{"start":{"line":49,"column":27},"end":{"line":49,"column":28}},"loc":{"start":{"line":49,"column":33},"end":{"line":52,"column":3}},"line":49},"6":{"name":"(anonymous_6)","decl":{"start":{"line":54,"column":29},"end":{"line":54,"column":30}},"loc":{"start":{"line":54,"column":36},"end":{"line":58,"column":3}},"line":54},"7":{"name":"(anonymous_7)","decl":{"start":{"line":60,"column":27},"end":{"line":60,"column":28}},"loc":{"start":{"line":60,"column":33},"end":{"line":62,"column":3}},"line":60},"8":{"name":"(anonymous_8)","decl":{"start":{"line":64,"column":28},"end":{"line":64,"column":29}},"loc":{"start":{"line":64,"column":35},"end":{"line":76,"column":3}},"line":64},"9":{"name":"(anonymous_9)","decl":{"start":{"line":78,"column":20},"end":{"line":78,"column":21}},"loc":{"start":{"line":78,"column":26},"end":{"line":85,"column":3}},"line":78},"10":{"name":"(anonymous_10)","decl":{"start":{"line":88,"column":31},"end":{"line":88,"column":32}},"loc":{"start":{"line":88,"column":43},"end":{"line":105,"column":3}},"line":88},"11":{"name":"(anonymous_11)","decl":{"start":{"line":107,"column":28},"end":{"line":107,"column":29}},"loc":{"start":{"line":107,"column":34},"end":{"line":111,"column":3}},"line":107},"12":{"name":"(anonymous_12)","decl":{"start":{"line":116,"column":21},"end":{"line":116,"column":22}},"loc":{"start":{"line":116,"column":27},"end":{"line":118,"column":3}},"line":116},"13":{"name":"(anonymous_13)","decl":{"start":{"line":117,"column":13},"end":{"line":117,"column":14}},"loc":{"start":{"line":117,"column":19},"end":{"line":117,"column":52}},"line":117},"14":{"name":"(anonymous_14)","decl":{"start":{"line":117,"column":39},"end":{"line":117,"column":40}},"loc":{"start":{"line":117,"column":45},"end":{"line":117,"column":48}},"line":117}},"branchMap":{"0":{"loc":{"start":{"line":11,"column":2},"end":{"line":16,"column":3}},"type":"if","locations":[{"start":{"line":11,"column":2},"end":{"line":16,"column":3}},{"start":{"line":11,"column":2},"end":{"line":16,"column":3}}],"line":11},"1":{"loc":{"start":{"line":11,"column":6},"end":{"line":11,"column":80}},"type":"binary-expr","locations":[{"start":{"line":11,"column":6},"end":{"line":11,"column":24}},{"start":{"line":11,"column":29},"end":{"line":11,"column":50}},{"start":{"line":11,"column":54},"end":{"line":11,"column":79}}],"line":11},"2":{"loc":{"start":{"line":13,"column":4},"end":{"line":15,"column":5}},"type":"if","locations":[{"start":{"line":13,"column":4},"end":{"line":15,"column":5}},{"start":{"line":13,"column":4},"end":{"line":15,"column":5}}],"line":13},"3":{"loc":{"start":{"line":20,"column":2},"end":{"line":23,"column":3}},"type":"if","locations":[{"start":{"line":20,"column":2},"end":{"line":23,"column":3}},{"start":{"line":20,"column":2},"end":{"line":23,"column":3}}],"line":20},"4":{"loc":{"start":{"line":20,"column":6},"end":{"line":20,"column":79}},"type":"binary-expr","locations":[{"start":{"line":20,"column":6},"end":{"line":20,"column":14}},{"start":{"line":20,"column":18},"end":{"line":20,"column":31}},{"start":{"line":20,"column":35},"end":{"line":20,"column":51}},{"start":{"line":20,"column":55},"end":{"line":20,"column":79}}],"line":20},"5":{"loc":{"start":{"line":29,"column":2},"end":{"line":31,"column":3}},"type":"if","locations":[{"start":{"line":29,"column":2},"end":{"line":31,"column":3}},{"start":{"line":29,"column":2},"end":{"line":31,"column":3}}],"line":29},"6":{"loc":{"start":{"line":29,"column":6},"end":{"line":29,"column":72}},"type":"binary-expr","locations":[{"start":{"line":29,"column":6},"end":{"line":29,"column":29}},{"start":{"line":29,"column":33},"end":{"line":29,"column":72}}],"line":29},"7":{"loc":{"start":{"line":36,"column":2},"end":{"line":38,"column":3}},"type":"if","locations":[{"start":{"line":36,"column":2},"end":{"line":38,"column":3}},{"start":{"line":36,"column":2},"end":{"line":38,"column":3}}],"line":36},"8":{"loc":{"start":{"line":69,"column":4},"end":{"line":71,"column":5}},"type":"if","locations":[{"start":{"line":69,"column":4},"end":{"line":71,"column":5}},{"start":{"line":69,"column":4},"end":{"line":71,"column":5}}],"line":69},"9":{"loc":{"start":{"line":69,"column":8},"end":{"line":69,"column":32}},"type":"binary-expr","locations":[{"start":{"line":69,"column":8},"end":{"line":69,"column":10}},{"start":{"line":69,"column":14},"end":{"line":69,"column":32}}],"line":69},"10":{"loc":{"start":{"line":72,"column":4},"end":{"line":74,"column":5}},"type":"if","locations":[{"start":{"line":72,"column":4},"end":{"line":74,"column":5}},{"start":{"line":72,"column":4},"end":{"line":74,"column":5}}],"line":72},"11":{"loc":{"start":{"line":72,"column":8},"end":{"line":72,"column":56}},"type":"binary-expr","locations":[{"start":{"line":72,"column":8},"end":{"line":72,"column":10}},{"start":{"line":72,"column":14},"end":{"line":72,"column":36}},{"start":{"line":72,"column":40},"end":{"line":72,"column":56}}],"line":72},"12":{"loc":{"start":{"line":108,"column":4},"end":{"line":110,"column":5}},"type":"if","locations":[{"start":{"line":108,"column":4},"end":{"line":110,"column":5}},{"start":{"line":108,"column":4},"end":{"line":110,"column":5}}],"line":108}},"s":{"0":1,"1":3,"2":1,"3":1,"4":1,"5":3,"6":1,"7":1,"8":2,"9":1,"10":1,"11":0,"12":2,"13":2,"14":2,"15":1,"16":1,"17":1,"18":1,"19":1,"20":1,"21":1,"22":1,"23":1,"24":1,"25":1,"26":1,"27":1,"28":1,"29":1,"30":1,"31":1,"32":2,"33":2,"34":2,"35":2,"36":2,"37":1,"38":1,"39":0,"40":1,"41":1,"42":0,"43":1,"44":0,"45":0,"46":0,"47":0,"48":0,"49":0,"50":0,"51":1,"52":0,"53":0,"54":1,"55":1,"56":1,"57":0,"58":0,"59":1,"60":1,"61":1},"f":{"0":3,"1":3,"2":1,"3":2,"4":1,"5":1,"6":1,"7":1,"8":2,"9":0,"10":0,"11":0,"12":0,"13":0,"14":0},"b":{"0":[1,2],"1":[3,1,0],"2":[1,0],"3":[1,2],"4":[3,3,2,2],"5":[0,1],"6":[1,0],"7":[2,0],"8":[1,1],"9":[2,1],"10":[0,1],"11":[1,0,0],"12":[0,0]},"_coverageSchema":"332fd63041d2c1bcb487cc26dd0d5f7d97098a6c","hash":"d9715027e544e9a6b6d6dbe55d439e14f537d177"}
,"/Users/nico/Projects/who-maps/frontend/src/App/appComponent.js": {"path":"/Users/nico/Projects/who-maps/frontend/src/App/appComponent.js","statementMap":{"0":{"start":{"line":1,"column":0},"end":{"line":null,"column":-1}},"1":{"start":{"line":2,"column":0},"end":{"line":null,"column":-1}},"2":{"start":{"line":4,"column":21},"end":{"line":4,"column":0}}},"fnMap":{},"branchMap":{},"s":{"0":0,"1":0,"2":0},"f":{},"b":{}}
,"/Users/nico/Projects/who-maps/frontend/src/App/appModule.js": {"path":"/Users/nico/Projects/who-maps/frontend/src/App/appModule.js","statementMap":{"0":{"start":{"line":2,"column":0},"end":{"line":null,"column":-1}},"1":{"start":{"line":3,"column":0},"end":{"line":null,"column":-1}},"2":{"start":{"line":4,"column":0},"end":{"line":null,"column":-1}},"3":{"start":{"line":5,"column":0},"end":{"line":null,"column":-1}},"4":{"start":{"line":6,"column":0},"end":{"line":null,"column":-1}},"5":{"start":{"line":7,"column":0},"end":{"line":null,"column":-1}},"6":{"start":{"line":8,"column":0},"end":{"line":null,"column":-1}},"7":{"start":{"line":9,"column":0},"end":{"line":null,"column":-1}},"8":{"start":{"line":10,"column":0},"end":{"line":null,"column":-1}},"9":{"start":{"line":11,"column":0},"end":{"line":null,"column":-1}},"10":{"start":{"line":12,"column":0},"end":{"line":null,"column":-1}},"11":{"start":{"line":13,"column":0},"end":{"line":null,"column":-1}},"12":{"start":{"line":14,"column":0},"end":{"line":null,"column":-1}},"13":{"start":{"line":15,"column":0},"end":{"line":null,"column":-1}},"14":{"start":{"line":16,"column":0},"end":{"line":null,"column":-1}},"15":{"start":{"line":17,"column":0},"end":{"line":null,"column":-1}},"16":{"start":{"line":18,"column":0},"end":{"line":null,"column":-1}},"17":{"start":{"line":19,"column":0},"end":{"line":null,"column":-1}},"18":{"start":{"line":20,"column":0},"end":{"line":null,"column":-1}},"19":{"start":{"line":22,"column":28},"end":{"line":22,"column":0}},"20":{"start":{"line":24,"column":0},"end":{"line":null,"column":-1}},"21":{"start":{"line":25,"column":2},"end":{"line":null,"column":-1}},"22":{"start":{"line":29,"column":0},"end":{"line":null,"column":-1}},"23":{"start":{"line":31,"column":4},"end":{"line":null,"column":-1}},"24":{"start":{"line":34,"column":8},"end":{"line":null,"column":-1}},"25":{"start":{"line":35,"column":10},"end":{"line":null,"column":-1}},"26":{"start":{"line":36,"column":10},"end":{"line":null,"column":-1}},"27":{"start":{"line":42,"column":0},"end":{"line":null,"column":-1}}},"fnMap":{"0":{"name":"(anonymous_1)","decl":{"start":{"line":24,"column":47},"end":{"line":24,"column":53}},"loc":{"start":{"line":24,"column":54},"end":{"line":24,"column":0}}},"1":{"name":"(anonymous_2)","decl":{"start":{"line":30,"column":43},"end":{"line":30,"column":43}},"loc":{"start":{"line":30,"column":57},"end":{"line":30,"column":30}}},"2":{"name":"link","decl":{"start":{"line":31,"column":11},"end":{"line":33,"column":11}},"loc":{"start":{"line":33,"column":35},"end":{"line":38,"column":7}}},"3":{"name":"(anonymous_4)","decl":{"start":{"line":34,"column":42},"end":{"line":34,"column":42}},"loc":{"start":{"line":34,"column":56},"end":{"line":34,"column":8}}}},"branchMap":{},"s":{"0":0,"1":0,"2":0,"3":0,"4":0,"5":0,"6":0,"7":0,"8":0,"9":0,"10":0,"11":0,"12":0,"13":0,"14":0,"15":0,"16":0,"17":0,"18":0,"19":0,"20":0,"21":0,"22":0,"23":0,"24":0,"25":0,"26":0,"27":0},"f":{"0":0,"1":0,"2":0,"3":0},"b":{}}
,"/Users/nico/Projects/who-maps/frontend/src/Assessment/AssessmentModuleController.js": {"path":"/Users/nico/Projects/who-maps/frontend/src/Assessment/AssessmentModuleController.js","statementMap":{"0":{"start":{"line":11,"column":4},"end":{"line":11,"column":24}},"1":{"start":{"line":12,"column":4},"end":{"line":12,"column":24}},"2":{"start":{"line":13,"column":4},"end":{"line":13,"column":28}},"3":{"start":{"line":14,"column":4},"end":{"line":14,"column":29}},"4":{"start":{"line":15,"column":4},"end":{"line":15,"column":24}},"5":{"start":{"line":16,"column":4},"end":{"line":16,"column":31}},"6":{"start":{"line":17,"column":4},"end":{"line":17,"column":37}},"7":{"start":{"line":18,"column":4},"end":{"line":18,"column":43}},"8":{"start":{"line":19,"column":4},"end":{"line":19,"column":45}},"9":{"start":{"line":20,"column":4},"end":{"line":20,"column":83}},"10":{"start":{"line":21,"column":4},"end":{"line":21,"column":25}},"11":{"start":{"line":25,"column":4},"end":{"line":25,"column":68}},"12":{"start":{"line":26,"column":24},"end":{"line":27,"column":46}},"13":{"start":{"line":28,"column":4},"end":{"line":38,"column":6}},"14":{"start":{"line":42,"column":4},"end":{"line":45,"column":7}},"15":{"start":{"line":42,"column":27},"end":{"line":42,"column":43}},"16":{"start":{"line":43,"column":6},"end":{"line":43,"column":35}},"17":{"start":{"line":44,"column":6},"end":{"line":44,"column":91}},"18":{"start":{"line":46,"column":4},"end":{"line":48,"column":7}},"19":{"start":{"line":46,"column":27},"end":{"line":46,"column":47}},"20":{"start":{"line":47,"column":6},"end":{"line":47,"column":40}},"21":{"start":{"line":52,"column":4},"end":{"line":52,"column":20}},"22":{"start":{"line":53,"column":4},"end":{"line":53,"column":47}},"23":{"start":{"line":54,"column":4},"end":{"line":54,"column":23}},"24":{"start":{"line":55,"column":4},"end":{"line":55,"column":24}},"25":{"start":{"line":56,"column":4},"end":{"line":56,"column":37}},"26":{"start":{"line":60,"column":4},"end":{"line":60,"column":25}},"27":{"start":{"line":61,"column":4},"end":{"line":61,"column":22}},"28":{"start":{"line":62,"column":4},"end":{"line":62,"column":31}},"29":{"start":{"line":67,"column":4},"end":{"line":70,"column":6}},"30":{"start":{"line":68,"column":6},"end":{"line":68,"column":25}},"31":{"start":{"line":69,"column":6},"end":{"line":69,"column":43}},"32":{"start":{"line":71,"column":4},"end":{"line":71,"column":36}},"33":{"start":{"line":72,"column":4},"end":{"line":74,"column":6}},"34":{"start":{"line":73,"column":6},"end":{"line":73,"column":34}},"35":{"start":{"line":78,"column":4},"end":{"line":78,"column":66}},"36":{"start":{"line":79,"column":4},"end":{"line":79,"column":62}},"37":{"start":{"line":83,"column":4},"end":{"line":83,"column":78}},"38":{"start":{"line":84,"column":4},"end":{"line":84,"column":74}},"39":{"start":{"line":88,"column":4},"end":{"line":91,"column":5}},"40":{"start":{"line":89,"column":6},"end":{"line":89,"column":55}},"41":{"start":{"line":90,"column":6},"end":{"line":90,"column":66}},"42":{"start":{"line":95,"column":4},"end":{"line":97,"column":5}},"43":{"start":{"line":96,"column":6},"end":{"line":96,"column":16}},"44":{"start":{"line":98,"column":16},"end":{"line":98,"column":18}},"45":{"start":{"line":99,"column":4},"end":{"line":105,"column":5}},"46":{"start":{"line":100,"column":6},"end":{"line":104,"column":8}},"47":{"start":{"line":106,"column":4},"end":{"line":106,"column":15}},"48":{"start":{"line":110,"column":4},"end":{"line":110,"column":34}},"49":{"start":{"line":114,"column":4},"end":{"line":116,"column":5}},"50":{"start":{"line":115,"column":6},"end":{"line":115,"column":13}},"51":{"start":{"line":118,"column":21},"end":{"line":118,"column":87}},"52":{"start":{"line":119,"column":4},"end":{"line":119,"column":81}},"53":{"start":{"line":120,"column":4},"end":{"line":120,"column":34}},"54":{"start":{"line":122,"column":18},"end":{"line":122,"column":28}},"55":{"start":{"line":123,"column":17},"end":{"line":123,"column":36}},"56":{"start":{"line":124,"column":18},"end":{"line":124,"column":58}},"57":{"start":{"line":125,"column":16},"end":{"line":125,"column":49}},"58":{"start":{"line":127,"column":24},"end":{"line":127,"column":52}},"59":{"start":{"line":129,"column":29},"end":{"line":148,"column":32}},"60":{"start":{"line":130,"column":6},"end":{"line":130,"column":26}},"61":{"start":{"line":131,"column":6},"end":{"line":131,"column":98}},"62":{"start":{"line":133,"column":6},"end":{"line":145,"column":9}},"63":{"start":{"line":134,"column":8},"end":{"line":144,"column":11}},"64":{"start":{"line":135,"column":10},"end":{"line":143,"column":11}},"65":{"start":{"line":136,"column":27},"end":{"line":136,"column":48}},"66":{"start":{"line":138,"column":12},"end":{"line":138,"column":76}},"67":{"start":{"line":138,"column":50},"end":{"line":138,"column":74}},"68":{"start":{"line":140,"column":25},"end":{"line":140,"column":66}},"69":{"start":{"line":142,"column":12},"end":{"line":142,"column":69}},"70":{"start":{"line":147,"column":6},"end":{"line":147,"column":17}},"71":{"start":{"line":149,"column":4},"end":{"line":149,"column":58}},"72":{"start":{"line":153,"column":4},"end":{"line":153,"column":48}},"73":{"start":{"line":157,"column":4},"end":{"line":157,"column":59}},"74":{"start":{"line":162,"column":6},"end":{"line":162,"column":80}},"75":{"start":{"line":165,"column":4},"end":{"line":165,"column":80}},"76":{"start":{"line":167,"column":4},"end":{"line":167,"column":32}}},"fnMap":{"0":{"name":"(anonymous_0)","decl":{"start":{"line":10,"column":2},"end":{"line":10,"column":3}},"loc":{"start":{"line":10,"column":51},"end":{"line":22,"column":3}},"line":10},"1":{"name":"(anonymous_1)","decl":{"start":{"line":24,"column":2},"end":{"line":24,"column":3}},"loc":{"start":{"line":24,"column":18},"end":{"line":39,"column":3}},"line":24},"2":{"name":"(anonymous_2)","decl":{"start":{"line":41,"column":2},"end":{"line":41,"column":3}},"loc":{"start":{"line":41,"column":14},"end":{"line":49,"column":3}},"line":41},"3":{"name":"(anonymous_3)","decl":{"start":{"line":42,"column":22},"end":{"line":42,"column":23}},"loc":{"start":{"line":42,"column":27},"end":{"line":42,"column":43}},"line":42},"4":{"name":"(anonymous_4)","decl":{"start":{"line":42,"column":45},"end":{"line":42,"column":46}},"loc":{"start":{"line":42,"column":53},"end":{"line":45,"column":5}},"line":42},"5":{"name":"(anonymous_5)","decl":{"start":{"line":46,"column":22},"end":{"line":46,"column":23}},"loc":{"start":{"line":46,"column":27},"end":{"line":46,"column":47}},"line":46},"6":{"name":"(anonymous_6)","decl":{"start":{"line":46,"column":49},"end":{"line":46,"column":50}},"loc":{"start":{"line":46,"column":57},"end":{"line":48,"column":5}},"line":46},"7":{"name":"(anonymous_7)","decl":{"start":{"line":51,"column":2},"end":{"line":51,"column":3}},"loc":{"start":{"line":51,"column":12},"end":{"line":57,"column":3}},"line":51},"8":{"name":"(anonymous_8)","decl":{"start":{"line":59,"column":2},"end":{"line":59,"column":3}},"loc":{"start":{"line":59,"column":15},"end":{"line":63,"column":3}},"line":59},"9":{"name":"(anonymous_9)","decl":{"start":{"line":65,"column":2},"end":{"line":65,"column":3}},"loc":{"start":{"line":65,"column":17},"end":{"line":75,"column":3}},"line":65},"10":{"name":"(anonymous_10)","decl":{"start":{"line":67,"column":20},"end":{"line":67,"column":21}},"loc":{"start":{"line":67,"column":26},"end":{"line":70,"column":5}},"line":67},"11":{"name":"(anonymous_11)","decl":{"start":{"line":72,"column":20},"end":{"line":72,"column":21}},"loc":{"start":{"line":72,"column":26},"end":{"line":74,"column":5}},"line":72},"12":{"name":"(anonymous_12)","decl":{"start":{"line":77,"column":2},"end":{"line":77,"column":3}},"loc":{"start":{"line":77,"column":18},"end":{"line":80,"column":3}},"line":77},"13":{"name":"(anonymous_13)","decl":{"start":{"line":82,"column":2},"end":{"line":82,"column":3}},"loc":{"start":{"line":82,"column":19},"end":{"line":85,"column":3}},"line":82},"14":{"name":"(anonymous_14)","decl":{"start":{"line":87,"column":2},"end":{"line":87,"column":3}},"loc":{"start":{"line":87,"column":27},"end":{"line":92,"column":3}},"line":87},"15":{"name":"(anonymous_15)","decl":{"start":{"line":94,"column":2},"end":{"line":94,"column":3}},"loc":{"start":{"line":94,"column":23},"end":{"line":107,"column":3}},"line":94},"16":{"name":"(anonymous_16)","decl":{"start":{"line":109,"column":2},"end":{"line":109,"column":3}},"loc":{"start":{"line":109,"column":14},"end":{"line":111,"column":3}},"line":109},"17":{"name":"(anonymous_17)","decl":{"start":{"line":113,"column":2},"end":{"line":113,"column":3}},"loc":{"start":{"line":113,"column":32},"end":{"line":150,"column":3}},"line":113},"18":{"name":"(anonymous_18)","decl":{"start":{"line":129,"column":41},"end":{"line":129,"column":42}},"loc":{"start":{"line":129,"column":68},"end":{"line":148,"column":5}},"line":129},"19":{"name":"(anonymous_19)","decl":{"start":{"line":133,"column":30},"end":{"line":133,"column":31}},"loc":{"start":{"line":133,"column":42},"end":{"line":145,"column":7}},"line":133},"20":{"name":"(anonymous_20)","decl":{"start":{"line":134,"column":25},"end":{"line":134,"column":26}},"loc":{"start":{"line":134,"column":39},"end":{"line":144,"column":9}},"line":134},"21":{"name":"(anonymous_21)","decl":{"start":{"line":152,"column":2},"end":{"line":152,"column":3}},"loc":{"start":{"line":152,"column":40},"end":{"line":154,"column":3}},"line":152},"22":{"name":"(anonymous_22)","decl":{"start":{"line":156,"column":2},"end":{"line":156,"column":3}},"loc":{"start":{"line":156,"column":24},"end":{"line":158,"column":3}},"line":156},"23":{"name":"(anonymous_23)","decl":{"start":{"line":160,"column":2},"end":{"line":160,"column":3}},"loc":{"start":{"line":160,"column":20},"end":{"line":168,"column":3}},"line":160},"24":{"name":"assessmentController","decl":{"start":{"line":161,"column":13},"end":{"line":161,"column":33}},"loc":{"start":{"line":161,"column":71},"end":{"line":163,"column":5}},"line":161}},"branchMap":{"0":{"loc":{"start":{"line":26,"column":24},"end":{"line":27,"column":46}},"type":"cond-expr","locations":[{"start":{"line":26,"column":40},"end":{"line":26,"column":84}},{"start":{"line":27,"column":8},"end":{"line":27,"column":46}}],"line":26},"1":{"loc":{"start":{"line":88,"column":4},"end":{"line":91,"column":5}},"type":"if","locations":[{"start":{"line":88,"column":4},"end":{"line":91,"column":5}},{"start":{"line":88,"column":4},"end":{"line":91,"column":5}}],"line":88},"2":{"loc":{"start":{"line":88,"column":8},"end":{"line":88,"column":44}},"type":"binary-expr","locations":[{"start":{"line":88,"column":8},"end":{"line":88,"column":20}},{"start":{"line":88,"column":24},"end":{"line":88,"column":28}},{"start":{"line":88,"column":32},"end":{"line":88,"column":44}}],"line":88},"3":{"loc":{"start":{"line":95,"column":4},"end":{"line":97,"column":5}},"type":"if","locations":[{"start":{"line":95,"column":4},"end":{"line":97,"column":5}},{"start":{"line":95,"column":4},"end":{"line":97,"column":5}}],"line":95},"4":{"loc":{"start":{"line":95,"column":8},"end":{"line":95,"column":46}},"type":"binary-expr","locations":[{"start":{"line":95,"column":8},"end":{"line":95,"column":13}},{"start":{"line":95,"column":17},"end":{"line":95,"column":46}}],"line":95},"5":{"loc":{"start":{"line":114,"column":4},"end":{"line":116,"column":5}},"type":"if","locations":[{"start":{"line":114,"column":4},"end":{"line":116,"column":5}},{"start":{"line":114,"column":4},"end":{"line":116,"column":5}}],"line":114},"6":{"loc":{"start":{"line":114,"column":8},"end":{"line":114,"column":30}},"type":"binary-expr","locations":[{"start":{"line":114,"column":8},"end":{"line":114,"column":13}},{"start":{"line":114,"column":17},"end":{"line":114,"column":30}}],"line":114},"7":{"loc":{"start":{"line":118,"column":21},"end":{"line":118,"column":87}},"type":"cond-expr","locations":[{"start":{"line":118,"column":49},"end":{"line":118,"column":82}},{"start":{"line":118,"column":85},"end":{"line":118,"column":87}}],"line":118},"8":{"loc":{"start":{"line":131,"column":28},"end":{"line":131,"column":97}},"type":"cond-expr","locations":[{"start":{"line":131,"column":50},"end":{"line":131,"column":83}},{"start":{"line":131,"column":86},"end":{"line":131,"column":97}}],"line":131},"9":{"loc":{"start":{"line":135,"column":10},"end":{"line":143,"column":11}},"type":"if","locations":[{"start":{"line":135,"column":10},"end":{"line":143,"column":11}},{"start":{"line":135,"column":10},"end":{"line":143,"column":11}}],"line":135},"10":{"loc":{"start":{"line":138,"column":12},"end":{"line":138,"column":76}},"type":"if","locations":[{"start":{"line":138,"column":12},"end":{"line":138,"column":76}},{"start":{"line":138,"column":12},"end":{"line":138,"column":76}}],"line":138},"11":{"loc":{"start":{"line":142,"column":36},"end":{"line":142,"column":61}},"type":"binary-expr","locations":[{"start":{"line":142,"column":36},"end":{"line":142,"column":56}},{"start":{"line":142,"column":60},"end":{"line":142,"column":61}}],"line":142}},"s":{"0":5,"1":5,"2":5,"3":5,"4":5,"5":5,"6":5,"7":5,"8":5,"9":5,"10":5,"11":0,"12":0,"13":0,"14":0,"15":0,"16":0,"17":0,"18":0,"19":0,"20":0,"21":0,"22":0,"23":0,"24":0,"25":0,"26":0,"27":0,"28":0,"29":1,"30":0,"31":0,"32":1,"33":1,"34":1,"35":0,"36":0,"37":0,"38":0,"39":0,"40":0,"41":0,"42":0,"43":0,"44":0,"45":0,"46":0,"47":0,"48":1,"49":0,"50":0,"51":0,"52":0,"53":0,"54":0,"55":0,"56":0,"57":0,"58":0,"59":0,"60":0,"61":0,"62":0,"63":0,"64":0,"65":0,"66":0,"67":0,"68":0,"69":0,"70":0,"71":0,"72":1,"73":1,"74":5,"75":5,"76":5},"f":{"0":5,"1":0,"2":0,"3":0,"4":0,"5":0,"6":0,"7":0,"8":0,"9":1,"10":0,"11":1,"12":0,"13":0,"14":0,"15":0,"16":1,"17":0,"18":0,"19":0,"20":0,"21":1,"22":1,"23":5,"24":5},"b":{"0":[0,0],"1":[0,0],"2":[0,0,0],"3":[0,0],"4":[0,0],"5":[0,0],"6":[0,0],"7":[0,0],"8":[0,0],"9":[0,0],"10":[0,0],"11":[0,0]},"_coverageSchema":"332fd63041d2c1bcb487cc26dd0d5f7d97098a6c","hash":"1efd9f678953d67e042d2cfb804bde2d7394f6b6"}
,"/Users/nico/Projects/who-maps/frontend/src/Assessment/assessmentComponent.js": {"path":"/Users/nico/Projects/who-maps/frontend/src/Assessment/assessmentComponent.js","statementMap":{"0":{"start":{"line":1,"column":0},"end":{"line":null,"column":-1}},"1":{"start":{"line":2,"column":0},"end":{"line":null,"column":-1}},"2":{"start":{"line":3,"column":0},"end":{"line":null,"column":-1}},"3":{"start":{"line":5,"column":28},"end":{"line":5,"column":0}}},"fnMap":{},"branchMap":{},"s":{"0":0,"1":0,"2":0,"3":0},"f":{},"b":{}}
,"/Users/nico/Projects/who-maps/frontend/src/Assessment/assessmentModule.js": {"path":"/Users/nico/Projects/who-maps/frontend/src/Assessment/assessmentModule.js","statementMap":{"0":{"start":{"line":1,"column":0},"end":{"line":null,"column":-1}},"1":{"start":{"line":2,"column":0},"end":{"line":null,"column":-1}},"2":{"start":{"line":3,"column":0},"end":{"line":null,"column":-1}},"3":{"start":{"line":4,"column":0},"end":{"line":null,"column":-1}},"4":{"start":{"line":5,"column":0},"end":{"line":null,"column":-1}},"5":{"start":{"line":8,"column":19},"end":{"line":8,"column":0}},"6":{"start":{"line":9,"column":11},"end":{"line":9,"column":0}},"7":{"start":{"line":12,"column":2},"end":{"line":null,"column":-1}},"8":{"start":{"line":24,"column":10},"end":{"line":null,"column":-1}},"9":{"start":{"line":27,"column":10},"end":{"line":null,"column":-1}},"10":{"start":{"line":30,"column":10},"end":{"line":null,"column":-1}},"11":{"start":{"line":33,"column":10},"end":{"line":null,"column":-1}},"12":{"start":{"line":36,"column":10},"end":{"line":null,"column":-1}},"13":{"start":{"line":50,"column":10},"end":{"line":null,"column":-1}},"14":{"start":{"line":53,"column":10},"end":{"line":null,"column":-1}},"15":{"start":{"line":56,"column":10},"end":{"line":null,"column":-1}},"16":{"start":{"line":62,"column":0},"end":{"line":null,"column":-1}},"17":{"start":{"line":64,"column":0},"end":{"line":null,"column":-1}}},"fnMap":{"0":{"name":"config","decl":{"start":{"line":11,"column":9},"end":{"line":11,"column":0}},"loc":{"start":{"line":11,"column":51},"end":{"line":60,"column":1}}},"1":{"name":"assessment","decl":{"start":{"line":23,"column":22},"end":{"line":23,"column":27}},"loc":{"start":{"line":23,"column":28},"end":{"line":22,"column":15}}},"2":{"name":"linechart","decl":{"start":{"line":26,"column":21},"end":{"line":26,"column":26}},"loc":{"start":{"line":26,"column":27},"end":{"line":22,"column":15}}},"3":{"name":"statistics","decl":{"start":{"line":29,"column":22},"end":{"line":29,"column":27}},"loc":{"start":{"line":29,"column":28},"end":{"line":22,"column":15}}},"4":{"name":"(anonymous_6)","decl":{"start":{"line":32,"column":26},"end":{"line":32,"column":26}},"loc":{"start":{"line":32,"column":40},"end":{"line":32,"column":13}}},"5":{"name":"(anonymous_7)","decl":{"start":{"line":35,"column":31},"end":{"line":35,"column":31}},"loc":{"start":{"line":35,"column":45},"end":{"line":35,"column":18}}},"6":{"name":"assessment","decl":{"start":{"line":49,"column":22},"end":{"line":49,"column":27}},"loc":{"start":{"line":49,"column":28},"end":{"line":48,"column":15}}},"7":{"name":"linechart","decl":{"start":{"line":52,"column":21},"end":{"line":52,"column":26}},"loc":{"start":{"line":52,"column":27},"end":{"line":48,"column":15}}},"8":{"name":"statistics","decl":{"start":{"line":55,"column":22},"end":{"line":55,"column":27}},"loc":{"start":{"line":55,"column":28},"end":{"line":57,"column":9}}}},"branchMap":{},"s":{"0":0,"1":0,"2":0,"3":0,"4":0,"5":0,"6":0,"7":0,"8":0,"9":0,"10":0,"11":0,"12":0,"13":0,"14":0,"15":0,"16":0,"17":0},"f":{"0":0,"1":0,"2":0,"3":0,"4":0,"5":0,"6":0,"7":0,"8":0},"b":{}}
,"/Users/nico/Projects/who-maps/frontend/src/Assessment/Linechart/LinechartController.js": {"path":"/Users/nico/Projects/who-maps/frontend/src/Assessment/Linechart/LinechartController.js","statementMap":{"0":{"start":{"line":9,"column":4},"end":{"line":9,"column":24}},"1":{"start":{"line":10,"column":4},"end":{"line":10,"column":24}},"2":{"start":{"line":11,"column":4},"end":{"line":11,"column":29}},"3":{"start":{"line":12,"column":4},"end":{"line":12,"column":23}},"4":{"start":{"line":13,"column":4},"end":{"line":13,"column":28}},"5":{"start":{"line":14,"column":4},"end":{"line":14,"column":41}},"6":{"start":{"line":15,"column":4},"end":{"line":15,"column":42}},"7":{"start":{"line":16,"column":4},"end":{"line":16,"column":48}},"8":{"start":{"line":17,"column":4},"end":{"line":17,"column":37}},"9":{"start":{"line":18,"column":4},"end":{"line":18,"column":45}},"10":{"start":{"line":19,"column":4},"end":{"line":19,"column":79}},"11":{"start":{"line":20,"column":4},"end":{"line":20,"column":75}},"12":{"start":{"line":21,"column":4},"end":{"line":21,"column":83}},"13":{"start":{"line":22,"column":4},"end":{"line":22,"column":61}},"14":{"start":{"line":26,"column":4},"end":{"line":26,"column":25}},"15":{"start":{"line":27,"column":4},"end":{"line":27,"column":21}},"16":{"start":{"line":28,"column":4},"end":{"line":28,"column":91}},"17":{"start":{"line":29,"column":4},"end":{"line":29,"column":20}},"18":{"start":{"line":30,"column":4},"end":{"line":30,"column":53}},"19":{"start":{"line":34,"column":4},"end":{"line":34,"column":59}},"20":{"start":{"line":35,"column":4},"end":{"line":37,"column":5}},"21":{"start":{"line":36,"column":6},"end":{"line":36,"column":25}},"22":{"start":{"line":41,"column":22},"end":{"line":41,"column":26}},"23":{"start":{"line":42,"column":4},"end":{"line":48,"column":5}},"24":{"start":{"line":43,"column":6},"end":{"line":43,"column":91}},"25":{"start":{"line":44,"column":11},"end":{"line":48,"column":5}},"26":{"start":{"line":45,"column":6},"end":{"line":45,"column":91}},"27":{"start":{"line":47,"column":6},"end":{"line":47,"column":87}},"28":{"start":{"line":50,"column":4},"end":{"line":52,"column":6}},"29":{"start":{"line":56,"column":19},"end":{"line":56,"column":21}},"30":{"start":{"line":57,"column":23},"end":{"line":57,"column":37}},"31":{"start":{"line":58,"column":4},"end":{"line":58,"column":23}},"32":{"start":{"line":59,"column":4},"end":{"line":59,"column":32}},"33":{"start":{"line":60,"column":4},"end":{"line":60,"column":35}},"34":{"start":{"line":61,"column":4},"end":{"line":61,"column":46}},"35":{"start":{"line":62,"column":4},"end":{"line":62,"column":50}},"36":{"start":{"line":63,"column":4},"end":{"line":63,"column":18}},"37":{"start":{"line":67,"column":19},"end":{"line":67,"column":21}},"38":{"start":{"line":68,"column":4},"end":{"line":68,"column":28}},"39":{"start":{"line":69,"column":4},"end":{"line":69,"column":32}},"40":{"start":{"line":70,"column":4},"end":{"line":70,"column":38}},"41":{"start":{"line":71,"column":4},"end":{"line":71,"column":18}},"42":{"start":{"line":75,"column":27},"end":{"line":75,"column":46}},"43":{"start":{"line":76,"column":19},"end":{"line":78,"column":45}},"44":{"start":{"line":79,"column":19},"end":{"line":79,"column":21}},"45":{"start":{"line":80,"column":4},"end":{"line":80,"column":28}},"46":{"start":{"line":81,"column":4},"end":{"line":81,"column":50}},"47":{"start":{"line":82,"column":4},"end":{"line":82,"column":27}},"48":{"start":{"line":83,"column":4},"end":{"line":83,"column":33}},"49":{"start":{"line":84,"column":4},"end":{"line":84,"column":18}},"50":{"start":{"line":88,"column":4},"end":{"line":88,"column":74}},"51":{"start":{"line":88,"column":27},"end":{"line":88,"column":43}},"52":{"start":{"line":89,"column":4},"end":{"line":92,"column":7}},"53":{"start":{"line":89,"column":33},"end":{"line":89,"column":45}},"54":{"start":{"line":89,"column":52},"end":{"line":89,"column":68}},"55":{"start":{"line":90,"column":21},"end":{"line":90,"column":48}},"56":{"start":{"line":91,"column":6},"end":{"line":91,"column":24}},"57":{"start":{"line":96,"column":23},"end":{"line":96,"column":55}},"58":{"start":{"line":97,"column":4},"end":{"line":101,"column":5}},"59":{"start":{"line":98,"column":6},"end":{"line":98,"column":24}},"60":{"start":{"line":99,"column":11},"end":{"line":101,"column":5}},"61":{"start":{"line":100,"column":6},"end":{"line":100,"column":24}},"62":{"start":{"line":105,"column":4},"end":{"line":112,"column":10}},"63":{"start":{"line":106,"column":6},"end":{"line":110,"column":9}},"64":{"start":{"line":107,"column":8},"end":{"line":109,"column":9}},"65":{"start":{"line":108,"column":10},"end":{"line":108,"column":38}},"66":{"start":{"line":111,"column":6},"end":{"line":111,"column":17}},"67":{"start":{"line":116,"column":4},"end":{"line":116,"column":26}},"68":{"start":{"line":120,"column":4},"end":{"line":120,"column":65}},"69":{"start":{"line":121,"column":4},"end":{"line":121,"column":62}},"70":{"start":{"line":122,"column":4},"end":{"line":122,"column":70}},"71":{"start":{"line":124,"column":18},"end":{"line":127,"column":54}},"72":{"start":{"line":129,"column":23},"end":{"line":129,"column":46}},"73":{"start":{"line":130,"column":24},"end":{"line":130,"column":48}},"74":{"start":{"line":133,"column":4},"end":{"line":135,"column":7}},"75":{"start":{"line":134,"column":6},"end":{"line":134,"column":19}},"76":{"start":{"line":138,"column":19},"end":{"line":143,"column":5}},"77":{"start":{"line":144,"column":18},"end":{"line":144,"column":57}},"78":{"start":{"line":145,"column":19},"end":{"line":145,"column":59}},"79":{"start":{"line":147,"column":20},"end":{"line":149,"column":37}},"80":{"start":{"line":151,"column":4},"end":{"line":153,"column":35}},"81":{"start":{"line":156,"column":4},"end":{"line":162,"column":5}},"82":{"start":{"line":157,"column":6},"end":{"line":159,"column":40}},"83":{"start":{"line":161,"column":6},"end":{"line":161,"column":44}},"84":{"start":{"line":164,"column":19},"end":{"line":166,"column":77}},"85":{"start":{"line":168,"column":22},"end":{"line":170,"column":21}},"86":{"start":{"line":172,"column":24},"end":{"line":174,"column":28}},"87":{"start":{"line":176,"column":19},"end":{"line":176,"column":63}},"88":{"start":{"line":178,"column":18},"end":{"line":185,"column":23}},"89":{"start":{"line":182,"column":28},"end":{"line":182,"column":98}},"90":{"start":{"line":183,"column":8},"end":{"line":183,"column":61}},"91":{"start":{"line":187,"column":18},"end":{"line":190,"column":73}},"92":{"start":{"line":193,"column":4},"end":{"line":196,"column":19}},"93":{"start":{"line":199,"column":4},"end":{"line":202,"column":19}},"94":{"start":{"line":205,"column":4},"end":{"line":212,"column":5}},"95":{"start":{"line":206,"column":6},"end":{"line":211,"column":39}},"96":{"start":{"line":215,"column":4},"end":{"line":231,"column":5}},"97":{"start":{"line":216,"column":19},"end":{"line":218,"column":43}},"98":{"start":{"line":217,"column":16},"end":{"line":217,"column":27}},"99":{"start":{"line":218,"column":16},"end":{"line":218,"column":42}},"100":{"start":{"line":221,"column":6},"end":{"line":223,"column":44}},"101":{"start":{"line":226,"column":6},"end":{"line":230,"column":7}},"102":{"start":{"line":227,"column":8},"end":{"line":229,"column":43}},"103":{"start":{"line":234,"column":20},"end":{"line":234,"column":62}},"104":{"start":{"line":236,"column":4},"end":{"line":260,"column":7}},"105":{"start":{"line":237,"column":6},"end":{"line":259,"column":7}},"106":{"start":{"line":238,"column":8},"end":{"line":258,"column":13}},"107":{"start":{"line":244,"column":30},"end":{"line":248,"column":13}},"108":{"start":{"line":249,"column":12},"end":{"line":249,"column":78}},"109":{"start":{"line":251,"column":12},"end":{"line":254,"column":35}},"110":{"start":{"line":257,"column":12},"end":{"line":257,"column":40}},"111":{"start":{"line":262,"column":6},"end":{"line":270,"column":7}},"112":{"start":{"line":263,"column":8},"end":{"line":269,"column":13}},"113":{"start":{"line":265,"column":12},"end":{"line":265,"column":53}},"114":{"start":{"line":268,"column":12},"end":{"line":268,"column":54}},"115":{"start":{"line":275,"column":4},"end":{"line":279,"column":5}},"116":{"start":{"line":276,"column":6},"end":{"line":276,"column":49}},"117":{"start":{"line":278,"column":6},"end":{"line":278,"column":32}},"118":{"start":{"line":286,"column":4},"end":{"line":286,"column":70}},"119":{"start":{"line":287,"column":4},"end":{"line":287,"column":74}},"120":{"start":{"line":288,"column":4},"end":{"line":288,"column":32}},"121":{"start":{"line":292,"column":4},"end":{"line":292,"column":32}},"122":{"start":{"line":293,"column":4},"end":{"line":293,"column":18}},"123":{"start":{"line":296,"column":6},"end":{"line":296,"column":91}},"124":{"start":{"line":299,"column":4},"end":{"line":299,"column":89}},"125":{"start":{"line":301,"column":4},"end":{"line":301,"column":21}}},"fnMap":{"0":{"name":"(anonymous_0)","decl":{"start":{"line":8,"column":2},"end":{"line":8,"column":3}},"loc":{"start":{"line":8,"column":69},"end":{"line":23,"column":3}},"line":8},"1":{"name":"(anonymous_1)","decl":{"start":{"line":25,"column":2},"end":{"line":25,"column":3}},"loc":{"start":{"line":25,"column":12},"end":{"line":31,"column":3}},"line":25},"2":{"name":"(anonymous_2)","decl":{"start":{"line":33,"column":2},"end":{"line":33,"column":3}},"loc":{"start":{"line":33,"column":15},"end":{"line":38,"column":3}},"line":33},"3":{"name":"(anonymous_3)","decl":{"start":{"line":40,"column":2},"end":{"line":40,"column":3}},"loc":{"start":{"line":40,"column":18},"end":{"line":53,"column":3}},"line":40},"4":{"name":"(anonymous_4)","decl":{"start":{"line":55,"column":2},"end":{"line":55,"column":3}},"loc":{"start":{"line":55,"column":35},"end":{"line":64,"column":3}},"line":55},"5":{"name":"(anonymous_5)","decl":{"start":{"line":66,"column":2},"end":{"line":66,"column":3}},"loc":{"start":{"line":66,"column":33},"end":{"line":72,"column":3}},"line":66},"6":{"name":"(anonymous_6)","decl":{"start":{"line":74,"column":2},"end":{"line":74,"column":3}},"loc":{"start":{"line":74,"column":37},"end":{"line":85,"column":3}},"line":74},"7":{"name":"(anonymous_7)","decl":{"start":{"line":87,"column":2},"end":{"line":87,"column":3}},"loc":{"start":{"line":87,"column":14},"end":{"line":93,"column":3}},"line":87},"8":{"name":"(anonymous_8)","decl":{"start":{"line":88,"column":22},"end":{"line":88,"column":23}},"loc":{"start":{"line":88,"column":27},"end":{"line":88,"column":43}},"line":88},"9":{"name":"(anonymous_9)","decl":{"start":{"line":89,"column":28},"end":{"line":89,"column":29}},"loc":{"start":{"line":89,"column":33},"end":{"line":89,"column":45}},"line":89},"10":{"name":"(anonymous_10)","decl":{"start":{"line":89,"column":47},"end":{"line":89,"column":48}},"loc":{"start":{"line":89,"column":52},"end":{"line":89,"column":68}},"line":89},"11":{"name":"(anonymous_11)","decl":{"start":{"line":89,"column":71},"end":{"line":89,"column":72}},"loc":{"start":{"line":89,"column":77},"end":{"line":92,"column":5}},"line":89},"12":{"name":"(anonymous_12)","decl":{"start":{"line":95,"column":2},"end":{"line":95,"column":3}},"loc":{"start":{"line":95,"column":33},"end":{"line":102,"column":3}},"line":95},"13":{"name":"(anonymous_13)","decl":{"start":{"line":104,"column":2},"end":{"line":104,"column":3}},"loc":{"start":{"line":104,"column":26},"end":{"line":113,"column":3}},"line":104},"14":{"name":"(anonymous_14)","decl":{"start":{"line":105,"column":28},"end":{"line":105,"column":29}},"loc":{"start":{"line":105,"column":46},"end":{"line":112,"column":5}},"line":105},"15":{"name":"(anonymous_15)","decl":{"start":{"line":106,"column":22},"end":{"line":106,"column":23}},"loc":{"start":{"line":106,"column":36},"end":{"line":110,"column":7}},"line":106},"16":{"name":"(anonymous_16)","decl":{"start":{"line":115,"column":2},"end":{"line":115,"column":3}},"loc":{"start":{"line":115,"column":16},"end":{"line":117,"column":3}},"line":115},"17":{"name":"(anonymous_17)","decl":{"start":{"line":119,"column":2},"end":{"line":119,"column":3}},"loc":{"start":{"line":119,"column":62},"end":{"line":282,"column":3}},"line":119},"18":{"name":"(anonymous_18)","decl":{"start":{"line":133,"column":17},"end":{"line":133,"column":18}},"loc":{"start":{"line":133,"column":28},"end":{"line":135,"column":5}},"line":133},"19":{"name":"(anonymous_19)","decl":{"start":{"line":181,"column":18},"end":{"line":181,"column":19}},"loc":{"start":{"line":181,"column":23},"end":{"line":184,"column":7}},"line":181},"20":{"name":"(anonymous_20)","decl":{"start":{"line":217,"column":11},"end":{"line":217,"column":12}},"loc":{"start":{"line":217,"column":16},"end":{"line":217,"column":27}},"line":217},"21":{"name":"(anonymous_21)","decl":{"start":{"line":218,"column":11},"end":{"line":218,"column":12}},"loc":{"start":{"line":218,"column":16},"end":{"line":218,"column":42}},"line":218},"22":{"name":"(anonymous_22)","decl":{"start":{"line":236,"column":20},"end":{"line":236,"column":21}},"loc":{"start":{"line":236,"column":26},"end":{"line":260,"column":5}},"line":236},"23":{"name":"(anonymous_23)","decl":{"start":{"line":243,"column":27},"end":{"line":243,"column":28}},"loc":{"start":{"line":243,"column":33},"end":{"line":255,"column":11}},"line":243},"24":{"name":"(anonymous_24)","decl":{"start":{"line":256,"column":26},"end":{"line":256,"column":27}},"loc":{"start":{"line":256,"column":32},"end":{"line":258,"column":11}},"line":256},"25":{"name":"labelHoverFn","decl":{"start":{"line":261,"column":13},"end":{"line":261,"column":25}},"loc":{"start":{"line":261,"column":29},"end":{"line":271,"column":5}},"line":261},"26":{"name":"(anonymous_26)","decl":{"start":{"line":264,"column":27},"end":{"line":264,"column":28}},"loc":{"start":{"line":264,"column":33},"end":{"line":266,"column":11}},"line":264},"27":{"name":"(anonymous_27)","decl":{"start":{"line":267,"column":26},"end":{"line":267,"column":27}},"loc":{"start":{"line":267,"column":32},"end":{"line":269,"column":11}},"line":267},"28":{"name":"(anonymous_28)","decl":{"start":{"line":285,"column":2},"end":{"line":285,"column":3}},"loc":{"start":{"line":285,"column":23},"end":{"line":289,"column":3}},"line":285},"29":{"name":"(anonymous_29)","decl":{"start":{"line":291,"column":2},"end":{"line":291,"column":3}},"loc":{"start":{"line":291,"column":29},"end":{"line":302,"column":3}},"line":291},"30":{"name":"linechart","decl":{"start":{"line":295,"column":13},"end":{"line":295,"column":22}},"loc":{"start":{"line":295,"column":78},"end":{"line":297,"column":5}},"line":295}},"branchMap":{"0":{"loc":{"start":{"line":35,"column":4},"end":{"line":37,"column":5}},"type":"if","locations":[{"start":{"line":35,"column":4},"end":{"line":37,"column":5}},{"start":{"line":35,"column":
[...]
,"/Users/nico/Projects/who-maps/frontend/src/store/modules/user.js": {"path":"/Users/nico/Projects/who-maps/frontend/src/store/modules/user.js","statementMap":{"0":{"start":{"line":10,"column":16},"end":{"line":10,"column":29}},"1":{"start":{"line":14,"column":26},"end":{"line":24,"column":1}},"2":{"start":{"line":15,"column":2},"end":{"line":22,"column":3}},"3":{"start":{"line":16,"column":22},"end":{"line":16,"column":59}},"4":{"start":{"line":18,"column":4},"end":{"line":20,"column":5}},"5":{"start":{"line":19,"column":6},"end":{"line":19,"column":80}},"6":{"start":{"line":19,"column":41},"end":{"line":19,"column":76}},"7":{"start":{"line":21,"column":4},"end":{"line":21,"column":46}},"8":{"start":{"line":23,"column":2},"end":{"line":23,"column":19}},"9":{"start":{"line":26,"column":31},"end":{"line":30,"column":1}},"10":{"start":{"line":27,"column":20},"end":{"line":27,"column":52}},"11":{"start":{"line":28,"column":19},"end":{"line":28,"column":102}},"12":{"start":{"line":29,"column":2},"end":{"line":29,"column":50}},"13":{"start":{"line":29,"column":29},"end":{"line":29,"column":48}},"14":{"start":{"line":32,"column":27},"end":{"line":34,"column":1}},"15":{"start":{"line":33,"column":2},"end":{"line":33,"column":41}},"16":{"start":{"line":38,"column":25},"end":{"line":45,"column":1}},"17":{"start":{"line":39,"column":2},"end":{"line":39,"column":35}},"18":{"start":{"line":40,"column":2},"end":{"line":40,"column":55}},"19":{"start":{"line":41,"column":2},"end":{"line":41,"column":49}},"20":{"start":{"line":42,"column":2},"end":{"line":42,"column":30}},"21":{"start":{"line":43,"column":2},"end":{"line":43,"column":29}},"22":{"start":{"line":44,"column":2},"end":{"line":44,"column":33}},"23":{"start":{"line":47,"column":29},"end":{"line":60,"column":1}},"24":{"start":{"line":48,"column":2},"end":{"line":48,"column":36}},"25":{"start":{"line":49,"column":2},"end":{"line":49,"column":50}},"26":{"start":{"line":50,"column":2},"end":{"line":58,"column":3}},"27":{"start":{"line":51,"column":4},"end":{"line":51,"column":45}},"28":{"start":{"line":52,"column":4},"end":{"line":55,"column":6}},"29":{"start":{"line":57,"column":4},"end":{"line":57,"column":29}},"30":{"start":{"line":59,"column":2},"end":{"line":59,"column":14}},"31":{"start":{"line":63,"column":2},"end":{"line":72,"column":4}},"32":{"start":{"line":64,"column":18},"end":{"line":64,"column":28}},"33":{"start":{"line":65,"column":4},"end":{"line":71,"column":5}},"34":{"start":{"line":66,"column":24},"end":{"line":66,"column":84}},"35":{"start":{"line":67,"column":21},"end":{"line":67,"column":71}},"36":{"start":{"line":68,"column":6},"end":{"line":68,"column":41}},"37":{"start":{"line":69,"column":6},"end":{"line":69,"column":33}},"38":{"start":{"line":70,"column":6},"end":{"line":70,"column":55}},"39":{"start":{"line":76,"column":2},"end":{"line":89,"column":4}},"40":{"start":{"line":77,"column":4},"end":{"line":88,"column":5}},"41":{"start":{"line":78,"column":23},"end":{"line":79,"column":54}},"42":{"start":{"line":80,"column":6},"end":{"line":80,"column":28}},"43":{"start":{"line":81,"column":6},"end":{"line":81,"column":32}},"44":{"start":{"line":82,"column":6},"end":{"line":82,"column":37}},"45":{"start":{"line":83,"column":6},"end":{"line":83,"column":49}},"46":{"start":{"line":84,"column":6},"end":{"line":84,"column":44}},"47":{"start":{"line":85,"column":6},"end":{"line":85,"column":31}},"48":{"start":{"line":87,"column":6},"end":{"line":87,"column":43}},"49":{"start":{"line":93,"column":2},"end":{"line":105,"column":4}},"50":{"start":{"line":94,"column":4},"end":{"line":104,"column":5}},"51":{"start":{"line":95,"column":23},"end":{"line":95,"column":87}},"52":{"start":{"line":96,"column":6},"end":{"line":96,"column":40}},"53":{"start":{"line":97,"column":6},"end":{"line":97,"column":49}},"54":{"start":{"line":98,"column":6},"end":{"line":98,"column":44}},"55":{"start":{"line":99,"column":6},"end":{"line":99,"column":55}},"56":{"start":{"line":100,"column":6},"end":{"line":100,"column":54}},"57":{"start":{"line":101,"column":6},"end":{"line":101,"column":31}},"58":{"start":{"line":103,"column":6},"end":{"line":103,"column":43}},"59":{"start":{"line":109,"column":2},"end":{"line":123,"column":4}},"60":{"start":{"line":110,"column":18},"end":{"line":110,"column":28}},"61":{"start":{"line":111,"column":15},"end":{"line":111,"column":75}},"62":{"start":{"line":112,"column":16},"end":{"line":112,"column":70}},"63":{"start":{"line":113,"column":19},"end":{"line":113,"column":38}},"64":{"start":{"line":114,"column":14},"end":{"line":114,"column":40}},"65":{"start":{"line":115,"column":4},"end":{"line":115,"column":39}},"66":{"start":{"line":116,"column":4},"end":{"line":116,"column":29}},"67":{"start":{"line":117,"column":19},"end":{"line":117,"column":46}},"68":{"start":{"line":118,"column":4},"end":{"line":118,"column":39}},"69":{"start":{"line":119,"column":4},"end":{"line":119,"column":31}},"70":{"start":{"line":120,"column":4},"end":{"line":120,"column":53}},"71":{"start":{"line":121,"column":4},"end":{"line":121,"column":44}},"72":{"start":{"line":122,"column":4},"end":{"line":122,"column":55}},"73":{"start":{"line":127,"column":2},"end":{"line":142,"column":4}},"74":{"start":{"line":128,"column":4},"end":{"line":128,"column":20}},"75":{"start":{"line":129,"column":4},"end":{"line":129,"column":27}},"76":{"start":{"line":130,"column":4},"end":{"line":136,"column":5}},"77":{"start":{"line":131,"column":6},"end":{"line":131,"column":48}},"78":{"start":{"line":132,"column":6},"end":{"line":132,"column":47}},"79":{"start":{"line":133,"column":6},"end":{"line":133,"column":43}},"80":{"start":{"line":135,"column":6},"end":{"line":135,"column":22}},"81":{"start":{"line":137,"column":4},"end":{"line":141,"column":5}},"82":{"start":{"line":138,"column":6},"end":{"line":138,"column":39}},"83":{"start":{"line":140,"column":6},"end":{"line":140,"column":22}},"84":{"start":{"line":146,"column":2},"end":{"line":154,"column":4}},"85":{"start":{"line":147,"column":25},"end":{"line":147,"column":55}},"86":{"start":{"line":148,"column":27},"end":{"line":148,"column":57}},"87":{"start":{"line":149,"column":20},"end":{"line":149,"column":45}},"88":{"start":{"line":150,"column":22},"end":{"line":150,"column":51}},"89":{"start":{"line":151,"column":4},"end":{"line":153,"column":5}},"90":{"start":{"line":152,"column":6},"end":{"line":152,"column":83}},"91":{"start":{"line":158,"column":19},"end":{"line":158,"column":85}},"92":{"start":{"line":159,"column":2},"end":{"line":159,"column":14}},"93":{"start":{"line":163,"column":19},"end":{"line":163,"column":79}},"94":{"start":{"line":164,"column":2},"end":{"line":164,"column":14}},"95":{"start":{"line":170,"column":2},"end":{"line":189,"column":3}},"96":{"start":{"line":172,"column":4},"end":{"line":172,"column":40}},"97":{"start":{"line":175,"column":20},"end":{"line":175,"column":99}},"98":{"start":{"line":176,"column":4},"end":{"line":176,"column":33}},"99":{"start":{"line":179,"column":20},"end":{"line":179,"column":39}},"100":{"start":{"line":180,"column":4},"end":{"line":180,"column":35}},"101":{"start":{"line":181,"column":4},"end":{"line":181,"column":35}},"102":{"start":{"line":182,"column":4},"end":{"line":182,"column":33}},"103":{"start":{"line":185,"column":4},"end":{"line":185,"column":14}},"104":{"start":{"line":188,"column":4},"end":{"line":188,"column":17}}},"fnMap":{"0":{"name":"(anonymous_0)","decl":{"start":{"line":14,"column":26},"end":{"line":14,"column":27}},"loc":{"start":{"line":14,"column":35},"end":{"line":24,"column":1}},"line":14},"1":{"name":"(anonymous_1)","decl":{"start":{"line":19,"column":36},"end":{"line":19,"column":37}},"loc":{"start":{"line":19,"column":41},"end":{"line":19,"column":76}},"line":19},"2":{"name":"(anonymous_2)","decl":{"start":{"line":26,"column":31},"end":{"line":26,"column":32}},"loc":{"start":{"line":26,"column":40},"end":{"line":30,"column":1}},"line":26},"3":{"name":"(anonymous_3)","decl":{"start":{"line":29,"column":24},"end":{"line":29,"column":25}},"loc":{"start":{"line":29,"column":29},"end":{"line":29,"column":48}},"line":29},"4":{"name":"(anonymous_4)","decl":{"start":{"line":32,"column":27},"end":{"line":32,"column":28}},"loc":{"start":{"line":32,"column":36},"end":{"line":34,"column":1}},"line":32},"5":{"name":"(anonymous_5)","decl":{"start":{"line":38,"column":25},"end":{"line":38,"column":26}},"loc":{"start":{"line":38,"column":42},"end":{"line":45,"column":1}},"line":38},"6":{"name":"(anonymous_6)","decl":{"start":{"line":47,"column":29},"end":{"line":47,"column":30}},"loc":{"start":{"line":47,"column":39},"end":{"line":60,"column":1}},"line":47},"7":{"name":"loadProfile","decl":{"start":{"line":62,"column":16},"end":{"line":62,"column":27}},"loc":{"start":{"line":62,"column":31},"end":{"line":73,"column":1}},"line":62},"8":{"name":"(anonymous_8)","decl":{"start":{"line":63,"column":9},"end":{"line":63,"column":10}},"loc":{"start":{"line":63,"column":39},"end":{"line":72,"column":3}},"line":63},"9":{"name":"doSignup","decl":{"start":{"line":75,"column":16},"end":{"line":75,"column":24}},"loc":{"start":{"line":75,"column":73},"end":{"line":90,"column":1}},"line":75},"10":{"name":"(anonymous_10)","decl":{"start":{"line":76,"column":9},"end":{"line":76,"column":10}},"loc":{"start":{"line":76,"column":27},"end":{"line":89,"column":3}},"line":76},"11":{"name":"doLogin","decl":{"start":{"line":92,"column":16},"end":{"line":92,"column":23}},"loc":{"start":{"line":92,"column":49},"end":{"line":106,"column":1}},"line":92},"12":{"name":"(anonymous_12)","decl":{"start":{"line":93,"column":9},"end":{"line":93,"column":10}},"loc":{"start":{"line":93,"column":27},"end":{"line":105,"column":3}},"line":93},"13":{"name":"saveProfile","decl":{"start":{"line":108,"column":16},"end":{"line":108,"column":27}},"loc":{"start":{"line":108,"column":38},"end":{"line":124,"column":1}},"line":108},"14":{"name":"(anonymous_14)","decl":{"start":{"line":109,"column":9},"end":{"line":109,"column":10}},"loc":{"start":{"line":109,"column":39},"end":{"line":123,"column":3}},"line":109},"15":{"name":"doLogout","decl":{"start":{"line":126,"column":16},"end":{"line":126,"column":24}},"loc":{"start":{"line":126,"column":28},"end":{"line":143,"column":1}},"line":126},"16":{"name":"(anonymous_16)","decl":{"start":{"line":127,"column":9},"end":{"line":127,"column":10}},"loc":{"start":{"line":127,"column":21},"end":{"line":142,"column":3}},"line":127},"17":{"name":"updateTeamViewers","decl":{"start":{"line":145,"column":16},"end":{"line":145,"column":33}},"loc":{"start":{"line":145,"column":49},"end":{"line":155,"column":1}},"line":145},"18":{"name":"(anonymous_18)","decl":{"start":{"line":146,"column":9},"end":{"line":146,"column":10}},"loc":{"start":{"line":146,"column":33},"end":{"line":154,"column":3}},"line":146},"19":{"name":"verifyEmail","decl":{"start":{"line":157,"column":22},"end":{"line":157,"column":33}},"loc":{"start":{"line":157,"column":40},"end":{"line":160,"column":1}},"line":157},"20":{"name":"resetPassword","decl":{"start":{"line":162,"column":22},"end":{"line":162,"column":35}},"loc":{"start":{"line":162,"column":47},"end":{"line":165,"column":1}},"line":162},"21":{"name":"user","decl":{"start":{"line":169,"column":24},"end":{"line":169,"column":28}},"loc":{"start":{"line":169,"column":50},"end":{"line":190,"column":1}},"line":169}},"branchMap":{"0":{"loc":{"start":{"line":15,"column":2},"end":{"line":22,"column":3}},"type":"if","locations":[{"start":{"line":15,"column":2},"end":{"line":22,"column":3}},{"start":{"line":15,"column":2},"end":{"line":22,"column":3}}],"line":15},"1":{"loc":{"start":{"line":18,"column":4},"end":{"line":20,"column":5}},"type":"if","locations":[{"start":{"line":18,"column":4},"end":{"line":20,"column":5}},{"start":{"line":18,"column":4},"end":{"line":20,"column":5}}],"line":18},"2":{"loc":{"start":{"line":18,"column":8},"end":{"line":18,"column":41}},"type":"binary-expr","locations":[{"start":{"line":18,"column":8},"end":{"line":18,"column":17}},{"start":{"line":18,"column":21},"end":{"line":18,"column":41}}],"line":18},"3":{"loc":{"start":{"line":28,"column":19},"end":{"line":28,"column":102}},"type":"cond-expr","locations":[{"start":{"line":28,"column":63},"end":{"line":28,"column":90}},{"start":{"line":28,"column":93},"end":{"line":28,"column":102}}],"line":28},"4":{"loc":{"start":{"line":28,"column":19},"end":{"line":28,"column":60}},"type":"binary-expr","locations":[{"start":{"line":28,"column":19},"end":{"line":28,"column":24}},{"start":{"line":28,"column":28},"end":{"line":28,"column":38}},{"start":{"line":28,"column":42},"end":{"line":28,"column":60}}],"line":28},"5":{"loc":{"start":{"line":50,"column":2},"end":{"line":58,"column":3}},"type":"if","locations":[{"start":{"line":50,"column":2},"end":{"line":58,"column":3}},{"start":{"line":50,"column":2},"end":{"line":58,"column":3}}],"line":50},"6":{"loc":{"start":{"line":53,"column":12},"end":{"line":53,"column":40}},"type":"binary-expr","locations":[{"start":{"line":53,"column":12},"end":{"line":53,"column":34}},{"start":{"line":53,"column":38},"end":{"line":53,"column":40}}],"line":53},"7":{"loc":{"start":{"line":65,"column":4},"end":{"line":71,"column":5}},"type":"if","locations":[{"start":{"line":65,"column":4},"end":{"line":71,"column":5}},{"start":{"line":65,"column":4},"end":{"line":71,"column":5}}],"line":65},"8":{"loc":{"start":{"line":65,"column":8},"end":{"line":65,"column":51}},"type":"binary-expr","locations":[{"start":{"line":65,"column":8},"end":{"line":65,"column":28}},{"start":{"line":65,"column":32},"end":{"line":65,"column":51}}],"line":65},"9":{"loc":{"start":{"line":66,"column":24},"end":{"line":66,"column":84}},"type":"binary-expr","locations":[{"start":{"line":66,"column":24},"end":{"line":66,"column":50}},{"start":{"line":66,"column":54},"end":{"line":66,"column":84}}],"line":66},"10":{"loc":{"start":{"line":111,"column":15},"end":{"line":111,"column":75}},"type":"binary-expr","locations":[{"start":{"line":111,"column":15},"end":{"line":111,"column":41}},{"start":{"line":111,"column":45},"end":{"line":111,"column":75}}],"line":111},"11":{"loc":{"start":{"line":112,"column":16},"end":{"line":112,"column":70}},"type":"cond-expr","locations":[{"start":{"line":112,"column":21},"end":{"line":112,"column":47}},{"start":{"line":112,"column":50},"end":{"line":112,"column":70}}],"line":112},"12":{"loc":{"start":{"line":113,"column":19},"end":{"line":113,"column":38}},"type":"cond-expr","locations":[{"start":{"line":113,"column":24},"end":{"line":113,"column":29}},{"start":{"line":113,"column":32},"end":{"line":113,"column":38}}],"line":113},"13":{"loc":{"start":{"line":151,"column":4},"end":{"line":153,"column":5}},"type":"if","locations":[{"start":{"line":151,"column":4},"end":{"line":153,"column":5}},{"start":{"line":151,"column":4},"end":{"line":153,"column":5}}],"line":151},"14":{"loc":{"start":{"line":151,"column":8},"end":{"line":151,"column":92}},"type":"binary-expr","locations":[{"start":{"line":151,"column":8},"end":{"line":151,"column":46}},{"start":{"line":151,"column":50},"end":{"line":151,"column":92}}],"line":151},"15":{"loc":{"start":{"line":169,"column":30},"end":{"line":169,"column":40}},"type":"default-arg","locations":[{"start":{"line":169,"column":38},"end":{"line":169,"column":40}}],"line":169},"16":{"loc":{"start":{"line":170,"column":2},"end":{"line":189,"column":3}},"type":"switch","locations":[{"start":{"line":171,"column":2},"end":{"line":173,"column":3}},{"start":{"line":174,"column":2},"end":{"line":177,"column":3}},{"start":{"line":178,"column":2},"end":{"line":183,"column":3}},{"start":{"line":184,"column":2},"end":{"line":186,"column":3}},{"start":{"line":187,"column":2},"end":{"line":188,"column":17}}],"line":170},"17":{"loc":{"start":{"line":175,"column":20},"end":{"line":175,"column":99}},"type":"cond-expr","locations":[{"start":{"line":175,"column":36},"end":{"line":175,"column":75}},{"start":{"line":175,"column":78},"end":{"line":175,"column":99}}],"line":175},"18":{"loc":{"start":{"line":179,"column":20},"end":{"line":179,"column":39}},"type":"binary-expr","locations":[{"start":{"line":179,"column":20},"end":{"line":179,"column":33}},{"start":{"line":179,"column":37},"end":{"line":179,"column":39}}],"line":179}},"s":{"0":42,"1":42,"2":4,"3":3,"4":3,"5":1,"6":1,"7":3,"8":1,"9":42,"10":4,"11":4,"12":4,"13":1,"14":42,"15":1,"16":42,"17":1,"18":1,"19":1,"20":1,"21":1,"22":1,"23":42,"24":3,"25":3,"26":3,"27":2,"28":2,"29":1,"30":3,"31":9,"32":4,"33":4,"34":2,"35":2,"36":2,"37":2,"38":2,"39":2,"40":2,"41":2,"42":1,"43":1,"44":1,"45":1,"46":1,"47":1,"48":1,"49":2,"50":2,"51":2,"52":1,"53":1,"54":1,"55":1,"56":1,"57":1,"58":1,"59":2,"60":2,"61":2,"62":2,"63":2,"64":2,"65":2,"66":2,"67":2,"68":2,"69":2,"70":2,"71":2,"72":2,"73":2,"74":2,"75":2,"76":2,"77":2,"78":1,"79":1,"80":1,"81":2,"82":2,"83":1,"84":1,"85":1,"86":1,"87":1,"88":1,"89":1,"90":1,"91":1,"92":1,"93":1,"94":1,"95":7,"96":1,"97":2,"98":2,"99":1,"100":1,"101":1,"102":1,"103":1,"104":2},"f":{"0":4,"1":1,"2":4,"3":1,"4":1,"5":1,"6":3,"7":9,"8":4,"9":2,"10":2,"11":2,"12":2,"13":2,"14":2,"15":2,"16":2,"17":1,"18":1,"19":1,"20":1,"21":7},"b":{"0":[3,1],"1":[1,2],"2":[3,2],"3":[2,2],"4":[4,4,3],"5":[2,1],"6":[2,1],"7":[2,2],"8":[4,3],"9":[2,1],"10":[2,1],"11":[1,1],"12":[1,1],"13":[1,0],"14":[1,0],"15":[2],"16":[1,2,1,1,2],"17":[1,1],"18":[1,1]},"_coverageSchema":"332fd63041d2c1bcb487cc26dd0d5f7d97098a6c","hash":"97ff1b4822dfcdc76d2e6cc993fe68aacd635a7d"}
,"/Users/nico/Projects/who-maps/frontend/src/store/static_data/project_definition.js": {"path":"/Users/nico/Projects/who-maps/frontend/src/store/static_data/project_definition.js","statementMap":{"0":{"start":{"line":1,"column":34},"end":{"line":41,"column":2}},"1":{"start":{"line":1,"column":41},"end":{"line":41,"column":1}}},"fnMap":{"0":{"name":"(anonymous_0)","decl":{"start":{"line":1,"column":34},"end":{"line":1,"column":35}},"loc":{"start":{"line":1,"column":41},"end":{"line":41,"column":1}},"line":1}},"branchMap":{},"s":{"0":42,"1":4},"f":{"0":4},"b":{},"_coverageSchema":"332fd63041d2c1bcb487cc26dd0d5f7d97098a6c","hash":"689d3c6f452ac2f91bffb74d36f6d18e5b6fe9f7"}
}
