TN:
SF:/Users/nico/Projects/who-maps/frontend/src/Storage.js
FN:2,(anonymous_0)
FN:6,(anonymous_1)
FN:18,(anonymous_2)
FN:26,(anonymous_3)
FN:30,(anonymous_4)
FN:35,(anonymous_5)
FNF:6
FNH:6
FNDA:64,(anonymous_0)
FNDA:2,(anonymous_1)
FNDA:1,(anonymous_2)
FNDA:1,(anonymous_3)
FNDA:1,(anonymous_4)
FNDA:1,(anonymous_5)
DA:3,64
DA:7,2
DA:8,1
DA:11,1
DA:15,1
DA:19,1
DA:20,1
DA:22,1
DA:27,1
DA:31,1
DA:36,1
DA:37,1
DA:38,1
DA:39,4
DA:40,4
DA:42,1
LF:16
LH:16
BRDA:7,0,0,1
BRDA:7,0,1,1
BRDA:11,1,0,1
BRDA:11,1,1,0
BRF:4
BRH:3
end_of_record
TN:
SF:/Users/nico/Projects/who-maps/frontend/src/Utilities.js
FN:8,(anonymous_0)
FN:12,(anonymous_1)
FN:17,(anonymous_2)
FN:30,(anonymous_3)
FN:34,(anonymous_4)
FN:45,(anonymous_5)
FN:54,(anonymous_6)
FN:64,(anonymous_7)
FN:74,(anonymous_8)
FN:79,(anonymous_9)
FNF:10
FNH:1
FNDA:0,(anonymous_0)
FNDA:0,(anonymous_1)
FNDA:0,(anonymous_2)
FNDA:0,(anonymous_3)
FNDA:0,(anonymous_4)
FNDA:0,(anonymous_5)
FNDA:0,(anonymous_6)
FNDA:0,(anonymous_7)
FNDA:2,(anonymous_8)
FNDA:0,(anonymous_9)
DA:5,10
DA:9,0
DA:13,0
DA:14,0
DA:15,0
DA:16,0
DA:17,0
DA:18,0
DA:19,0
DA:20,0
DA:21,0
DA:24,0
DA:25,0
DA:26,0
DA:31,0
DA:35,0
DA:36,0
DA:37,0
DA:38,0
DA:39,0
DA:40,0
DA:41,0
DA:42,0
DA:46,0
DA:47,0
DA:49,0
DA:51,0
DA:55,0
DA:56,0
DA:57,0
DA:58,0
DA:59,0
DA:60,0
DA:64,10
DA:65,0
DA:66,0
DA:67,0
DA:68,0
DA:69,0
DA:71,0
DA:74,10
DA:75,2
DA:76,2
DA:79,10
DA:80,0
DA:81,0
DA:83,0
LF:47
LH:6
BRDA:15,0,0,0
BRDA:15,0,1,0
BRDA:19,1,0,0
BRDA:19,1,1,0
BRDA:24,2,0,0
BRDA:24,2,1,0
BRDA:67,3,0,0
BRDA:67,3,1,0
BRDA:68,4,0,0
BRDA:68,4,1,0
BRDA:68,5,0,0
BRDA:68,5,1,0
BRDA:80,6,0,0
BRDA:80,6,1,0
BRF:14
BRH:0
end_of_record
TN:
SF:/Users/nico/Projects/who-maps/frontend/src/index.js
FN:9,storeFetcher
FN:16,(anonymous_2)
FN:22,storeFilter
FN:44,dataCallback
FN:54,(anonymous_5)
FN:60,(anonymous_6)
FN:61,(anonymous_8)
FN:63,(anonymous_10)
FNF:8
FNH:0
FNDA:0,storeFetcher
FNDA:0,(anonymous_2)
FNDA:0,storeFilter
FNDA:0,dataCallback
FNDA:0,(anonymous_5)
FNDA:0,(anonymous_6)
FNDA:0,(anonymous_8)
FNDA:0,(anonymous_10)
DA:1,0
DA:2,0
DA:3,0
DA:7,0
DA:9,0
DA:10,0
DA:11,0
DA:13,0
DA:16,0
DA:17,0
DA:18,0
DA:22,0
DA:23,0
DA:24,0
DA:36,0
DA:40,0
DA:41,0
DA:42,0
DA:45,0
DA:46,0
DA:47,0
DA:49,0
DA:54,0
DA:55,0
DA:60,0
DA:61,0
DA:63,0
DA:64,0
DA:65,0
DA:70,0
LF:30
LH:0
BRDA:10,0,0,0
BRDA:10,0,1,0
BRDA:17,1,0,0
BRDA:17,1,1,0
BRDA:17,2,0,0
BRDA:17,2,1,0
BRDA:40,3,0,0
BRDA:40,3,1,0
BRDA:46,4,0,0
BRDA:46,4,1,0
BRF:10
BRH:0
end_of_record
TN:
SF:/Users/nico/Projects/who-maps/frontend/src/webpackRequires.js
FN:1,(anonymous_0)
FN:4,(anonymous_1)
FN:8,(anonymous_2)
FN:11,(anonymous_3)
FNF:4
FNH:0
FNDA:0,(anonymous_0)
FNDA:0,(anonymous_1)
FNDA:0,(anonymous_2)
FNDA:0,(anonymous_3)
DA:1,3
DA:2,0
DA:4,3
DA:5,0
DA:8,3
DA:9,0
DA:11,3
DA:12,0
LF:8
LH:4
BRF:0
BRH:0
end_of_record
TN:
SF:/Users/nico/Projects/who-maps/frontend/src/App/AppModuleController.js
FN:6,(anonymous_0)
FN:19,(anonymous_1)
FN:35,(anonymous_2)
FN:42,(anonymous_3)
FN:46,(anonymous_4)
FN:53,(anonymous_5)
FN:63,(anonymous_6)
FN:70,(anonymous_7)
FN:71,(anonymous_8)
FN:73,(anonymous_9)
FN:79,(anonymous_10)
FN:80,appController
FNF:12
FNH:11
FNDA:8,(anonymous_0)
FNDA:1,(anonymous_1)
FNDA:1,(anonymous_2)
FNDA:1,(anonymous_3)
FNDA:0,(anonymous_4)
FNDA:8,(anonymous_5)
FNDA:2,(anonymous_6)
FNDA:1,(anonymous_7)
FNDA:1,(anonymous_8)
FNDA:1,(anonymous_9)
FNDA:8,(anonymous_10)
FNDA:8,appController
DA:7,8
DA:8,8
DA:9,8
DA:10,8
DA:11,8
DA:12,8
DA:13,8
DA:14,8
DA:15,8
DA:16,8
DA:20,1
DA:24,1
DA:25,1
DA:26,1
DA:27,1
DA:36,1
DA:37,1
DA:38,1
DA:39,1
DA:43,1
DA:47,0
DA:48,0
DA:49,0
DA:54,8
DA:64,2
DA:71,1
DA:72,1
DA:74,1
DA:75,1
DA:81,8
DA:84,8
DA:86,8
LF:32
LH:29
BRDA:24,0,0,0
BRDA:24,0,1,1
BRDA:47,1,0,0
BRDA:47,1,1,0
BRDA:47,2,0,0
BRDA:47,2,1,0
BRDA:64,3,0,2
BRDA:64,3,1,1
BRDA:64,3,2,1
BRDA:64,3,3,1
BRDA:64,3,4,1
BRF:11
BRH:6
end_of_record
TN:
SF:/Users/nico/Projects/who-maps/frontend/src/App/SystemController.js
FN:4,(anonymous_0)
FN:14,(anonymous_1)
FN:28,(anonymous_2)
FN:32,(anonymous_3)
FN:36,(anonymous_4)
FN:37,(anonymous_5)
FN:39,(anonymous_6)
FN:44,(anonymous_7)
FN:48,(anonymous_8)
FN:52,(anonymous_9)
FN:53,systemController
FNF:11
FNH:11
FNDA:9,(anonymous_0)
FNDA:1,(anonymous_1)
FNDA:1,(anonymous_2)
FNDA:1,(anonymous_3)
FNDA:1,(anonymous_4)
FNDA:1,(anonymous_5)
FNDA:3,(anonymous_6)
FNDA:1,(anonymous_7)
FNDA:1,(anonymous_8)
FNDA:9,(anonymous_9)
FNDA:9,systemController
DA:5,9
DA:6,9
DA:7,9
DA:8,9
DA:9,9
DA:10,9
DA:11,9
DA:15,1
DA:19,1
DA:20,1
DA:29,1
DA:33,1
DA:37,1
DA:38,1
DA:40,3
DA:45,1
DA:49,1
DA:54,9
DA:57,9
DA:59,9
LF:20
LH:20
BRDA:19,0,0,0
BRDA:19,0,1,1
BRF:2
BRH:1
end_of_record
TN:
SF:/Users/nico/Projects/who-maps/frontend/src/App/app-config.js
FN:12,baseUserResolver
FN:21,shareUserResolver
FN:25,appDataResolver
FN:36,publicDataResolver
FN:46,appNameMapper
FN:51,(anonymous_5)
FNF:6
FNH:5
FNDA:1,baseUserResolver
FNDA:1,shareUserResolver
FNDA:1,appDataResolver
FNDA:1,publicDataResolver
FNDA:1,appNameMapper
FNDA:0,(anonymous_5)
DA:10,1
DA:13,1
DA:14,1
DA:15,1
DA:16,1
DA:17,1
DA:18,1
DA:22,1
DA:26,1
DA:27,1
DA:28,1
DA:29,1
DA:30,1
DA:31,1
DA:32,1
DA:33,1
DA:37,1
DA:38,1
DA:39,1
DA:40,1
DA:41,1
DA:42,1
DA:43,1
DA:47,1
DA:48,1
DA:51,1
DA:53,0
DA:55,0
DA:155,0
DA:156,0
DA:157,0
DA:159,0
DA:167,0
DA:168,0
DA:169,0
DA:170,0
DA:172,0
DA:175,0
DA:176,0
DA:177,0
DA:180,1
LF:41
LH:27
BRDA:162,0,0,0
BRDA:162,0,1,0
BRDA:167,1,0,0
BRDA:167,1,1,0
BRDA:176,2,0,0
BRDA:176,2,1,0
BRF:6
BRH:0
end_of_record
TN:
SF:/Users/nico/Projects/who-maps/frontend/src/App/app-run.js
FN:10,scrollToTopOnSuccess
FN:19,checkProfile
FN:27,setCountryIfEmpty
FN:34,setAxiosBaseTokenIfInStorage
FN:41,(anonymous_4)
FN:49,(anonymous_5)
FN:54,(anonymous_6)
FN:60,(anonymous_7)
FN:64,(anonymous_8)
FN:78,(anonymous_9)
FN:88,(anonymous_10)
FN:107,(anonymous_11)
FN:116,(anonymous_12)
FN:117,(anonymous_13)
FN:117,(anonymous_14)
FNF:15
FNH:9
FNDA:3,scrollToTopOnSuccess
FNDA:3,checkProfile
FNDA:1,setCountryIfEmpty
FNDA:2,setAxiosBaseTokenIfInStorage
FNDA:1,(anonymous_4)
FNDA:1,(anonymous_5)
FNDA:1,(anonymous_6)
FNDA:1,(anonymous_7)
FNDA:2,(anonymous_8)
FNDA:0,(anonymous_9)
FNDA:0,(anonymous_10)
FNDA:0,(anonymous_11)
FNDA:0,(anonymous_12)
FNDA:0,(anonymous_13)
FNDA:0,(anonymous_14)
DA:8,1
DA:11,3
DA:12,1
DA:13,1
DA:14,1
DA:20,3
DA:21,1
DA:22,1
DA:24,2
DA:28,1
DA:29,1
DA:30,0
DA:35,2
DA:36,2
DA:37,2
DA:41,1
DA:42,1
DA:43,1
DA:44,1
DA:45,1
DA:46,1
DA:47,1
DA:49,1
DA:50,1
DA:51,1
DA:54,1
DA:55,1
DA:56,1
DA:57,1
DA:60,1
DA:61,1
DA:64,1
DA:65,2
DA:66,2
DA:67,2
DA:68,2
DA:69,2
DA:70,1
DA:72,1
DA:73,0
DA:75,1
DA:78,1
DA:79,0
DA:88,1
DA:89,0
DA:90,0
DA:91,0
DA:93,0
DA:102,0
DA:103,0
DA:104,0
DA:107,1
DA:108,0
DA:109,0
DA:113,1
DA:114,1
DA:116,1
DA:117,0
DA:120,1
DA:122,1
DA:125,1
LF:61
LH:48
BRDA:11,0,0,1
BRDA:11,0,1,2
BRDA:11,1,0,3
BRDA:11,1,1,1
BRDA:11,1,2,0
BRDA:13,2,0,1
BRDA:13,2,1,0
BRDA:20,3,0,1
BRDA:20,3,1,2
BRDA:20,4,0,3
BRDA:20,4,1,3
BRDA:20,4,2,2
BRDA:20,4,3,2
BRDA:29,5,0,0
BRDA:29,5,1,1
BRDA:29,6,0,1
BRDA:29,6,1,0
BRDA:36,7,0,2
BRDA:36,7,1,0
BRDA:69,8,0,1
BRDA:69,8,1,1
BRDA:69,9,0,2
BRDA:69,9,1,1
BRDA:72,10,0,0
BRDA:72,10,1,1
BRDA:72,11,0,1
BRDA:72,11,1,0
BRDA:72,11,2,0
BRDA:108,12,0,0
BRDA:108,12,1,0
BRF:30
BRH:20
end_of_record
TN:
SF:/Users/nico/Projects/who-maps/frontend/src/App/appComponent.js
FNF:0
FNH:0
DA:1,0
DA:2,0
DA:4,0
LF:3
LH:0
BRF:0
BRH:0
end_of_record
TN:
SF:/Users/nico/Projects/who-maps/frontend/src/App/appModule.js
FN:24,(anonymous_1)
FN:30,(anonymous_2)
FN:31,link
FN:34,(anonymous_4)
FNF:4
FNH:0
FNDA:0,(anonymous_1)
FNDA:0,(anonymous_2)
FNDA:0,link
FNDA:0,(anonymous_4)
DA:2,0
DA:3,0
DA:4,0
DA:5,0
DA:6,0
DA:7,0
DA:8,0
DA:9,0
DA:10,0
DA:11,0
DA:12,0
DA:13,0
DA:14,0
DA:15,0
DA:16,0
DA:17,0
DA:18,0
DA:19,0
DA:20,0
DA:22,0
DA:24,0
DA:25,0
DA:29,0
DA:31,0
DA:34,0
DA:35,0
DA:36,0
DA:42,0
LF:28
LH:0
BRF:0
BRH:0
end_of_record
TN:
SF:/Users/nico/Projects/who-maps/frontend/src/Assessment/AssessmentModuleController.js
FN:10,(anonymous_0)
FN:24,(anonymous_1)
FN:41,(anonymous_2)
FN:42,(anonymous_3)
FN:42,(anonymous_4)
FN:46,(anonymous_5)
FN:46,(anonymous_6)
FN:51,(anonymous_7)
FN:59,(anonymous_8)
FN:65,(anonymous_9)
FN:67,(anonymous_10)
FN:72,(anonymous_11)
FN:77,(anonymous_12)
FN:82,(anonymous_13)
FN:87,(anonymous_14)
FN:94,(anonymous_15)
FN:109,(anonymous_16)
FN:113,(anonymous_17)
FN:129,(anonymous_18)
FN:133,(anonymous_19)
FN:134,(anonymous_20)
FN:152,(anonymous_21)
FN:156,(anonymous_22)
FN:160,(anonymous_23)
FN:161,assessmentController
FNF:25
FNH:8
FNDA:5,(anonymous_0)
FNDA:0,(anonymous_1)
FNDA:0,(anonymous_2)
FNDA:0,(anonymous_3)
FNDA:0,(anonymous_4)
FNDA:0,(anonymous_5)
FNDA:0,(anonymous_6)
FNDA:0,(anonymous_7)
FNDA:0,(anonymous_8)
FNDA:1,(anonymous_9)
FNDA:0,(anonymous_10)
FNDA:1,(anonymous_11)
FNDA:0,(anonymous_12)
FNDA:0,(anonymous_13)
FNDA:0,(anonymous_14)
FNDA:0,(anonymous_15)
FNDA:1,(anonymous_16)
FNDA:0,(anonymous_17)
FNDA:0,(anonymous_18)
FNDA:0,(anonymous_19)
FNDA:0,(anonymous_20)
FNDA:1,(anonymous_21)
FNDA:1,(anonymous_22)
FNDA:5,(anonymous_23)
FNDA:5,assessmentController
DA:11,5
DA:12,5
DA:13,5
DA:14,5
DA:15,5
DA:16,5
DA:17,5
DA:18,5
DA:19,5
DA:20,5
DA:21,5
DA:25,0
DA:26,0
DA:28,0
DA:42,0
DA:43,0
DA:44,0
DA:46,0
DA:47,0
DA:52,0
DA:53,0
DA:54,0
DA:55,0
DA:56,0
DA:60,0
DA:61,0
DA:62,0
DA:67,1
DA:68,0
DA:69,0
DA:71,1
DA:72,1
DA:73,1
DA:78,0
DA:79,0
DA:83,0
DA:84,0
DA:88,0
DA:89,0
DA:90,0
DA:95,0
DA:96,0
DA:98,0
DA:99,0
DA:100,0
DA:106,0
DA:110,1
DA:114,0
DA:115,0
DA:118,0
DA:119,0
DA:120,0
DA:122,0
DA:123,0
DA:124,0
DA:125,0
DA:127,0
DA:129,0
DA:130,0
DA:131,0
DA:133,0
DA:134,0
DA:135,0
DA:136,0
DA:138,0
DA:140,0
DA:142,0
DA:147,0
DA:149,0
DA:153,1
DA:157,1
DA:162,5
DA:165,5
DA:167,5
LF:74
LH:21
BRDA:26,0,0,0
BRDA:26,0,1,0
BRDA:88,1,0,0
BRDA:88,1,1,0
BRDA:88,2,0,0
BRDA:88,2,1,0
BRDA:88,2,2,0
BRDA:95,3,0,0
BRDA:95,3,1,0
BRDA:95,4,0,0
BRDA:95,4,1,0
BRDA:114,5,0,0
BRDA:114,5,1,0
BRDA:114,6,0,0
BRDA:114,6,1,0
BRDA:118,7,0,0
BRDA:118,7,1,0
BRDA:131,8,0,0
BRDA:131,8,1,0
BRDA:135,9,0,0
BRDA:135,9,1,0
BRDA:138,10,0,0
BRDA:138,10,1,0
BRDA:142,11,0,0
BRDA:142,11,1,0
BRF:25
BRH:0
end_of_record
TN:
SF:/Users/nico/Projects/who-maps/frontend/src/Assessment/assessmentComponent.js
FNF:0
FNH:0
DA:1,0
DA:2,0
DA:3,0
DA:5,0
LF:4
LH:0
BRF:0
BRH:0
end_of_record
TN:
SF:/Users/nico/Projects/who-maps/frontend/src/Assessment/assessmentModule.js
FN:11,config
FN:23,assessment
FN:26,linechart
FN:29,statistics
FN:32,(anonymous_6)
FN:35,(anonymous_7)
FN:49,assessment
FN:52,linechart
FN:55,statistics
FNF:9
FNH:0
FNDA:0,config
FNDA:0,assessment
FNDA:0,linechart
FNDA:0,statistics
FNDA:0,(anonymous_6)
FNDA:0,(anonymous_7)
FNDA:0,assessment
FNDA:0,linechart
FNDA:0,statistics
DA:1,0
DA:2,0
DA:3,0
DA:4,0
DA:5,0
DA:8,0
DA:9,0
DA:12,0
DA:24,0
DA:27,0
DA:30,0
DA:33,0
DA:36,0
DA:50,0
DA:53,0
DA:56,0
DA:62,0
DA:64,0
LF:18
LH:0
BRF:0
BRH:0
end_of_record
TN:
SF:/Users/nico/Projects/who-maps/frontend/src/Assessment/Linechart/LinechartController.js
FN:8,(anonymous_0)
FN:25,(anonymous_1)
FN:33,(anonymous_2)
FN:40,(anonymous_3)
FN:55,(anonymous_4)
FN:66,(anonymous_5)
FN:74,(anonymous_6)
FN:87,(anonymous_7)
FN:88,(anonymous_8)
FN:89,(anonymous_9)
FN:89,(anonymous_10)
FN:89,(anonymous_11)
FN:95,(anonymous_12)
FN:104,(anonymous_13)
FN:105,(anonymous_14)
FN:106,(anonymous_15)
FN:115,(anonymous_16)
FN:119,(anonymous_17)
FN:133,(anonymous_18)
FN:181,(anonymous_19)
FN:217,(anonymous_20)
FN:218,(anonymous_21)
FN:236,(anonymous_22)
FN:243,(anonymous_23)
FN:256,(anonymous_24)
FN:261,labelHoverFn
FN:264,(anonymous_26)
FN:267,(anonymous_27)
FN:285,(anonymous_28)
FN:291,(anonymous_29)
FN:295,linechart
FNF:31
FNH:4
FNDA:2,(anonymous_0)
FNDA:1,(anonymous_1)
FNDA:0,(anonymous_2)
FNDA:0,(anonymous_3)
FNDA:0,(anonymous_4)
FNDA:0,(anonymous_5)
FNDA:0,(anonymous_6)
FNDA:0,(anonymous_7)
FNDA:0,(anonymous_8)
FNDA:0,(anonymous_9)
FNDA:0,(anonymous_10)
FNDA:0,(anonymous_11)
FNDA:0,(anonymous_12)
FNDA:0,(anonymous_13)
FNDA:0,(anonymous_14)
FNDA:0,(anonymous_15)
FNDA:0,(anonymous_16)
FNDA:0,(anonymous_17)
FNDA:0,(anonymous_18)
FNDA:0,(anonymous_19)
FNDA:0,(anonymous_20)
FNDA:0,(anonymous_21)
FNDA:0,(anonymous_22)
FNDA:0,(anonymous_23)
FNDA:0,(anonymous_24)
FNDA:0,labelHoverFn
FNDA:0,(anonymous_26)
FNDA:0,(anonymous_27)
FNDA:0,(anonymous_28)
FNDA:2,(anonymous_29)
FNDA:2,linechart
DA:9,2
DA:10,2
DA:11,2
DA:12,2
DA:13,2
DA:14,2
DA:15,2
DA:16,2
DA:17,2
DA:18,2
DA:19,2
DA:20,2
DA:21,2
DA:22,2
DA:26,1
DA:27,1
DA:28,1
DA:29,1
DA:30,1
DA:34,0
DA:35,0
DA:36,0
DA:41,0
DA:42,0
DA:43,0
DA:44,0
DA:45,0
DA:47,0
DA:50,0
DA:56,0
DA:57,0
DA:58,0
DA:59,0
DA:60,0
DA:61,0
DA:62,0
DA:63,0
DA:67,0
DA:68,0
DA:69,0
DA:70,0
DA:71,0
DA:75,0
DA:76,0
DA:79,0
DA:80,0
DA:81,0
DA:82,0
DA:83,0
DA:84,0
DA:88,0
DA:89,0
DA:90,0
DA:91,0
DA:96,0
DA:97,0
DA:98,0
DA:99,0
DA:100,0
DA:105,0
DA:106,0
DA:107,0
DA:108,0
DA:111,0
DA:116,0
DA:120,0
DA:121,0
DA:122,0
DA:124,0
DA:129,0
DA:130,0
DA:133,0
DA:134,0
DA:138,0
DA:144,0
DA:145,0
DA:147,0
DA:151,0
DA:156,0
DA:157,0
DA:161,0
DA:164,0
DA:168,0
DA:172,0
DA:176,0
DA:178,0
DA:182,0
DA:183,0
DA:187,0
DA:193,0
DA:199,0
DA:205,0
DA:206,0
DA:215,0
DA:216,0
DA:217,0
DA:218,0
DA:221,0
DA:226,0
DA:227,0
DA:234,0
DA:236,0
DA:237,0
DA:238,0
DA:244,0
DA:249,0
DA:251,0
DA:257,0
DA:262,0
DA:263,0
DA:265,0
DA:268,0
DA:275,0
DA:276,0
DA:278,0
DA:286,0
DA:287,0
DA:288,0
DA:292,2
DA:293,2
DA:296,2
DA:299,2
DA:301,2
LF:123
LH:24
BRDA:35,0,0,0
BRDA:35,0,1,0
BRDA:42,1,0,0
BRDA:42,1,1,0
BRDA:44,2,0,0
BRDA:44,2,1,0
BRDA:97,3,0,0
BRDA:97,3,1,0
BRDA:97,4,0,0
BRDA:97,4,1,0
BRDA:99,5,0,0
BRDA:99,5,1,0
BRDA:107,6,0,0
BRDA:107,6,1,0
BRDA:107,7,0,0
BRDA:107,7,1,0
BRDA:108,8,0,0
BRDA:108,8,1,0
BRDA:121,9,0,0
BRDA:121,9,1,0
BRDA:121,10,0,0
BRDA:121,10,1,0
BRDA:122,11,0,0
BRDA:122,11,1,0
BRDA:122,12,0,0
BRDA:122,12,1,0
BRDA:156,13,0,0
BRDA:156,13,1,0
BRDA:166,14,0,0
BRDA:166,14,1,0
BRDA:176,15,0,0
BRDA:176,15,1,0
BRDA:180,16,0,0
BRDA:180,16,1,0
BRDA:183,17,0,0
BRDA:183,17,1,0
BRDA:190,18,0,0
BRDA:190,18,1,0
BRDA:218,19,0,0
BRDA:218,19,1,0
BRDA:226,20,0,0
BRDA:226,20,1,0
BRDA:234,21,0,0
BRDA:234,21,1,0
BRDA:242,22,0,0
BRDA:242,22,1,0
BRDA:249,23,0,0
BRDA:249,23,1,0
BRDA:275,24,0,0
BRDA:275,24,1,0
BRF:50
BRH:0
end_of_record
TN:
SF:/Users/nico/Projects/who-maps/frontend/src/Assessment/Linechart/linechart.js
FNF:0
FNH:0
DA:1,0
DA:2,0
DA:4,0
LF:3
LH:0
BRF:0
BRH:0
end_of_record
TN:
SF:/Users/nico/Projects/who-maps/frontend/src/Assessment/Statistics/StatisticsController.js
FN:5,StatisticsController
FN:42,statistics
FNF:2
FNH:0
FNDA:0,StatisticsController
FNDA:0,statistics
DA:1,0
DA:2,0
DA:5,0
DA:6,0
DA:7,0
DA:8,0
DA:9,0
DA:10,0
DA:11,0
DA:15,0
DA:16,0
DA:18,0
DA:26,0
DA:30,0
DA:34,0
DA:38,0
DA:43,0
DA:46,0
DA:48,0
LF:19
LH:0
BRDA:16,0,0,0
BRDA:16,0,1,0
BRF:2
BRH:0
end_of_record
TN:
SF:/Users/nico/Projects/who-maps/frontend/src/Assessment/Statistics/statisticsComponent.js
FNF:0
FNH:0
DA:1,0
DA:2,0
DA:3,0
LF:3
LH:0
BRF:0
BRH:0
end_of_record
TN:
SF:/Users/nico/Projects/who-maps/frontend/src/Cms/cmsModule.js
FN:19,config
FN:31,main
FN:34,(anonymous_4)
FN:37,(anonymous_5)
FNF:4
FNH:0
FNDA:0,config
FNDA:0,main
FNDA:0,(anonymous_4)
FNDA:0,(anonymous_5)
DA:1,0
DA:2,0
DA:3,0
DA:4,0
DA:5,0
DA:7,0
DA:8,0
DA:9,0
DA:10,0
DA:11,0
DA:12,0
DA:13,0
DA:14,0
DA:16,0
DA:17,0
DA:20,0
DA:32,0
DA:35,0
DA:38,0
DA:45,0
DA:47,0
LF:21
LH:0
BRF:0
BRH:0
end_of_record
TN:
SF:/Users/nico/Projects/who-maps/frontend/src/Cms/utilities.js
FN:3,(anonymous_0)
FN:8,(anonymous_1)
FN:16,(anonymous_2)
FN:57,(anonymous_3)
FN:61,(anonymous_4)
FN:62,(anonymous_5)
FNF:6
FNH:6
FNDA:1,(anonymous_0)
FNDA:4,(anonymous_1)
FNDA:3,(anonymous_2)
FNDA:3,(anonymous_3)
FNDA:5,(anonymous_4)
FNDA:3,(anonymous_5)
DA:3,4
DA:5,1
DA:8,4
DA:9,4
DA:10,3
DA:11,3
DA:13,1
DA:16,4
DA:17,3
DA:18,1
DA:20,2
DA:21,1
DA:28,1
DA:29,1
DA:30,1
DA:31,1
DA:34,1
DA:35,1
DA:36,2
DA:39,1
DA:40,3
DA:41,3
DA:42,3
DA:43,2
DA:45,1
DA:49,3
DA:50,3
DA:52,3
DA:54,1
DA:57,4
DA:58,3
DA:61,4
DA:62,5
DA:63,3
LF:34
LH:34
BRDA:9,0,0,3
BRDA:9,0,1,1
BRDA:17,1,0,1
BRDA:17,1,1,2
BRDA:20,2,0,1
BRDA:20,2,1,1
BRDA:28,3,0,1
BRDA:28,3,1,0
BRDA:42,4,0,2
BRDA:42,4,1,1
BRF:10
BRH:9
end_of_record
TN:
SF:/Users/nico/Projects/who-maps/frontend/src/Cms/AddNewContent/AddNewContentController.js
FN:6,(anonymous_0)
FN:17,(anonymous_1)
FN:26,(anonymous_2)
FN:30,(anonymous_3)
FN:47,(anonymous_4)
FN:51,(anonymous_5)
FN:55,(anonymous_6)
FN:65,(anonymous_7)
FN:66,addNewContent
FN:76,(anonymous_9)
FN:81,(anonymous_10)
FN:94,(anonymous_11)
FN:97,addNewContent
FNF:13
FNH:11
FNDA:6,(anonymous_0)
FNDA:0,(anonymous_1)
FNDA:1,(anonymous_2)
FNDA:3,(anonymous_3)
FNDA:2,(anonymous_4)
FNDA:1,(anonymous_5)
FNDA:1,(anonymous_6)
FNDA:6,(anonymous_7)
FNDA:6,addNewContent
FNDA:2,(anonymous_9)
FNDA:0,(anonymous_10)
FNDA:2,(anonymous_11)
FNDA:2,addNewContent
DA:7,6
DA:8,6
DA:9,6
DA:10,6
DA:11,6
DA:12,6
DA:13,6
DA:14,6
DA:18,0
DA:27,1
DA:31,3
DA:32,2
DA:33,2
DA:34,2
DA:36,0
DA:37,0
DA:40,1
DA:41,1
DA:43,1
DA:48,2
DA:52,1
DA:56,1
DA:67,6
DA:70,6
DA:71,6
DA:77,2
DA:78,2
DA:82,0
DA:84,0
DA:95,2
DA:98,2
DA:101,2
DA:102,2
LF:33
LH:28
BRDA:31,0,0,2
BRDA:31,0,1,1
BRDA:31,1,0,3
BRDA:31,1,1,2
BRDA:40,2,0,1
BRDA:40,2,1,0
BRDA:82,3,0,0
BRDA:82,3,1,0
BRF:8
BRH:5
end_of_record
TN:
SF:/Users/nico/Projects/who-maps/frontend/src/Cms/AddNewContent/addNewContentComponent.js
FNF:0
FNH:0
DA:1,0
DA:2,0
DA:4,0
LF:3
LH:0
BRF:0
BRH:0
end_of_record
TN:
SF:/Users/nico/Projects/who-maps/frontend/src/Cms/CommentWidget/CommentWidgetController.js
FN:8,(anonymous_0)
FN:17,(anonymous_1)
FN:22,(anonymous_2)
FN:26,(anonymous_3)
FN:34,(anonymous_4)
FN:38,(anonymous_5)
FN:39,(anonymous_6)
FN:43,(anonymous_7)
FN:50,(anonymous_8)
FN:55,(anonymous_9)
FN:59,(anonymous_10)
FN:61,commentWidget
FNF:12
FNH:10
FNDA:8,(anonymous_0)
FNDA:8,(anonymous_1)
FNDA:0,(anonymous_2)
FNDA:0,(anonymous_3)
FNDA:2,(anonymous_4)
FNDA:2,(anonymous_5)
FNDA:1,(anonymous_6)
FNDA:1,(anonymous_7)
FNDA:1,(anonymous_8)
FNDA:2,(anonymous_9)
FNDA:8,(anonymous_10)
FNDA:8,commentWidget
DA:9,8
DA:10,8
DA:11,8
DA:12,8
DA:13,8
DA:14,8
DA:15,8
DA:18,8
DA:19,8
DA:23,0
DA:27,0
DA:35,2
DA:39,2
DA:40,2
DA:44,1
DA:45,1
DA:46,1
DA:51,1
DA:52,1
DA:56,2
DA:60,8
DA:62,8
DA:64,8
DA:65,8
LF:24
LH:22
BRDA:40,0,0,1
BRDA:40,0,1,1
BRDA:45,1,0,1
BRDA:45,1,1,0
BRF:4
BRH:3
end_of_record
TN:
SF:/Users/nico/Projects/who-maps/frontend/src/Cms/CommentWidget/commentWidgetComponent.js
FNF:0
FNH:0
DA:1,0
DA:2,0
DA:4,0
LF:3
LH:0
BRF:0
BRH:0
end_of_record
TN:
SF:/Users/nico/Projects/who-maps/frontend/src/Cms/DashboardWidget/DashboardWidgetController.js
FN:7,(anonymous_0)
FN:15,(anonymous_1)
FN:23,(anonymous_2)
FN:34,(anonymous_3)
FN:35,(anonymous_4)
FN:35,(anonymous_5)
FN:35,(anonymous_6)
FN:42,(anonymous_7)
FN:45,(anonymous_8)
FN:48,(anonymous_9)
FN:49,(anonymous_10)
FN:50,(anonymous_11)
FN:54,(anonymous_12)
FN:58,(anonymous_13)
FN:61,(anonymous_14)
FN:68,(anonymous_15)
FN:69,(anonymous_16)
FN:76,(anonymous_17)
FN:77,(anonymous_18)
FN:84,(anonymous_19)
FN:86,dashboardWidgetController
FNF:21
FNH:20
FNDA:8,(anonymous_0)
FNDA:2,(anonymous_1)
FNDA:0,(anonymous_2)
FNDA:3,(anonymous_3)
FNDA:3,(anonymous_4)
FNDA:3,(anonymous_5)
FNDA:3,(anonymous_6)
FNDA:3,(anonymous_7)
FNDA:3,(anonymous_8)
FNDA:4,(anonymous_9)
FNDA:4,(anonymous_10)
FNDA:4,(anonymous_11)
FNDA:1,(anonymous_12)
FNDA:6,(anonymous_13)
FNDA:1,(anonymous_14)
FNDA:2,(anonymous_15)
FNDA:3,(anonymous_16)
FNDA:2,(anonymous_17)
FNDA:3,(anonymous_18)
FNDA:8,(anonymous_19)
FNDA:8,dashboardWidgetController
DA:8,8
DA:9,8
DA:10,8
DA:11,8
DA:12,8
DA:16,2
DA:17,2
DA:18,2
DA:19,2
DA:20,2
DA:24,0
DA:25,0
DA:26,0
DA:35,3
DA:36,3
DA:37,1
DA:38,1
DA:42,3
DA:46,3
DA:47,1
DA:48,4
DA:49,4
DA:50,4
DA:55,1
DA:56,1
DA:57,1
DA:58,1
DA:59,6
DA:61,1
DA:62,1
DA:64,1
DA:69,3
DA:70,2
DA:71,1
DA:73,2
DA:77,3
DA:78,2
DA:79,1
DA:81,2
DA:85,8
DA:87,8
DA:89,8
DA:90,8
LF:43
LH:40
BRDA:36,0,0,1
BRDA:36,0,1,2
BRDA:36,1,0,3
BRDA:36,1,1,1
BRDA:36,1,2,1
BRDA:46,2,0,1
BRDA:46,2,1,2
BRDA:46,3,0,3
BRDA:46,3,1,1
BRDA:48,4,0,4
BRDA:48,4,1,2
BRDA:49,5,0,4
BRDA:49,5,1,1
BRDA:50,6,0,4
BRDA:50,6,1,1
BRDA:57,7,0,1
BRDA:57,7,1,0
BRDA:70,8,0,1
BRDA:70,8,1,1
BRDA:78,9,0,1
BRDA:78,9,1,1
BRF:21
BRH:20
end_of_record
TN:
SF:/Users/nico/Projects/who-maps/frontend/src/Cms/DashboardWidget/dashboardWidgetComponent.js
FNF:0
FNH:0
DA:1,0
DA:2,0
DA:4,0
LF:3
LH:0
BRF:0
BRH:0
end_of_record
TN:
SF:/Users/nico/Projects/who-maps/frontend/src/Cms/DetailElement/DetailElementController.js
FN:9,(anonymous_0)
FN:22,(anonymous_1)
FN:31,(anonymous_2)
FN:38,(anonymous_3)
FN:39,(anonymous_4)
FN:42,(anonymous_5)
FN:44,(anonymous_6)
FN:55,(anonymous_7)
FN:59,(anonymous_8)
FN:63,(anonymous_9)
FN:70,(anonymous_10)
FN:75,(anonymous_11)
FN:79,(anonymous_12)
FN:84,(anonymous_13)
FN:85,detailElement
FN:95,(anonymous_15)
FN:99,(anonymous_16)
FN:105,(anonymous_17)
FN:114,(anonymous_18)
FN:118,(anonymous_19)
FN:121,detailElement
FNF:21
FNH:20
FNDA:11,(anonymous_0)
FNDA:13,(anonymous_1)
FNDA:0,(anonymous_2)
FNDA:14,(anonymous_3)
FNDA:14,(anonymous_4)
FNDA:16,(anonymous_5)
FNDA:2,(anonymous_6)
FNDA:1,(anonymous_7)
FNDA:1,(anonymous_8)
FNDA:2,(anonymous_9)
FNDA:1,(anonymous_10)
FNDA:2,(anonymous_11)
FNDA:1,(anonymous_12)
FNDA:12,(anonymous_13)
FNDA:11,detailElement
FNDA:4,(anonymous_15)
FNDA:3,(anonymous_16)
FNDA:1,(anonymous_17)
FNDA:1,(anonymous_18)
FNDA:4,(anonymous_19)
FNDA:4,detailElement
DA:10,11
DA:11,11
DA:12,11
DA:13,11
DA:14,11
DA:15,11
DA:16,11
DA:17,11
DA:18,11
DA:19,11
DA:23,13
DA:24,13
DA:28,13
DA:32,0
DA:39,14
DA:43,16
DA:44,2
DA:45,2
DA:47,2
DA:48,1
DA:50,1
DA:56,1
DA:60,1
DA:64,2
DA:65,2
DA:66,1
DA:71,1
DA:72,1
DA:76,2
DA:80,1
DA:81,1
DA:86,11
DA:89,12
DA:90,12
DA:96,4
DA:100,3
DA:101,1
DA:106,1
DA:107,1
DA:114,1
DA:119,4
DA:122,4
DA:125,4
DA:126,4
LF:44
LH:43
BRDA:43,0,0,2
BRDA:43,0,1,14
BRDA:43,1,0,16
BRDA:43,1,1,2
BRDA:47,2,0,1
BRDA:47,2,1,1
BRDA:65,3,0,1
BRDA:65,3,1,1
BRDA:100,4,0,1
BRDA:100,4,1,2
BRF:10
BRH:10
end_of_record
TN:
SF:/Users/nico/Projects/who-maps/frontend/src/Cms/DetailElement/detailElementComponent.js
FNF:0
FNH:0
DA:1,0
DA:2,0
DA:4,0
LF:3
LH:0
BRF:0
BRH:0
end_of_record
TN:
SF:/Users/nico/Projects/who-maps/frontend/src/Cms/ExperiencesList/ExperiencesListController.js
FN:4,(anonymous_0)
FN:11,(anonymous_1)
FN:16,(anonymous_2)
FN:38,(anonymous_3)
FN:39,(anonymous_4)
FN:41,(anonymous_5)
FN:42,(anonymous_6)
FN:48,(anonymous_7)
FN:56,(anonymous_8)
FN:60,(anonymous_9)
FN:62,experienceListController
FNF:11
FNH:9
FNDA:5,(anonymous_0)
FNDA:1,(anonymous_1)
FNDA:0,(anonymous_2)
FNDA:1,(anonymous_3)
FNDA:1,(anonymous_4)
FNDA:1,(anonymous_5)
FNDA:4,(anonymous_6)
FNDA:1,(anonymous_7)
FNDA:0,(anonymous_8)
FNDA:5,(anonymous_9)
FNDA:5,experienceListController
DA:5,5
DA:6,5
DA:7,5
DA:8,5
DA:12,1
DA:13,1
DA:17,0
DA:18,0
DA:19,0
DA:20,0
DA:22,0
DA:30,0
DA:39,1
DA:40,1
DA:42,1
DA:43,4
DA:49,1
DA:50,1
DA:51,1
DA:52,1
DA:53,1
DA:57,0
DA:61,5
DA:63,5
DA:65,5
DA:66,5
LF:26
LH:19
BRDA:43,0,0,4
BRDA:43,0,1,2
BRDA:57,1,0,0
BRDA:57,1,1,0
BRDA:57,1,2,0
BRF:5
BRH:2
end_of_record
TN:
SF:/Users/nico/Projects/who-maps/frontend/src/Cms/ExperiencesList/experiencesListComponent.js
FNF:0
FNH:0
DA:1,0
DA:2,0
DA:4,0
LF:3
LH:0
BRF:0
BRH:0
end_of_record
TN:
SF:/Users/nico/Projects/who-maps/frontend/src/Cms/ListElement/ListElementController.js
FN:5,(anonymous_0)
FN:14,(anonymous_1)
FN:20,(anonymous_2)
FN:24,(anonymous_3)
FN:28,(anonymous_4)
FN:33,(anonymous_5)
FN:40,(anonymous_6)
FN:42,listElement
FNF:8
FNH:5
FNDA:5,(anonymous_0)
FNDA:0,(anonymous_1)
FNDA:0,(anonymous_2)
FNDA:0,(anonymous_3)
FNDA:1,(anonymous_4)
FNDA:1,(anonymous_5)
FNDA:5,(anonymous_6)
FNDA:5,listElement
DA:6,5
DA:7,5
DA:8,5
DA:9,5
DA:10,5
DA:11,5
DA:15,0
DA:21,0
DA:25,0
DA:29,1
DA:30,1
DA:34,1
DA:35,1
DA:36,1
DA:37,1
DA:41,5
DA:43,5
DA:45,5
DA:46,5
LF:19
LH:16
BRF:0
BRH:0
end_of_record
TN:
SF:/Users/nico/Projects/who-maps/frontend/src/Cms/ListElement/listElementComponent.js
FNF:0
FNH:0
DA:1,0
DA:2,0
DA:4,0
LF:3
LH:0
BRF:0
BRH:0
end_of_record
TN:
SF:/Users/nico/Projects/who-maps/frontend/src/Cms/PlanningAndGuidance/PlanningAndGuidanceController.js
FN:5,(anonymous_0)
FN:17,(anonymous_1)
FN:27,(anonymous_2)
FN:31,(anonymous_3)
FN:38,(anonymous_4)
FN:42,(anonymous_5)
FN:43,(anonymous_6)
FN:53,(anonymous_7)
FN:57,(anonymous_8)
FN:59,(anonymous_9)
FN:59,(anonymous_10)
FN:59,(anonymous_11)
FN:60,(anonymous_12)
FN:60,(anonymous_13)
FN:62,(anonymous_14)
FN:63,(anonymous_15)
FN:64,(anonymous_16)
FN:69,(anonymous_17)
FN:74,(anonymous_18)
FN:85,(anonymous_19)
FN:91,(anonymous_20)
FN:97,(anonymous_21)
FN:100,(anonymous_22)
FN:106,(anonymous_23)
FN:107,(anonymous_24)
FN:112,(anonymous_25)
FN:113,(anonymous_26)
FN:118,(anonymous_27)
FN:125,(anonymous_28)
FN:126,(anonymous_29)
FN:131,(anonymous_30)
FN:133,(anonymous_31)
FN:141,(anonymous_32)
FN:142,(anonymous_33)
FN:144,(anonymous_34)
FN:149,(anonymous_35)
FN:153,(anonymous_36)
FN:158,(anonymous_37)
FN:168,(anonymous_38)
FN:172,(anonymous_39)
FN:173,(anonymous_40)
FN:181,(anonymous_41)
FN:183,planningAndGuidance
FNF:43
FNH:15
FNDA:8,(anonymous_0)
FNDA:1,(anonymous_1)
FNDA:1,(anonymous_2)
FNDA:0,(anonymous_3)
FNDA:0,(anonymous_4)
FNDA:0,(anonymous_5)
FNDA:0,(anonymous_6)
FNDA:0,(anonymous_7)
FNDA:0,(anonymous_8)
FNDA:0,(anonymous_9)
FNDA:0,(anonymous_10)
FNDA:0,(anonymous_11)
FNDA:0,(anonymous_12)
FNDA:0,(anonymous_13)
FNDA:0,(anonymous_14)
FNDA:0,(anonymous_15)
FNDA:0,(anonymous_16)
FNDA:0,(anonymous_17)
FNDA:0,(anonymous_18)
FNDA:0,(anonymous_19)
FNDA:0,(anonymous_20)
FNDA:0,(anonymous_21)
FNDA:0,(anonymous_22)
FNDA:1,(anonymous_23)
FNDA:0,(anonymous_24)
FNDA:1,(anonymous_25)
FNDA:1,(anonymous_26)
FNDA:1,(anonymous_27)
FNDA:1,(anonymous_28)
FNDA:0,(anonymous_29)
FNDA:0,(anonymous_30)
FNDA:0,(anonymous_31)
FNDA:0,(anonymous_32)
FNDA:0,(anonymous_33)
FNDA:0,(anonymous_34)
FNDA:0,(anonymous_35)
FNDA:1,(anonymous_36)
FNDA:1,(anonymous_37)
FNDA:2,(anonymous_38)
FNDA:2,(anonymous_39)
FNDA:2,(anonymous_40)
FNDA:8,(anonymous_41)
FNDA:8,planningAndGuidance
DA:6,8
DA:7,8
DA:8,8
DA:9,8
DA:10,8
DA:11,8
DA:12,8
DA:13,8
DA:14,8
DA:18,1
DA:19,1
DA:20,1
DA:21,1
DA:22,1
DA:23,1
DA:24,1
DA:25,1
DA:28,1
DA:32,0
DA:39,0
DA:43,0
DA:44,0
DA:45,0
DA:46,0
DA:48,0
DA:54,0
DA:58,0
DA:59,0
DA:60,0
DA:61,0
DA:62,0
DA:63,0
DA:64,0
DA:65,0
DA:70,0
DA:71,0
DA:75,0
DA:76,0
DA:78,0
DA:80,0
DA:81,0
DA:82,0
DA:83,0
DA:84,0
DA:85,0
DA:86,0
DA:87,0
DA:88,0
DA:89,0
DA:91,0
DA:92,0
DA:94,0
DA:95,0
DA:96,0
DA:97,0
DA:98,0
DA:100,0
DA:101,0
DA:107,1
DA:108,0
DA:113,1
DA:114,1
DA:119,1
DA:126,1
DA:127,0
DA:128,0
DA:130,0
DA:131,0
DA:132,1
DA:133,0
DA:134,0
DA:137,1
DA:142,0
DA:143,0
DA:144,0
DA:145,0
DA:150,0
DA:154,1
DA:155,0
DA:157,1
DA:158,1
DA:159,1
DA:160,1
DA:161,1
DA:163,1
DA:169,2
DA:173,2
DA:174,2
DA:176,2
DA:177,1
DA:182,8
DA:184,8
DA:186,8
DA:187,8
LF:94
LH:41
BRDA:45,0,0,0
BRDA:45,0,1,0
BRDA:45,1,0,0
BRDA:45,1,1,0
BRDA:61,2,0,0
BRDA:61,2,1,0
BRDA:75,3,0,0
BRDA:75,3,1,0
BRDA:75,4,0,0
BRDA:75,4,1,0
BRDA:80,5,0,0
BRDA:80,5,1,0
BRDA:80,6,0,0
BRDA:80,6,1,0
BRDA:88,7,0,0
BRDA:88,7,1,0
BRDA:89,8,0,0
BRDA:89,8,1,0
BRDA:94,9,0,0
BRDA:94,9,1,0
BRDA:94,10,0,0
BRDA:94,10,1,0
BRDA:94,10,2,0
BRDA:127,11,0,0
BRDA:127,11,1,0
BRDA:132,12,0,0
BRDA:132,12,1,1
BRDA:154,13,0,0
BRDA:154,13,1,1
BRDA:157,14,0,1
BRDA:157,14,1,0
BRDA:157,14,2,0
BRDA:161,15,0,1
BRDA:161,15,1,0
BRDA:176,16,0,1
BRDA:176,16,1,1
BRF:36
BRH:6
end_of_record
TN:
SF:/Users/nico/Projects/who-maps/frontend/src/Cms/PlanningAndGuidance/planningAndGuidanceComponent.js
FNF:0
FNH:0
DA:1,0
DA:2,0
DA:4,0
LF:3
LH:0
BRF:0
BRH:0
end_of_record
TN:
SF:/Users/nico/Projects/who-maps/frontend/src/Cms/ReportDeleteButton/ReportDeleteButtonController.js
FN:4,(anonymous_0)
FN:6,(anonymous_1)
FN:9,(anonymous_2)
FN:14,(anonymous_3)
FN:18,(anonymous_4)
FN:22,(anonymous_5)
FN:31,(anonymous_6)
FN:39,(anonymous_7)
FN:43,(anonymous_8)
FN:45,reportButton
FNF:10
FNH:3
FNDA:2,(anonymous_0)
FNDA:0,(anonymous_1)
FNDA:0,(anonymous_2)
FNDA:0,(anonymous_3)
FNDA:0,(anonymous_4)
FNDA:0,(anonymous_5)
FNDA:0,(anonymous_6)
FNDA:0,(anonymous_7)
FNDA:2,(anonymous_8)
FNDA:2,reportButton
DA:5,2
DA:6,2
DA:10,0
DA:11,0
DA:15,0
DA:19,0
DA:23,0
DA:24,0
DA:26,0
DA:28,0
DA:32,0
DA:33,0
DA:35,0
DA:40,0
DA:44,2
DA:46,2
DA:48,2
DA:49,2
LF:18
LH:6
BRDA:10,0,0,0
BRDA:10,0,1,0
BRDA:11,1,0,0
BRDA:11,1,1,0
BRDA:11,2,0,0
BRDA:11,2,1,0
BRDA:23,3,0,0
BRDA:23,3,1,0
BRDA:32,4,0,0
BRDA:32,4,1,0
BRDA:40,5,0,0
BRDA:40,5,1,0
BRF:12
BRH:0
end_of_record
TN:
SF:/Users/nico/Projects/who-maps/frontend/src/Cms/ReportDeleteButton/reportDeleteButtonComponent.js
FNF:0
FNH:0
DA:1,0
DA:2,0
DA:4,0
LF:3
LH:0
BRF:0
BRH:0
end_of_record
TN:
SF:/Users/nico/Projects/who-maps/frontend/src/Cms/StaticInfoWidget/StaticInfoWidgetController.js
FN:2,(anonymous_0)
FN:4,staticInfoWidgetController
FNF:2
FNH:2
FNDA:2,(anonymous_0)
FNDA:2,staticInfoWidgetController
DA:3,2
DA:5,2
DA:7,2
DA:8,2
LF:4
LH:4
BRF:0
BRH:0
end_of_record
TN:
SF:/Users/nico/Projects/who-maps/frontend/src/Cms/StaticInfoWidget/staticInfoWidgetComponent.js
FNF:0
FNH:0
DA:1,0
DA:2,0
DA:4,0
LF:3
LH:0
BRF:0
BRH:0
end_of_record
TN:
SF:/Users/nico/Projects/who-maps/frontend/src/Common/EE.js
FN:4,EE
FNF:1
FNH:0
FNDA:0,EE
DA:1,0
DA:4,0
DA:5,0
DA:9,0
LF:4
LH:0
BRF:0
BRH:0
end_of_record
TN:
SF:/Users/nico/Projects/who-maps/frontend/src/Common/TopBarBheaviour.js
FN:4,(anonymous_0)
FN:13,(anonymous_1)
FN:18,(anonymous_2)
FN:20,(anonymous_3)
FN:32,(anonymous_4)
FN:53,(anonymous_5)
FN:64,(anonymous_6)
FNF:7
FNH:1
FNDA:4,(anonymous_0)
FNDA:0,(anonymous_1)
FNDA:0,(anonymous_2)
FNDA:0,(anonymous_3)
FNDA:0,(anonymous_4)
FNDA:0,(anonymous_5)
FNDA:0,(anonymous_6)
DA:5,4
DA:6,4
DA:7,4
DA:8,4
DA:9,4
DA:10,4
DA:14,0
DA:15,0
DA:21,0
DA:22,0
DA:23,0
DA:24,0
DA:33,0
DA:34,0
DA:35,0
DA:37,0
DA:38,0
DA:40,0
DA:41,0
DA:43,0
DA:44,0
DA:46,0
DA:47,0
DA:50,0
DA:54,0
DA:55,0
DA:56,0
DA:57,0
DA:58,0
DA:59,0
DA:61,0
DA:65,0
DA:66,0
LF:33
LH:6
BRDA:23,0,0,0
BRDA:23,0,1,0
BRDA:23,0,2,0
BRDA:23,0,3,0
BRDA:34,1,0,0
BRDA:34,1,1,0
BRDA:35,2,0,0
BRDA:35,2,1,0
BRDA:35,2,2,0
BRDA:35,2,3,0
BRDA:55,3,0,0
BRDA:55,3,1,0
BRF:12
BRH:0
end_of_record
TN:
SF:/Users/nico/Projects/who-maps/frontend/src/Common/common.js
FNF:0
FNH:0
DA:1,0
DA:2,0
DA:3,0
DA:4,0
DA:5,0
DA:6,0
DA:7,0
DA:8,0
DA:9,0
DA:10,0
DA:11,0
DA:12,0
DA:13,0
DA:14,0
DA:15,0
DA:16,0
DA:17,0
DA:18,0
DA:19,0
DA:20,0
DA:21,0
DA:22,0
DA:24,0
DA:26,0
DA:27,0
DA:30,0
DA:32,0
LF:27
LH:0
BRDA:26,0,0,0
BRDA:26,0,1,0
BRF:2
BRH:0
end_of_record
TN:
SF:/Users/nico/Projects/who-maps/frontend/src/Common/Axis/AxisController.js
FN:4,(anonymous_0)
FN:14,(anonymous_1)
FN:34,(anonymous_2)
FN:41,(anonymous_3)
FN:45,(anonymous_4)
FN:52,(anonymous_5)
FN:56,(anonymous_6)
FN:61,(anonymous_7)
FN:72,(anonymous_8)
FN:74,newAxis
FNF:10
FNH:8
FNDA:7,(anonymous_0)
FNDA:0,(anonymous_1)
FNDA:8,(anonymous_2)
FNDA:0,(anonymous_3)
FNDA:3,(anonymous_4)
FNDA:1,(anonymous_5)
FNDA:1,(anonymous_6)
FNDA:6,(anonymous_7)
FNDA:7,(anonymous_8)
FNDA:7,newAxis
DA:5,7
DA:6,7
DA:7,7
DA:8,7
DA:9,7
DA:10,7
DA:11,7
DA:15,0
DA:16,0
DA:17,0
DA:18,0
DA:19,0
DA:20,0
DA:21,0
DA:22,0
DA:35,8
DA:36,7
DA:38,8
DA:42,0
DA:46,3
DA:47,2
DA:49,1
DA:53,1
DA:57,1
DA:58,1
DA:62,6
DA:63,2
DA:65,4
DA:66,2
DA:69,2
DA:73,7
DA:75,7
DA:77,7
DA:78,7
LF:34
LH:25
BRDA:16,0,0,0
BRDA:16,0,1,0
BRDA:35,1,0,7
BRDA:35,1,1,1
BRDA:35,2,0,8
BRDA:35,2,1,7
BRDA:46,3,0,2
BRDA:46,3,1,1
BRDA:62,4,0,2
BRDA:62,4,1,4
BRDA:65,5,0,2
BRDA:65,5,1,2
BRF:12
BRH:10
end_of_record
TN:
SF:/Users/nico/Projects/who-maps/frontend/src/Common/Axis/axisComponent.js
FNF:0
FNH:0
DA:1,0
DA:2,0
DA:4,0
LF:3
LH:0
BRF:0
BRH:0
end_of_record
TN:
SF:/Users/nico/Projects/who-maps/frontend/src/Common/CountryMap/CountryMapController.js
FN:10,(anonymous_0)
FN:28,(anonymous_1)
FN:39,(anonymous_2)
FN:48,(anonymous_3)
FN:64,(anonymous_4)
FN:69,(anonymous_5)
FN:70,(anonymous_6)
FN:71,(anonymous_7)
FN:72,(anonymous_8)
FN:75,(anonymous_9)
FN:82,(anonymous_10)
FN:89,(anonymous_11)
FN:91,(anonymous_12)
FN:95,(anonymous_13)
FN:104,(anonymous_14)
FN:107,(anonymous_15)
FN:112,(anonymous_16)
FN:115,(anonymous_17)
FN:120,(anonymous_18)
FN:126,(anonymous_19)
FN:128,(anonymous_20)
FN:134,(anonymous_21)
FN:153,(anonymous_22)
FN:170,(anonymous_23)
FN:173,(anonymous_24)
FN:185,(anonymous_25)
FN:186,(anonymous_26)
FN:199,(anonymous_27)
FN:212,(anonymous_28)
FN:225,(anonymous_29)
FN:229,(anonymous_30)
FN:232,countrymap
FNF:32
FNH:30
FNDA:16,(anonymous_0)
FNDA:16,(anonymous_1)
FNDA:16,(anonymous_2)
FNDA:18,(anonymous_3)
FNDA:1,(anonymous_4)
FNDA:16,(anonymous_5)
FNDA:16,(anonymous_6)
FNDA:16,(anonymous_7)
FNDA:16,(anonymous_8)
FNDA:17,(anonymous_9)
FNDA:16,(anonymous_10)
FNDA:17,(anonymous_11)
FNDA:1,(anonymous_12)
FNDA:3,(anonymous_13)
FNDA:1,(anonymous_14)
FNDA:14,(anonymous_15)
FNDA:1,(anonymous_16)
FNDA:14,(anonymous_17)
FNDA:6,(anonymous_18)
FNDA:6,(anonymous_19)
FNDA:12,(anonymous_20)
FNDA:6,(anonymous_21)
FNDA:5,(anonymous_22)
FNDA:70,(anonymous_23)
FNDA:525,(anonymous_24)
FNDA:0,(anonymous_25)
FNDA:0,(anonymous_26)
FNDA:5,(anonymous_27)
FNDA:1,(anonymous_28)
FNDA:1,(anonymous_29)
FNDA:16,(anonymous_30)
FNDA:16,countrymap
DA:11,16
DA:12,16
DA:13,16
DA:14,16
DA:15,16
DA:16,16
DA:17,16
DA:18,16
DA:19,16
DA:20,16
DA:21,16
DA:22,16
DA:23,16
DA:24,16
DA:25,16
DA:29,16
DA:30,16
DA:31,16
DA:32,16
DA:33,16
DA:34,16
DA:35,16
DA:36,16
DA:37,16
DA:40,16
DA:49,18
DA:53,18
DA:54,18
DA:56,18
DA:57,18
DA:59,18
DA:65,1
DA:66,1
DA:70,16
DA:71,16
DA:72,16
DA:76,17
DA:77,1
DA:78,1
DA:83,16
DA:84,0
DA:85,0
DA:90,17
DA:91,1
DA:92,1
DA:93,0
DA:95,1
DA:96,3
DA:98,1
DA:100,1
DA:105,1
DA:106,1
DA:107,1
DA:108,14
DA:113,1
DA:114,1
DA:115,1
DA:116,14
DA:121,6
DA:122,6
DA:123,6
DA:127,6
DA:129,12
DA:135,6
DA:149,6
DA:150,6
DA:154,5
DA:155,5
DA:156,5
DA:157,1
DA:158,1
DA:160,5
DA:161,5
DA:163,5
DA:164,5
DA:165,5
DA:168,5
DA:170,5
DA:171,70
DA:172,70
DA:173,525
DA:174,70
DA:186,0
DA:187,0
DA:194,0
DA:195,0
DA:199,5
DA:200,5
DA:203,5
DA:205,0
DA:206,0
DA:209,5
DA:213,1
DA:214,14
DA:215,14
DA:216,2
DA:217,2
DA:219,12
DA:220,12
DA:226,1
DA:230,16
DA:233,16
DA:236,16
DA:238,16
LF:104
LH:95
BRDA:54,0,0,1
BRDA:54,0,1,17
BRDA:76,1,0,1
BRDA:76,1,1,16
BRDA:76,2,0,17
BRDA:76,2,1,1
BRDA:76,2,2,1
BRDA:83,3,0,0
BRDA:83,3,1,16
BRDA:90,4,0,1
BRDA:90,4,1,16
BRDA:90,5,0,17
BRDA:90,5,1,1
BRDA:92,6,0,0
BRDA:92,6,1,1
BRDA:96,7,0,3
BRDA:96,7,1,3
BRDA:156,8,0,1
BRDA:156,8,1,4
BRDA:172,9,0,70
BRDA:172,9,1,0
BRDA:189,10,0,0
BRDA:189,10,1,0
BRDA:215,11,0,2
BRDA:215,11,1,12
BRF:25
BRH:20
end_of_record
TN:
SF:/Users/nico/Projects/who-maps/frontend/src/Common/CountryMap/countrymap.js
FNF:0
FNH:0
DA:1,0
DA:2,0
DA:4,0
LF:3
LH:0
BRF:0
BRH:0
end_of_record
TN:
SF:/Users/nico/Projects/who-maps/frontend/src/Common/CountryPartners/CountryPartnersController.js
FN:3,CountryPartnersController
FN:23,countryPartners
FNF:2
FNH:0
FNDA:0,CountryPartnersController
FNDA:0,countryPartners
DA:3,0
DA:4,0
DA:5,0
DA:6,0
DA:7,0
DA:8,0
DA:18,0
DA:22,0
DA:24,0
DA:27,0
DA:29,0
LF:11
LH:0
BRF:0
BRH:0
end_of_record
TN:
SF:/Users/nico/Projects/who-maps/frontend/src/Common/CountryPartners/countryPartnersComponent.js
FNF:0
FNH:0
DA:1,0
DA:2,0
DA:4,0
LF:3
LH:0
BRF:0
BRH:0
end_of_record
TN:
SF:/Users/nico/Projects/who-maps/frontend/src/Common/CountryTopBar/CountryTopBarController.js
FN:6,(anonymous_0)
FN:14,(anonymous_1)
FN:27,(anonymous_2)
FN:38,(anonymous_3)
FN:43,(anonymous_4)
FN:45,(anonymous_5)
FN:47,(anonymous_6)
FN:53,(anonymous_7)
FN:55,(anonymous_8)
FN:60,(anonymous_9)
FN:63,countryTopBarController
FNF:11
FNH:5
FNDA:1,(anonymous_0)
FNDA:0,(anonymous_1)
FNDA:0,(anonymous_2)
FNDA:0,(anonymous_3)
FNDA:0,(anonymous_4)
FNDA:0,(anonymous_5)
FNDA:0,(anonymous_6)
FNDA:2,(anonymous_7)
FNDA:2,(anonymous_8)
FNDA:1,(anonymous_9)
FNDA:1,countryTopBarController
DA:7,1
DA:8,1
DA:9,1
DA:10,1
DA:11,1
DA:15,0
DA:16,0
DA:17,0
DA:28,0
DA:29,0
DA:30,0
DA:32,0
DA:33,0
DA:35,0
DA:39,0
DA:40,0
DA:44,0
DA:45,0
DA:46,0
DA:48,0
DA:49,0
DA:54,2
DA:55,2
DA:56,2
DA:61,1
DA:64,1
DA:67,1
DA:69,1
LF:28
LH:12
BRDA:16,0,0,0
BRDA:16,0,1,0
BRDA:16,0,2,0
BRDA:23,1,0,0
BRDA:23,1,1,0
BRDA:56,2,0,1
BRDA:56,2,1,1
BRF:7
BRH:2
end_of_record
TN:
SF:/Users/nico/Projects/who-maps/frontend/src/Common/CountryTopBar/countryTopBarComponent.js
FNF:0
FNH:0
DA:1,0
DA:2,0
DA:4,0
LF:3
LH:0
BRF:0
BRH:0
end_of_record
TN:
SF:/Users/nico/Projects/who-maps/frontend/src/Common/Disclaimer/disclaimerComponent.js
FNF:0
FNH:0
DA:1,0
DA:2,0
DA:4,0
LF:3
LH:0
BRF:0
BRH:0
end_of_record
TN:
SF:/Users/nico/Projects/who-maps/frontend/src/Common/Donors/donorsComponent.js
FNF:0
FNH:0
DA:1,0
DA:2,0
DA:4,0
LF:3
LH:0
BRF:0
BRH:0
end_of_record
TN:
SF:/Users/nico/Projects/who-maps/frontend/src/Common/EditProfile/EditProfileController.js
FN:9,(anonymous_0)
FN:19,(anonymous_1)
FN:29,(anonymous_2)
FN:33,(anonymous_3)
FN:39,(anonymous_4)
FN:43,(anonymous_5)
FN:45,(anonymous_6)
FN:52,(anonymous_7)
FN:61,(anonymous_8)
FN:68,(anonymous_9)
FN:85,(anonymous_10)
FN:86,(anonymous_11)
FN:93,(anonymous_12)
FN:98,(anonymous_13)
FN:101,editProfile
FNF:15
FNH:4
FNDA:1,(anonymous_0)
FNDA:0,(anonymous_1)
FNDA:0,(anonymous_2)
FNDA:1,(anonymous_3)
FNDA:0,(anonymous_4)
FNDA:0,(anonymous_5)
FNDA:0,(anonymous_6)
FNDA:0,(anonymous_7)
FNDA:0,(anonymous_8)
FNDA:0,(anonymous_9)
FNDA:0,(anonymous_10)
FNDA:0,(anonymous_11)
FNDA:0,(anonymous_12)
FNDA:1,(anonymous_13)
FNDA:1,editProfile
DA:10,1
DA:11,1
DA:12,1
DA:13,1
DA:14,1
DA:15,1
DA:16,1
DA:20,0
DA:21,0
DA:22,0
DA:30,0
DA:34,1
DA:35,1
DA:36,1
DA:40,0
DA:42,0
DA:43,0
DA:44,0
DA:46,0
DA:47,0
DA:53,0
DA:62,0
DA:63,0
DA:65,0
DA:69,0
DA:70,0
DA:71,0
DA:72,0
DA:74,0
DA:75,0
DA:76,0
DA:78,0
DA:81,0
DA:86,0
DA:87,0
DA:88,0
DA:90,0
DA:94,0
DA:95,0
DA:99,1
DA:102,1
DA:105,1
DA:107,1
LF:43
LH:14
BRDA:21,0,0,0
BRDA:21,0,1,0
BRDA:40,1,0,0
BRDA:40,1,1,0
BRDA:46,2,0,0
BRDA:46,2,1,0
BRDA:46,3,0,0
BRDA:46,3,1,0
BRDA:62,4,0,0
BRDA:62,4,1,0
BRDA:62,5,0,0
BRDA:62,5,1,0
BRDA:69,6,0,0
BRDA:69,6,1,0
BRDA:69,7,0,0
BRDA:69,7,1,0
BRDA:70,8,0,0
BRDA:70,8,1,0
BRF:18
BRH:0
end_of_record
TN:
SF:/Users/nico/Projects/who-maps/frontend/src/Common/EditProfile/editProfileComponent.js
FNF:0
FNH:0
DA:1,0
DA:2,0
DA:4,0
LF:3
LH:0
BRF:0
BRH:0
end_of_record
TN:
SF:/Users/nico/Projects/who-maps/frontend/src/Common/EmailConfirmation/EmailConfirmationController.js
FN:5,EmailConfirmationController
FN:35,(anonymous_8)
FN:44,emailConfirmationController
FNF:3
FNH:0
FNDA:0,EmailConfirmationController
FNDA:0,(anonymous_8)
FNDA:0,emailConfirmationController
DA:1,0
DA:2,0
DA:5,0
DA:6,0
DA:7,0
DA:8,0
DA:9,0
DA:13,0
DA:14,0
DA:17,0
DA:19,0
DA:20,0
DA:31,0
DA:33,0
DA:35,0
DA:36,0
DA:37,0
DA:42,0
DA:45,0
DA:48,0
DA:50,0
LF:21
LH:0
BRDA:19,0,0,0
BRDA:19,0,1,0
BRF:2
BRH:0
end_of_record
TN:
SF:/Users/nico/Projects/who-maps/frontend/src/Common/EmailConfirmation/emailConfirmation.js
FNF:0
FNH:0
DA:1,0
DA:2,0
DA:4,0
LF:3
LH:0
BRF:0
BRH:0
end_of_record
TN:
SF:/Users/nico/Projects/who-maps/frontend/src/Common/Login/LoginController.js
FN:6,(anonymous_0)
FN:18,(anonymous_1)
FN:24,(anonymous_2)
FN:34,(anonymous_3)
FN:39,(anonymous_4)
FN:56,(anonymous_5)
FN:63,(anonymous_6)
FN:74,(anonymous_7)
FN:79,(anonymous_8)
FN:82,loginController
FNF:10
FNH:4
FNDA:1,(anonymous_0)
FNDA:0,(anonymous_1)
FNDA:0,(anonymous_2)
FNDA:0,(anonymous_3)
FNDA:1,(anonymous_4)
FNDA:0,(anonymous_5)
FNDA:0,(anonymous_6)
FNDA:0,(anonymous_7)
FNDA:1,(anonymous_8)
FNDA:1,loginController
DA:7,1
DA:8,1
DA:9,1
DA:10,1
DA:11,1
DA:12,1
DA:13,1
DA:14,1
DA:15,1
DA:19,0
DA:25,0
DA:29,0
DA:35,0
DA:36,0
DA:40,1
DA:41,1
DA:42,1
DA:43,1
DA:44,0
DA:45,0
DA:47,1
DA:50,0
DA:51,0
DA:57,0
DA:58,0
DA:59,0
DA:63,0
DA:64,0
DA:65,0
DA:66,0
DA:68,0
DA:71,0
DA:75,0
DA:76,0
DA:80,1
DA:83,1
DA:86,1
DA:88,1
LF:38
LH:18
BRDA:40,0,0,1
BRDA:40,0,1,0
BRDA:43,1,0,0
BRDA:43,1,1,1
BRDA:58,2,0,0
BRDA:58,2,1,0
BRDA:64,3,0,0
BRDA:64,3,1,0
BRDA:64,4,0,0
BRDA:64,4,1,0
BRF:10
BRH:2
end_of_record
TN:
SF:/Users/nico/Projects/who-maps/frontend/src/Common/Login/loginComponent.js
FNF:0
FNH:0
DA:1,0
DA:2,0
DA:4,0
LF:3
LH:0
BRF:0
BRH:0
end_of_record
TN:
SF:/Users/nico/Projects/who-maps/frontend/src/Common/OrganisationAutocomplete/OrganisationController.js
FN:4,OrganisationController
FN:21,(anonymous_6)
FN:21,(anonymous_7)
FN:36,(anonymous_10)
FN:38,(anonymous_11)
FN:50,organisation
FNF:6
FNH:0
FNDA:0,OrganisationController
FNDA:0,(anonymous_6)
FNDA:0,(anonymous_7)
FNDA:0,(anonymous_10)
FNDA:0,(anonymous_11)
FNDA:0,organisation
DA:1,0
DA:4,0
DA:5,0
DA:6,0
DA:7,0
DA:8,0
DA:9,0
DA:10,0
DA:14,0
DA:19,0
DA:20,0
DA:21,0
DA:22,0
DA:24,0
DA:25,0
DA:32,0
DA:36,0
DA:37,0
DA:38,0
DA:39,0
DA:40,0
DA:41,0
DA:43,0
DA:45,0
DA:49,0
DA:51,0
DA:53,0
DA:54,0
LF:28
LH:0
BRDA:22,0,0,0
BRDA:22,0,1,0
BRDA:22,1,0,0
BRDA:22,1,1,0
BRDA:22,1,2,0
BRDA:22,1,3,0
BRDA:22,1,4,0
BRDA:22,1,5,0
BRDA:24,2,0,0
BRDA:24,2,1,0
BRDA:24,3,0,0
BRDA:24,3,1,0
BRDA:39,4,0,0
BRDA:39,4,1,0
BRF:14
BRH:0
end_of_record
TN:
SF:/Users/nico/Projects/who-maps/frontend/src/Common/OrganisationAutocomplete/organisationComponent.js
FNF:0
FNH:0
DA:1,0
DA:2,0
DA:4,0
LF:3
LH:0
BRF:0
BRH:0
end_of_record
TN:
SF:/Users/nico/Projects/who-maps/frontend/src/Common/ProjectComponent/ProjectComponentController.js
FN:3,(anonymous_0)
FN:10,(anonymous_1)
FN:16,(anonymous_2)
FN:19,(anonymous_3)
FN:25,(anonymous_4)
FN:30,(anonymous_5)
FN:34,(anonymous_6)
FN:38,(anonymous_7)
FN:42,(anonymous_8)
FN:44,projectCp
FNF:10
FNH:2
FNDA:1,(anonymous_0)
FNDA:1,(anonymous_1)
FNDA:0,(anonymous_2)
FNDA:0,(anonymous_3)
FNDA:0,(anonymous_4)
FNDA:0,(anonymous_5)
FNDA:0,(anonymous_6)
FNDA:0,(anonymous_7)
FNDA:0,(anonymous_8)
FNDA:0,projectCp
DA:4,1
DA:5,1
DA:6,1
DA:7,1
DA:11,1
DA:12,1
DA:20,0
DA:21,0
DA:26,0
DA:31,0
DA:35,0
DA:39,0
DA:43,0
DA:45,0
DA:48,0
DA:50,0
LF:16
LH:6
BRDA:11,0,0,1
BRDA:11,0,1,0
BRDA:20,1,0,0
BRDA:20,1,1,0
BRDA:26,2,0,0
BRDA:26,2,1,0
BRDA:26,3,0,0
BRDA:26,3,1,0
BRF:8
BRH:1
end_of_record
TN:
SF:/Users/nico/Projects/who-maps/frontend/src/Common/ProjectComponent/projectComponent.js
FNF:0
FNH:0
DA:1,0
DA:2,0
DA:4,0
LF:3
LH:0
BRF:0
BRH:0
end_of_record
TN:
SF:/Users/nico/Projects/who-maps/frontend/src/Common/Reset/ResetController.js
FN:6,(anonymous_0)
FN:12,(anonymous_1)
FN:20,(anonymous_2)
FN:24,(anonymous_3)
FN:37,(anonymous_4)
FN:39,(anonymous_5)
FN:50,(anonymous_6)
FN:55,(anonymous_7)
FN:58,resetController
FNF:9
FNH:4
FNDA:1,(anonymous_0)
FNDA:0,(anonymous_1)
FNDA:0,(anonymous_2)
FNDA:1,(anonymous_3)
FNDA:0,(anonymous_4)
FNDA:0,(anonymous_5)
FNDA:0,(anonymous_6)
FNDA:1,(anonymous_7)
FNDA:1,resetController
DA:7,1
DA:8,1
DA:9,1
DA:13,0
DA:14,0
DA:15,0
DA:21,0
DA:25,1
DA:26,1
DA:27,1
DA:28,1
DA:29,1
DA:30,1
DA:32,0
DA:38,0
DA:39,0
DA:40,0
DA:41,0
DA:42,0
DA:44,0
DA:47,0
DA:51,0
DA:52,0
DA:56,1
DA:59,1
DA:62,1
DA:64,1
LF:27
LH:13
BRDA:26,0,0,1
BRDA:26,0,1,0
BRDA:40,1,0,0
BRDA:40,1,1,0
BRF:4
BRH:1
end_of_record
TN:
SF:/Users/nico/Projects/who-maps/frontend/src/Common/Reset/resetComponent.js
FNF:0
FNH:0
DA:1,0
DA:2,0
DA:4,0
LF:3
LH:0
BRF:0
BRH:0
end_of_record
TN:
SF:/Users/nico/Projects/who-maps/frontend/src/Common/Searchbar/SearchbarController.js
FN:7,(anonymous_0)
FN:17,(anonymous_1)
FN:24,(anonymous_2)
FN:28,(anonymous_3)
FN:30,(anonymous_4)
FN:35,(anonymous_5)
FN:40,(anonymous_6)
FN:47,(anonymous_7)
FN:52,(anonymous_8)
FN:61,(anonymous_9)
FN:69,(anonymous_10)
FN:70,(anonymous_11)
FN:75,(anonymous_12)
FN:86,(anonymous_13)
FN:88,searchController
FNF:15
FNH:9
FNDA:4,(anonymous_0)
FNDA:0,(anonymous_1)
FNDA:4,(anonymous_2)
FNDA:4,(anonymous_3)
FNDA:4,(anonymous_4)
FNDA:0,(anonymous_5)
FNDA:1,(anonymous_6)
FNDA:6,(anonymous_7)
FNDA:1,(anonymous_8)
FNDA:0,(anonymous_9)
FNDA:0,(anonymous_10)
FNDA:0,(anonymous_11)
FNDA:0,(anonymous_12)
FNDA:4,(anonymous_13)
FNDA:4,searchController
DA:8,4
DA:9,4
DA:10,4
DA:11,4
DA:12,4
DA:13,4
DA:14,4
DA:18,0
DA:25,4
DA:26,4
DA:27,4
DA:28,4
DA:29,4
DA:31,4
DA:36,0
DA:37,0
DA:41,1
DA:42,1
DA:43,0
DA:48,6
DA:49,4
DA:51,2
DA:52,1
DA:53,1
DA:54,1
DA:55,0
DA:58,1
DA:62,0
DA:63,0
DA:64,0
DA:65,0
DA:66,0
DA:70,0
DA:71,0
DA:72,0
DA:73,0
DA:74,0
DA:75,0
DA:76,0
DA:78,0
DA:80,0
DA:83,0
DA:87,4
DA:89,4
DA:92,4
DA:94,4
LF:46
LH:26
BRDA:42,0,0,0
BRDA:42,0,1,1
BRDA:48,1,0,4
BRDA:48,1,1,2
BRDA:48,2,0,6
BRDA:48,2,1,2
BRDA:51,3,0,1
BRDA:51,3,1,1
BRDA:52,4,0,1
BRDA:52,4,1,0
BRDA:71,5,0,0
BRDA:71,5,1,0
BRDA:71,6,0,0
BRDA:71,6,1,0
BRDA:71,6,2,0
BRDA:73,7,0,0
BRDA:73,7,1,0
BRDA:73,8,0,0
BRDA:73,8,1,0
BRDA:73,8,2,0
BRDA:75,9,0,0
BRDA:75,9,1,0
BRDA:75,10,0,0
BRDA:75,10,1,0
BRF:24
BRH:8
end_of_record
TN:
SF:/Users/nico/Projects/who-maps/frontend/src/Common/Searchbar/searchbarComponent.js
FNF:0
FNH:0
DA:1,0
DA:2,0
DA:4,0
LF:3
LH:0
BRF:0
BRH:0
end_of_record
TN:
SF:/Users/nico/Projects/who-maps/frontend/src/Common/Signup/SignupController.js
FN:6,(anonymous_0)
FN:18,(anonymous_1)
FN:35,(anonymous_2)
FN:39,(anonymous_3)
FN:45,(anonymous_4)
FN:52,(anonymous_5)
FN:61,(anonymous_6)
FN:63,(anonymous_7)
FN:74,(anonymous_8)
FN:79,(anonymous_9)
FN:84,(anonymous_10)
FN:89,(anonymous_11)
FN:91,signup
FNF:13
FNH:4
FNDA:1,(anonymous_0)
FNDA:0,(anonymous_1)
FNDA:0,(anonymous_2)
FNDA:0,(anonymous_3)
FNDA:2,(anonymous_4)
FNDA:0,(anonymous_5)
FNDA:0,(anonymous_6)
FNDA:0,(anonymous_7)
FNDA:0,(anonymous_8)
FNDA:0,(anonymous_9)
FNDA:0,(anonymous_10)
FNDA:1,(anonymous_11)
FNDA:1,signup
DA:7,1
DA:8,1
DA:9,1
DA:10,1
DA:11,1
DA:12,1
DA:13,1
DA:14,1
DA:15,1
DA:19,0
DA:20,0
DA:21,0
DA:22,0
DA:23,0
DA:30,0
DA:36,0
DA:40,0
DA:46,2
DA:47,1
DA:48,1
DA:49,1
DA:50,1
DA:51,1
DA:52,1
DA:53,0
DA:56,0
DA:62,0
DA:63,0
DA:64,0
DA:65,0
DA:66,0
DA:68,0
DA:71,0
DA:75,0
DA:76,0
DA:80,0
DA:81,0
DA:85,0
DA:86,0
DA:90,1
DA:92,1
DA:94,1
DA:95,1
LF:43
LH:20
BRDA:46,0,0,1
BRDA:46,0,1,1
BRDA:64,1,0,0
BRDA:64,1,1,0
BRF:4
BRH:2
end_of_record
TN:
SF:/Users/nico/Projects/who-maps/frontend/src/Common/Signup/signupComponent.js
FNF:0
FNH:0
DA:1,0
DA:2,0
DA:4,0
LF:3
LH:0
BRF:0
BRH:0
end_of_record
TN:
SF:/Users/nico/Projects/who-maps/frontend/src/Common/SubBar/SubBarController.js
FN:8,(anonymous_0)
FN:19,(anonymous_1)
FN:29,(anonymous_2)
FN:35,(anonymous_3)
FN:39,(anonymous_4)
FN:46,(anonymous_5)
FN:52,(anonymous_6)
FN:56,(anonymous_7)
FN:74,(anonymous_8)
FN:79,(anonymous_9)
FN:83,(anonymous_10)
FN:87,(anonymous_11)
FN:91,(anonymous_12)
FN:95,(anonymous_13)
FN:97,subBarController
FNF:15
FNH:5
FNDA:2,(anonymous_0)
FNDA:0,(anonymous_1)
FNDA:0,(anonymous_2)
FNDA:0,(anonymous_3)
FNDA:0,(anonymous_4)
FNDA:0,(anonymous_5)
FNDA:0,(anonymous_6)
FNDA:0,(anonymous_7)
FNDA:1,(anonymous_8)
FNDA:0,(anonymous_9)
FNDA:0,(anonymous_10)
FNDA:0,(anonymous_11)
FNDA:1,(anonymous_12)
FNDA:2,(anonymous_13)
FNDA:2,subBarController
DA:9,2
DA:10,2
DA:11,2
DA:12,2
DA:13,2
DA:14,2
DA:15,2
DA:16,2
DA:20,0
DA:30,0
DA:31,0
DA:36,0
DA:40,0
DA:46,0
DA:47,0
DA:48,0
DA:53,0
DA:57,0
DA:67,0
DA:68,0
DA:69,0
DA:71,0
DA:75,1
DA:76,1
DA:80,0
DA:84,0
DA:88,0
DA:92,1
DA:96,2
DA:98,2
DA:101,2
DA:103,2
LF:32
LH:15
BRDA:30,0,0,0
BRDA:30,0,1,0
BRDA:53,1,0,0
BRDA:53,1,1,0
BRDA:67,2,0,0
BRDA:67,2,1,0
BRDA:67,3,0,0
BRDA:67,3,1,0
BRDA:67,3,2,0
BRDA:88,4,0,0
BRDA:88,4,1,0
BRF:11
BRH:0
end_of_record
TN:
SF:/Users/nico/Projects/who-maps/frontend/src/Common/SubBar/subBarComponent.js
FNF:0
FNH:0
DA:1,0
DA:2,0
DA:4,0
LF:3
LH:0
BRF:0
BRH:0
end_of_record
TN:
SF:/Users/nico/Projects/who-maps/frontend/src/Common/TermsOfUse/TermsOfUse.js
FNF:0
FNH:0
DA:1,0
DA:2,0
DA:4,0
LF:3
LH:0
BRF:0
BRH:0
end_of_record
TN:
SF:/Users/nico/Projects/who-maps/frontend/src/Common/TermsOfUse/TermsOfUseController.js
FN:5,(anonymous_0)
FN:15,(anonymous_1)
FN:25,(anonymous_2)
FN:35,(anonymous_3)
FN:39,(anonymous_4)
FN:43,(anonymous_5)
FN:47,(anonymous_6)
FN:50,termOfUseController
FNF:8
FNH:4
FNDA:1,(anonymous_0)
FNDA:0,(anonymous_1)
FNDA:1,(anonymous_2)
FNDA:0,(anonymous_3)
FNDA:0,(anonymous_4)
FNDA:0,(anonymous_5)
FNDA:1,(anonymous_6)
FNDA:1,termOfUseController
DA:6,1
DA:7,1
DA:8,1
DA:9,1
DA:10,1
DA:11,1
DA:12,1
DA:16,0
DA:17,0
DA:18,0
DA:26,1
DA:27,1
DA:28,1
DA:29,1
DA:30,1
DA:36,0
DA:40,0
DA:44,0
DA:48,1
DA:51,1
DA:54,1
DA:56,1
LF:22
LH:16
BRDA:17,0,0,0
BRDA:17,0,1,0
BRF:2
BRH:0
end_of_record
TN:
SF:/Users/nico/Projects/who-maps/frontend/src/Common/Thematic/SkeletonController.js
FN:3,(anonymous_0)
FN:16,(anonymous_1)
FN:22,(anonymous_2)
FN:26,(anonymous_3)
FN:33,(anonymous_4)
FN:42,(anonymous_5)
FN:48,(anonymous_6)
FN:53,(anonymous_7)
FN:63,(anonymous_8)
FN:67,(anonymous_9)
FN:68,(anonymous_10)
FNF:11
FNH:10
FNDA:4,(anonymous_0)
FNDA:32,(anonymous_1)
FNDA:4,(anonymous_2)
FNDA:4,(anonymous_3)
FNDA:5,(anonymous_4)
FNDA:5,(anonymous_5)
FNDA:0,(anonymous_6)
FNDA:2,(anonymous_7)
FNDA:6,(anonymous_8)
FNDA:4,(anonymous_9)
FNDA:4,(anonymous_10)
DA:4,4
DA:5,4
DA:6,4
DA:7,4
DA:8,4
DA:9,4
DA:10,4
DA:12,4
DA:13,4
DA:14,4
DA:16,4
DA:17,32
DA:18,32
DA:24,4
DA:25,4
DA:26,4
DA:27,4
DA:28,4
DA:30,4
DA:35,5
DA:40,5
DA:41,5
DA:42,5
DA:43,5
DA:45,5
DA:49,0
DA:50,0
DA:54,2
DA:55,2
DA:56,2
DA:57,2
DA:58,2
DA:60,2
DA:64,6
DA:68,4
DA:69,4
DA:71,4
DA:72,4
LF:38
LH:36
BRDA:54,0,0,2
BRDA:54,0,1,1
BRF:2
BRH:2
end_of_record
TN:
SF:/Users/nico/Projects/who-maps/frontend/src/Common/Thematic/ThematicController.js
FN:6,ThematicController
FN:14,(anonymous_5)
FN:38,thematic
FNF:3
FNH:0
FNDA:0,ThematicController
FNDA:0,(anonymous_5)
FNDA:0,thematic
DA:1,0
DA:2,0
DA:3,0
DA:6,0
DA:7,0
DA:8,0
DA:9,0
DA:10,0
DA:13,0
DA:14,0
DA:15,0
DA:21,0
DA:25,0
DA:26,0
DA:27,0
DA:38,0
DA:39,0
DA:40,0
DA:42,0
DA:43,0
LF:20
LH:0
BRF:0
BRH:0
end_of_record
TN:
SF:/Users/nico/Projects/who-maps/frontend/src/Common/Thematic/thematicComponent.js
FNF:0
FNH:0
DA:1,0
DA:2,0
DA:4,0
LF:3
LH:0
BRF:0
BRH:0
end_of_record
TN:
SF:/Users/nico/Projects/who-maps/frontend/src/Common/TopBar/TopBarController.js
FN:5,(anonymous_0)
FN:14,(anonymous_1)
FN:20,(anonymous_2)
FN:25,(anonymous_3)
FN:26,(anonymous_4)
FN:29,(anonymous_5)
FN:34,(anonymous_6)
FN:36,topBarController
FNF:8
FNH:6
FNDA:2,(anonymous_0)
FNDA:0,(anonymous_1)
FNDA:0,(anonymous_2)
FNDA:1,(anonymous_3)
FNDA:1,(anonymous_4)
FNDA:3,(anonymous_5)
FNDA:2,(anonymous_6)
FNDA:2,topBarController
DA:6,2
DA:7,2
DA:8,2
DA:9,2
DA:10,2
DA:11,2
DA:15,0
DA:16,0
DA:17,0
DA:21,0
DA:22,0
DA:26,1
DA:30,3
DA:31,3
DA:35,2
DA:37,2
DA:40,2
DA:42,2
LF:18
LH:13
BRDA:30,0,0,1
BRDA:30,0,1,2
BRDA:31,1,0,1
BRDA:31,1,1,2
BRF:4
BRH:4
end_of_record
TN:
SF:/Users/nico/Projects/who-maps/frontend/src/Common/TopBar/topBarComponent.js
FNF:0
FNH:0
DA:1,0
DA:2,0
DA:4,0
LF:3
LH:0
BRF:0
BRH:0
end_of_record
TN:
SF:/Users/nico/Projects/who-maps/frontend/src/Common/TrixComponent/TrixComponentController.js
FN:3,(anonymous_0)
FN:11,(anonymous_1)
FN:21,(anonymous_2)
FN:22,(anonymous_3)
FN:24,(anonymous_4)
FN:31,(anonymous_5)
FN:36,(anonymous_6)
FN:41,(anonymous_7)
FN:45,(anonymous_8)
FN:47,(anonymous_9)
FN:55,(anonymous_10)
FN:56,controller
FNF:12
FNH:7
FNDA:3,(anonymous_0)
FNDA:1,(anonymous_1)
FNDA:1,(anonymous_2)
FNDA:0,(anonymous_3)
FNDA:0,(anonymous_4)
FNDA:0,(anonymous_5)
FNDA:0,(anonymous_6)
FNDA:0,(anonymous_7)
FNDA:1,(anonymous_8)
FNDA:1,(anonymous_9)
FNDA:3,(anonymous_10)
FNDA:3,controller
DA:4,3
DA:5,3
DA:6,3
DA:7,3
DA:8,3
DA:12,1
DA:13,1
DA:14,1
DA:15,1
DA:16,1
DA:17,1
DA:18,1
DA:22,1
DA:23,0
DA:25,0
DA:26,0
DA:32,0
DA:33,0
DA:34,0
DA:35,0
DA:36,0
DA:37,0
DA:42,0
DA:46,1
DA:47,1
DA:48,1
DA:49,1
DA:50,1
DA:51,1
DA:57,3
DA:60,3
DA:62,3
LF:32
LH:22
BRDA:25,0,0,0
BRDA:25,0,1,0
BRDA:49,1,0,0
BRDA:49,1,1,1
BRDA:50,2,0,1
BRDA:50,2,1,1
BRF:6
BRH:3
end_of_record
TN:
SF:/Users/nico/Projects/who-maps/frontend/src/Common/TrixComponent/trixComponent.js
FNF:0
FNH:0
DA:1,0
DA:2,0
DA:4,0
LF:3
LH:0
BRF:0
BRH:0
end_of_record
TN:
SF:/Users/nico/Projects/who-maps/frontend/src/Common/UUIDLoad/UUIDLoad.js
FNF:0
FNH:0
DA:1,0
DA:2,0
DA:4,0
LF:3
LH:0
BRF:0
BRH:0
end_of_record
TN:
SF:/Users/nico/Projects/who-maps/frontend/src/Common/UUIDLoad/UUIDLoadController.js
FN:6,(anonymous_0)
FN:14,(anonymous_1)
FN:22,(anonymous_2)
FN:26,(anonymous_3)
FN:33,(anonymous_4)
FN:58,(anonymous_5)
FN:60,uuidLoadController
FNF:7
FNH:5
FNDA:2,(anonymous_0)
FNDA:2,(anonymous_1)
FNDA:0,(anonymous_2)
FNDA:0,(anonymous_3)
FNDA:5,(anonymous_4)
FNDA:2,(anonymous_5)
FNDA:2,uuidLoadController
DA:7,2
DA:8,2
DA:9,2
DA:10,2
DA:11,2
DA:15,2
DA:18,2
DA:19,2
DA:23,0
DA:27,0
DA:34,5
DA:35,5
DA:38,5
DA:39,3
DA:40,3
DA:42,3
DA:44,3
DA:45,1
DA:46,1
DA:49,2
DA:50,1
DA:52,1
DA:55,2
DA:59,2
DA:61,2
DA:64,2
DA:66,2
LF:27
LH:25
BRDA:40,0,0,2
BRDA:40,0,1,1
BRDA:40,1,0,3
BRDA:40,1,1,2
BRDA:44,2,0,1
BRDA:44,2,1,2
BRDA:49,3,0,1
BRDA:49,3,1,1
BRDA:49,4,0,2
BRDA:49,4,1,1
BRDA:50,5,0,1
BRDA:50,5,1,0
BRDA:50,6,0,1
BRDA:50,6,1,0
BRF:14
BRH:12
end_of_record
TN:
SF:/Users/nico/Projects/who-maps/frontend/src/Dashboard/DashboardModuleController.js
FN:12,(anonymous_0)
FN:28,(anonymous_1)
FN:50,(anonymous_2)
FN:59,(anonymous_3)
FN:63,(anonymous_4)
FN:64,(anonymous_5)
FN:65,(anonymous_6)
FN:66,(anonymous_7)
FN:67,(anonymous_8)
FN:67,(anonymous_9)
FN:68,(anonymous_10)
FN:71,(anonymous_11)
FN:75,(anonymous_12)
FN:76,(anonymous_13)
FN:77,(anonymous_14)
FN:83,(anonymous_15)
FN:90,(anonymous_16)
FN:92,(anonymous_17)
FN:96,(anonymous_18)
FN:96,(anonymous_19)
FN:98,(anonymous_20)
FN:112,(anonymous_21)
FN:123,(anonymous_22)
FN:137,(anonymous_23)
FN:153,(anonymous_24)
FN:161,(anonymous_25)
FN:171,(anonymous_26)
FN:180,(anonymous_27)
FN:188,(anonymous_28)
FN:197,(anonymous_29)
FN:206,(anonymous_30)
FN:217,(anonymous_31)
FN:223,(anonymous_32)
FN:224,(anonymous_33)
FN:227,(anonymous_34)
FN:229,(anonymous_35)
FN:232,(anonymous_36)
FN:240,(anonymous_37)
FN:255,(anonymous_38)
FN:260,(anonymous_39)
FN:265,(anonymous_40)
FN:266,(anonymous_41)
FN:281,(anonymous_42)
FN:282,(anonymous_43)
FN:299,(anonymous_44)
FN:306,(anonymous_45)
FN:307,dashboardController
FNF:47
FNH:28
FNDA:8,(anonymous_0)
FNDA:0,(anonymous_1)
FNDA:1,(anonymous_2)
FNDA:0,(anonymous_3)
FNDA:1,(anonymous_4)
FNDA:1,(anonymous_5)
FNDA:1,(anonymous_6)
FNDA:1,(anonymous_7)
FNDA:1,(anonymous_8)
FNDA:1,(anonymous_9)
FNDA:1,(anonymous_10)
FNDA:2,(anonymous_11)
FNDA:2,(anonymous_12)
FNDA:2,(anonymous_13)
FNDA:2,(anonymous_14)
FNDA:4,(anonymous_15)
FNDA:2,(anonymous_16)
FNDA:0,(anonymous_17)
FNDA:4,(anonymous_18)
FNDA:4,(anonymous_19)
FNDA:1,(anonymous_20)
FNDA:2,(anonymous_21)
FNDA:1,(anonymous_22)
FNDA:0,(anonymous_23)
FNDA:0,(anonymous_24)
FNDA:0,(anonymous_25)
FNDA:0,(anonymous_26)
FNDA:0,(anonymous_27)
FNDA:0,(anonymous_28)
FNDA:0,(anonymous_29)
FNDA:0,(anonymous_30)
FNDA:2,(anonymous_31)
FNDA:0,(anonymous_32)
FNDA:1,(anonymous_33)
FNDA:2,(anonymous_34)
FNDA:1,(anonymous_35)
FNDA:0,(anonymous_36)
FNDA:2,(anonymous_37)
FNDA:0,(anonymous_38)
FNDA:0,(anonymous_39)
FNDA:0,(anonymous_40)
FNDA:0,(anonymous_41)
FNDA:0,(anonymous_42)
FNDA:0,(anonymous_43)
FNDA:1,(anonymous_44)
FNDA:8,(anonymous_45)
FNDA:8,dashboardController
DA:13,8
DA:14,8
DA:15,8
DA:16,8
DA:17,8
DA:18,8
DA:19,8
DA:20,8
DA:21,8
DA:22,8
DA:23,8
DA:24,8
DA:25,8
DA:29,0
DA:30,0
DA:31,0
DA:33,0
DA:34,0
DA:35,0
DA:36,0
DA:51,1
DA:52,1
DA:53,1
DA:54,1
DA:55,1
DA:56,1
DA:60,0
DA:64,1
DA:65,1
DA:66,1
DA:67,1
DA:68,1
DA:72,2
DA:73,1
DA:75,2
DA:76,2
DA:77,2
DA:79,0
DA:84,4
DA:86,1
DA:91,2
DA:92,2
DA:93,2
DA:94,2
DA:95,2
DA:96,4
DA:97,4
DA:98,4
DA:99,1
DA:101,4
DA:102,4
DA:103,4
DA:104,4
DA:105,1
DA:106,1
DA:112,2
DA:113,2
DA:114,2
DA:116,0
DA:118,2
DA:119,2
DA:124,1
DA:139,0
DA:140,0
DA:141,0
DA:142,0
DA:143,0
DA:145,0
DA:147,0
DA:148,0
DA:149,0
DA:152,0
DA:153,0
DA:154,0
DA:162,0
DA:163,0
DA:165,0
DA:169,0
DA:172,0
DA:178,0
DA:181,0
DA:186,0
DA:189,0
DA:195,0
DA:198,0
DA:204,0
DA:207,0
DA:213,0
DA:218,2
DA:219,2
DA:220,0
DA:222,2
DA:223,2
DA:224,2
DA:228,2
DA:229,2
DA:230,2
DA:232,0
DA:233,0
DA:234,0
DA:237,2
DA:241,2
DA:242,1
DA:243,1
DA:245,0
DA:247,1
DA:250,2
DA:251,2
DA:255,2
DA:256,0
DA:261,0
DA:262,0
DA:266,0
DA:267,0
DA:269,0
DA:271,0
DA:272,0
DA:273,0
DA:274,0
DA:275,0
DA:276,0
DA:278,0
DA:282,0
DA:283,0
DA:284,0
DA:286,0
DA:287,0
DA:288,0
DA:289,0
DA:290,0
DA:291,0
DA:292,0
DA:293,0
DA:295,0
DA:296,0
DA:300,1
DA:301,1
DA:303,0
DA:308,8
DA:311,8
DA:313,8
LF:141
LH:73
BRDA:31,0,0,0
BRDA:31,0,1,0
BRDA:72,1,0,1
BRDA:72,1,1,1
BRDA:72,2,0,2
BRDA:72,2,1,1
BRDA:77,3,0,0
BRDA:77,3,1,1
BRDA:77,4,0,1
BRDA:77,4,1,1
BRDA:84,5,0,1
BRDA:84,5,1,3
BRDA:84,6,0,4
BRDA:84,6,1,2
BRDA:84,6,2,2
BRDA:91,7,0,2
BRDA:91,7,1,2
BRDA:92,8,0,0
BRDA:92,8,1,2
BRDA:101,9,0,4
BRDA:101,9,1,0
BRDA:101,10,0,4
BRDA:101,10,1,4
BRDA:104,11,0,1
BRDA:104,11,1,3
BRDA:105,12,0,1
BRDA:105,12,1,0
BRDA:113,13,0,2
BRDA:113,13,1,0
BRDA:113,14,0,2
BRDA:113,14,1,2
BRDA:142,15,0,0
BRDA:142,15,1,0
BRDA:147,16,0,0
BRDA:147,16,1,0
BRDA:162,17,0,0
BRDA:162,17,1,0
BRDA:162,18,0,0
BRDA:162,18,1,0
BRDA:172,19,0,0
BRDA:172,19,1,0
BRDA:181,20,0,0
BRDA:181,20,1,0
BRDA:189,21,0,0
BRDA:189,21,1,0
BRDA:198,22,0,0
BRDA:198,22,1,0
BRDA:207,23,0,0
BRDA:207,23,1,0
BRDA:233,24,0,0
BRDA:233,24,1,0
BRDA:233,25,0,0
BRDA:233,25,1,0
BRDA:241,26,0,1
BRDA:241,26,1,1
BRDA:241,27,0,2
BRDA:241,27,1,1
BRDA:242,28,0,1
BRDA:242,28,1,0
BRDA:250,29,0,2
BRDA:250,29,1,0
BRDA:255,30,0,0
BRDA:255,30,1,2
BRDA:255,31,0,2
BRDA:255,31,1,2
BRDA:289,32,0,0
BRDA:289,32,1,0
BRDA:300,33,0,1
BRDA:300,33,1,0
BRF:69
BRH:34
end_of_record
TN:
SF:/Users/nico/Projects/who-maps/frontend/src/Dashboard/dashboardComponent.js
FNF:0
FNH:0
DA:1,0
DA:2,0
DA:3,0
DA:5,0
LF:4
LH:0
BRF:0
BRH:0
end_of_record
TN:
SF:/Users/nico/Projects/who-maps/frontend/src/Dashboard/dashboardModule.js
FN:9,config
FN:21,country
FNF:2
FNH:0
FNDA:0,config
FNDA:0,country
DA:2,0
DA:3,0
DA:4,0
DA:6,0
DA:7,0
DA:10,0
DA:22,0
DA:28,0
DA:30,0
LF:9
LH:0
BRF:0
BRH:0
end_of_record
TN:
SF:/Users/nico/Projects/who-maps/frontend/src/Dashboard/PDFExport/PDFExportController.js
FN:6,(anonymous_0)
FN:11,(anonymous_1)
FN:16,(anonymous_2)
FN:21,(anonymous_3)
FN:28,(anonymous_4)
FN:111,(anonymous_5)
FNF:6
FNH:3
FNDA:10,(anonymous_0)
FNDA:11,(anonymous_1)
FNDA:0,(anonymous_2)
FNDA:0,(anonymous_3)
FNDA:1,(anonymous_4)
FNDA:0,(anonymous_5)
DA:7,10
DA:8,10
DA:12,11
DA:13,11
DA:17,0
DA:18,0
DA:22,0
DA:23,0
DA:24,0
DA:25,0
DA:30,1
DA:31,1
DA:33,1
DA:34,1
DA:35,1
DA:111,1
DA:112,0
DA:114,0
DA:175,1
LF:19
LH:11
BRDA:24,0,0,0
BRDA:24,0,1,0
BRDA:122,1,0,0
BRDA:122,1,1,0
BRDA:125,2,0,0
BRDA:125,2,1,0
BRDA:127,3,0,0
BRDA:127,3,1,0
BRDA:127,4,0,0
BRDA:127,4,1,0
BRDA:129,5,0,0
BRDA:129,5,1,0
BRDA:130,6,0,0
BRDA:130,6,1,0
BRDA:137,7,0,0
BRDA:137,7,1,0
BRDA:142,8,0,0
BRDA:142,8,1,0
BRDA:145,9,0,0
BRDA:145,9,1,0
BRDA:149,10,0,0
BRDA:149,10,1,0
BRDA:149,11,0,0
BRDA:149,11,1,0
BRDA:157,12,0,0
BRDA:157,12,1,0
BRDA:165,13,0,0
BRDA:165,13,1,0
BRF:28
BRH:0
end_of_record
TN:
SF:/Users/nico/Projects/who-maps/frontend/src/Dashboard/PDFExport/images/base64Images.js
FNF:0
FNH:0
LF:0
LH:0
BRF:0
BRH:0
end_of_record
TN:
SF:/Users/nico/Projects/who-maps/frontend/src/LandingPage/LandingPageController.js
FN:7,(anonymous_0)
FN:19,(anonymous_1)
FN:28,(anonymous_2)
FN:33,(anonymous_3)
FN:37,(anonymous_4)
FN:42,(anonymous_5)
FN:46,(anonymous_6)
FN:47,landingController
FNF:8
FNH:6
FNDA:3,(anonymous_0)
FNDA:0,(anonymous_1)
FNDA:1,(anonymous_2)
FNDA:1,(anonymous_3)
FNDA:1,(anonymous_4)
FNDA:0,(anonymous_5)
FNDA:3,(anonymous_6)
FNDA:3,landingController
DA:8,3
DA:9,3
DA:10,3
DA:11,3
DA:12,3
DA:13,3
DA:14,3
DA:15,3
DA:16,3
DA:20,0
DA:29,1
DA:30,1
DA:34,1
DA:38,1
DA:39,1
DA:43,0
DA:48,3
DA:49,3
DA:52,3
DA:54,3
LF:20
LH:18
BRF:0
BRH:0
end_of_record
TN:
SF:/Users/nico/Projects/who-maps/frontend/src/LandingPage/landingMock.js
FNF:0
FNH:0
DA:1,0
LF:1
LH:0
BRF:0
BRH:0
end_of_record
TN:
SF:/Users/nico/Projects/who-maps/frontend/src/LandingPage/landingPageComponent.js
FNF:0
FNH:0
DA:1,0
DA:2,0
DA:4,0
LF:3
LH:0
BRF:0
BRH:0
end_of_record
TN:
SF:/Users/nico/Projects/who-maps/frontend/src/LandingPage/landingPageModule.js
FN:11,config
FN:22,main
FN:25,(anonymous_4)
FN:25,_callee
FN:25,_callee$
FN:39,main
FN:42,(anonymous_9)
FN:42,_callee2
FN:42,_callee2$
FNF:9
FNH:0
FNDA:0,config
FNDA:0,main
FNDA:0,(anonymous_4)
FNDA:0,_callee
FNDA:0,_callee$
FNDA:0,main
FNDA:0,(anonymous_9)
FNDA:0,_callee2
FNDA:0,_callee2$
DA:1,0
DA:2,0
DA:3,0
DA:6,0
DA:8,0
DA:9,0
DA:11,0
DA:12,0
DA:23,0
DA:25,0
DA:40,0
DA:42,0
DA:49,0
DA:51,0
LF:14
LH:0
BRDA:25,0,0,0
BRDA:25,0,1,0
BRDA:25,0,2,0
BRDA:42,1,0,0
BRDA:42,1,1,0
BRDA:42,1,2,0
BRF:6
BRH:0
end_of_record
TN:
SF:/Users/nico/Projects/who-maps/frontend/src/MapsToolkit/MapsToolkitController.js
FN:13,(anonymous_0)
FN:25,(anonymous_1)
FN:36,(anonymous_2)
FN:49,(anonymous_3)
FN:55,(anonymous_4)
FN:56,(anonymous_5)
FN:57,(anonymous_6)
FN:62,(anonymous_7)
FN:65,(anonymous_8)
FN:69,(anonymous_9)
FN:73,(anonymous_10)
FN:80,(anonymous_11)
FN:86,(anonymous_12)
FN:88,(anonymous_13)
FN:101,(anonymous_14)
FN:108,(anonymous_15)
FN:113,(anonymous_16)
FN:127,(anonymous_17)
FN:134,(anonymous_18)
FN:139,(anonymous_19)
FN:143,(anonymous_20)
FN:153,(anonymous_21)
FN:164,(anonymous_22)
FN:169,(anonymous_23)
FN:170,mapsController
FNF:25
FNH:15
FNDA:9,(anonymous_0)
FNDA:0,(anonymous_1)
FNDA:0,(anonymous_2)
FNDA:0,(anonymous_3)
FNDA:0,(anonymous_4)
FNDA:0,(anonymous_5)
FNDA:0,(anonymous_6)
FNDA:1,(anonymous_7)
FNDA:0,(anonymous_8)
FNDA:1,(anonymous_9)
FNDA:1,(anonymous_10)
FNDA:10,(anonymous_11)
FNDA:5,(anonymous_12)
FNDA:20,(anonymous_13)
FNDA:2,(anonymous_14)
FNDA:2,(anonymous_15)
FNDA:2,(anonymous_16)
FNDA:0,(anonymous_17)
FNDA:2,(anonymous_18)
FNDA:0,(anonymous_19)
FNDA:1,(anonymous_20)
FNDA:1,(anonymous_21)
FNDA:0,(anonymous_22)
FNDA:9,(anonymous_23)
FNDA:9,mapsController
DA:14,9
DA:15,9
DA:16,9
DA:17,9
DA:18,9
DA:19,9
DA:20,9
DA:21,9
DA:22,9
DA:26,0
DA:27,0
DA:37,0
DA:38,0
DA:39,0
DA:40,0
DA:41,0
DA:42,0
DA:43,0
DA:44,0
DA:45,0
DA:46,0
DA:50,0
DA:51,0
DA:52,0
DA:56,0
DA:58,0
DA:63,1
DA:66,0
DA:71,1
DA:72,1
DA:73,1
DA:74,1
DA:75,1
DA:77,1
DA:81,10
DA:82,1
DA:83,1
DA:84,1
DA:85,1
DA:86,1
DA:87,5
DA:88,5
DA:89,20
DA:90,20
DA:91,0
DA:93,20
DA:94,20
DA:97,1
DA:102,2
DA:103,1
DA:105,1
DA:109,2
DA:110,2
DA:114,2
DA:115,1
DA:117,1
DA:124,1
DA:128,0
DA:129,0
DA:131,0
DA:135,2
DA:140,0
DA:144,1
DA:145,1
DA:146,1
DA:147,0
DA:148,0
DA:150,1
DA:154,1
DA:155,1
DA:156,1
DA:157,1
DA:158,1
DA:161,1
DA:165,0
DA:166,0
DA:171,9
DA:174,9
DA:176,9
LF:79
LH:52
BRDA:81,0,0,1
BRDA:81,0,1,9
BRDA:81,1,0,10
BRDA:81,1,1,10
BRDA:81,1,2,10
BRDA:81,1,3,1
BRDA:90,2,0,0
BRDA:90,2,1,20
BRDA:90,3,0,20
BRDA:90,3,1,0
BRDA:93,4,0,0
BRDA:93,4,1,20
BRDA:102,5,0,1
BRDA:102,5,1,1
BRDA:102,6,0,2
BRDA:102,6,1,1
BRDA:114,7,0,1
BRDA:114,7,1,1
BRDA:128,8,0,0
BRDA:128,8,1,0
BRDA:128,9,0,0
BRDA:128,9,1,0
BRDA:135,10,0,2
BRDA:135,10,1,1
BRDA:146,11,0,0
BRDA:146,11,1,1
BRDA:156,12,0,1
BRDA:156,12,1,0
BRDA:166,13,0,0
BRDA:166,13,1,0
BRF:30
BRH:19
end_of_record
TN:
SF:/Users/nico/Projects/who-maps/frontend/src/MapsToolkit/mapsComponent.js
FNF:0
FNH:0
DA:1,0
DA:2,0
DA:3,0
DA:5,0
LF:4
LH:0
BRF:0
BRH:0
end_of_record
TN:
SF:/Users/nico/Projects/who-maps/frontend/src/MapsToolkit/mapsToolkitModule.js
FN:14,config
FN:30,main
FN:33,axisFooter
FN:36,(anonymous_5)
FN:53,scorecard
FN:56,axisFooter
FN:71,scorecard
FN:74,axisFooter
FNF:8
FNH:0
FNDA:0,config
FNDA:0,main
FNDA:0,axisFooter
FNDA:0,(anonymous_5)
FNDA:0,scorecard
FNDA:0,axisFooter
FNDA:0,scorecard
FNDA:0,axisFooter
DA:1,0
DA:2,0
DA:5,0
DA:6,0
DA:7,0
DA:8,0
DA:10,0
DA:12,0
DA:14,0
DA:15,0
DA:31,0
DA:34,0
DA:37,0
DA:38,0
DA:39,0
DA:54,0
DA:57,0
DA:72,0
DA:75,0
DA:81,0
DA:83,0
LF:21
LH:0
BRF:0
BRH:0
end_of_record
TN:
SF:/Users/nico/Projects/who-maps/frontend/src/MapsToolkit/AxisFooter/AxisFooterController.js
FN:2,(anonymous_0)
FN:11,(anonymous_1)
FN:13,(anonymous_2)
FN:22,(anonymous_3)
FN:25,(anonymous_4)
FN:32,(anonymous_5)
FN:38,(anonymous_6)
FN:39,(anonymous_7)
FNF:8
FNH:7
FNDA:3,(anonymous_0)
FNDA:2,(anonymous_1)
FNDA:12,(anonymous_2)
FNDA:0,(anonymous_3)
FNDA:1,(anonymous_4)
FNDA:2,(anonymous_5)
FNDA:3,(anonymous_6)
FNDA:3,(anonymous_7)
DA:3,3
DA:4,3
DA:5,3
DA:6,3
DA:7,3
DA:8,3
DA:12,2
DA:13,2
DA:14,12
DA:15,12
DA:16,12
DA:17,12
DA:18,12
DA:19,12
DA:26,1
DA:27,1
DA:28,1
DA:29,1
DA:33,2
DA:34,1
DA:39,3
DA:40,3
DA:41,3
DA:43,3
DA:44,3
LF:25
LH:25
BRDA:28,0,0,0
BRDA:28,0,1,1
BRDA:33,1,0,1
BRDA:33,1,1,1
BRF:4
BRH:3
end_of_record
TN:
SF:/Users/nico/Projects/who-maps/frontend/src/MapsToolkit/AxisFooter/axisFooterComponent.js
FNF:0
FNH:0
DA:1,0
DA:2,0
DA:4,0
LF:3
LH:0
BRF:0
BRH:0
end_of_record
TN:
SF:/Users/nico/Projects/who-maps/frontend/src/MapsToolkit/Scorecard/ScorecardController.js
FN:9,(anonymous_0)
FN:21,(anonymous_1)
FN:31,(anonymous_2)
FN:35,(anonymous_3)
FN:42,(anonymous_4)
FN:52,(anonymous_5)
FN:57,(anonymous_6)
FN:58,(anonymous_7)
FN:61,(anonymous_8)
FN:63,(anonymous_9)
FN:69,(anonymous_10)
FN:80,(anonymous_11)
FN:86,(anonymous_12)
FN:91,(anonymous_13)
FN:96,(anonymous_14)
FN:100,(anonymous_15)
FN:104,(anonymous_16)
FN:108,(anonymous_17)
FN:109,(anonymous_18)
FNF:19
FNH:11
FNDA:3,(anonymous_0)
FNDA:1,(anonymous_1)
FNDA:4,(anonymous_2)
FNDA:4,(anonymous_3)
FNDA:4,(anonymous_4)
FNDA:1,(anonymous_5)
FNDA:4,(anonymous_6)
FNDA:4,(anonymous_7)
FNDA:4,(anonymous_8)
FNDA:0,(anonymous_9)
FNDA:0,(anonymous_10)
FNDA:0,(anonymous_11)
FNDA:0,(anonymous_12)
FNDA:0,(anonymous_13)
FNDA:0,(anonymous_14)
FNDA:0,(anonymous_15)
FNDA:0,(anonymous_16)
FNDA:3,(anonymous_17)
FNDA:3,(anonymous_18)
DA:10,3
DA:11,3
DA:12,3
DA:13,3
DA:14,3
DA:15,3
DA:16,3
DA:17,3
DA:18,3
DA:22,1
DA:23,1
DA:24,1
DA:33,4
DA:34,4
DA:35,4
DA:36,4
DA:37,4
DA:39,4
DA:43,4
DA:44,4
DA:45,4
DA:46,4
DA:47,4
DA:48,4
DA:49,4
DA:53,1
DA:54,1
DA:58,4
DA:62,4
DA:63,0
DA:64,0
DA:65,0
DA:66,0
DA:67,0
DA:68,0
DA:69,0
DA:70,0
DA:72,0
DA:74,0
DA:75,0
DA:77,4
DA:81,0
DA:82,0
DA:83,0
DA:87,0
DA:88,0
DA:92,0
DA:93,0
DA:97,0
DA:101,0
DA:105,0
DA:109,3
DA:110,3
DA:111,3
DA:113,3
DA:114,3
LF:56
LH:35
BRDA:62,0,0,0
BRDA:62,0,1,4
BRDA:62,1,0,4
BRDA:62,1,1,0
BRDA:75,2,0,0
BRDA:75,2,1,0
BRDA:82,3,0,0
BRDA:82,3,1,0
BRDA:83,4,0,0
BRDA:83,4,1,0
BRDA:87,5,0,0
BRDA:87,5,1,0
BRDA:87,6,0,0
BRDA:87,6,1,0
BRDA:88,7,0,0
BRDA:88,7,1,0
BRDA:93,8,0,0
BRDA:93,8,1,0
BRDA:97,9,0,0
BRDA:97,9,1,0
BRDA:101,10,0,0
BRDA:101,10,1,0
BRF:22
BRH:2
end_of_record
TN:
SF:/Users/nico/Projects/who-maps/frontend/src/MapsToolkit/Scorecard/scorecardComponent.js
FNF:0
FNH:0
DA:1,0
DA:2,0
DA:4,0
LF:3
LH:0
BRF:0
BRH:0
end_of_record
TN:
SF:/Users/nico/Projects/who-maps/frontend/src/MyProjects/myProjectModule.js
FN:9,config
FN:21,main
FN:24,(anonymous_4)
FN:24,_callee
FN:24,_callee$
FNF:5
FNH:0
FNDA:0,config
FNDA:0,main
FNDA:0,(anonymous_4)
FNDA:0,_callee
FNDA:0,_callee$
DA:1,0
DA:2,0
DA:3,0
DA:4,0
DA:5,0
DA:7,0
DA:9,0
DA:10,0
DA:22,0
DA:24,0
DA:33,0
DA:34,0
DA:36,0
LF:13
LH:0
BRDA:24,0,0,0
BRDA:24,0,1,0
BRDA:24,0,2,0
BRDA:24,0,3,0
BRF:4
BRH:0
end_of_record
TN:
SF:/Users/nico/Projects/who-maps/frontend/src/MyProjects/MyProjectList/MyProjectListController.js
FN:4,(anonymous_0)
FN:12,(anonymous_1)
FN:15,(anonymous_2)
FN:19,(anonymous_3)
FN:25,(anonymous_4)
FN:27,myProjectList
FNF:6
FNH:3
FNDA:2,(anonymous_0)
FNDA:2,(anonymous_1)
FNDA:1,(anonymous_2)
FNDA:0,(anonymous_3)
FNDA:0,(anonymous_4)
FNDA:0,myProjectList
DA:5,2
DA:6,2
DA:7,2
DA:8,2
DA:9,2
DA:13,2
DA:16,1
DA:20,0
DA:26,0
DA:28,0
DA:30,0
DA:31,0
LF:12
LH:7
BRF:0
BRH:0
end_of_record
TN:
SF:/Users/nico/Projects/who-maps/frontend/src/MyProjects/MyProjectList/myProjectListComponent.js
FNF:0
FNH:0
DA:1,0
DA:2,0
DA:4,0
LF:3
LH:0
BRF:0
BRH:0
end_of_record
TN:
SF:/Users/nico/Projects/who-maps/frontend/src/Project/CollapsibleSet.js
FN:9,(anonymous_0)
FN:22,(anonymous_1)
FN:27,(anonymous_2)
FN:34,(anonymous_3)
FN:36,(anonymous_4)
FN:37,(anonymous_5)
FN:41,(anonymous_6)
FN:42,(anonymous_7)
FN:43,(anonymous_8)
FN:50,(anonymous_9)
FN:56,(anonymous_10)
FN:62,(anonymous_11)
FN:68,(anonymous_12)
FN:72,(anonymous_13)
FN:74,(anonymous_14)
FN:79,(anonymous_15)
FN:87,(anonymous_16)
FN:92,(anonymous_17)
FN:98,(anonymous_18)
FN:102,(anonymous_19)
FN:106,(anonymous_20)
FN:110,(anonymous_21)
FN:115,(anonymous_22)
FN:121,(anonymous_23)
FN:130,(anonymous_24)
FN:135,(anonymous_25)
FN:138,(anonymous_26)
FN:145,(anonymous_27)
FN:147,(anonymous_28)
FN:147,(anonymous_29)
FN:148,(anonymous_30)
FN:149,(anonymous_31)
FN:155,(anonymous_32)
FN:163,(anonymous_33)
FN:166,(anonymous_34)
FN:167,(anonymous_35)
FN:168,(anonymous_36)
FN:169,(anonymous_37)
FN:171,(anonymous_38)
FN:179,(anonymous_39)
FN:186,(anonymous_40)
FNF:41
FNH:40
FNDA:35,(anonymous_0)
FNDA:3,(anonymous_1)
FNDA:3,(anonymous_2)
FNDA:3,(anonymous_3)
FNDA:1,(anonymous_4)
FNDA:1,(anonymous_5)
FNDA:1,(anonymous_6)
FNDA:1,(anonymous_7)
FNDA:1,(anonymous_8)
FNDA:0,(anonymous_9)
FNDA:2,(anonymous_10)
FNDA:2,(anonymous_11)
FNDA:1,(anonymous_12)
FNDA:3,(anonymous_13)
FNDA:1,(anonymous_14)
FNDA:2,(anonymous_15)
FNDA:3,(anonymous_16)
FNDA:1,(anonymous_17)
FNDA:2,(anonymous_18)
FNDA:2,(anonymous_19)
FNDA:1,(anonymous_20)
FNDA:6,(anonymous_21)
FNDA:4,(anonymous_22)
FNDA:1,(anonymous_23)
FNDA:6,(anonymous_24)
FNDA:2,(anonymous_25)
FNDA:1,(anonymous_26)
FNDA:3,(anonymous_27)
FNDA:4,(anonymous_28)
FNDA:4,(anonymous_29)
FNDA:4,(anonymous_30)
FNDA:12,(anonymous_31)
FNDA:6,(anonymous_32)
FNDA:2,(anonymous_33)
FNDA:2,(anonymous_34)
FNDA:2,(anonymous_35)
FNDA:6,(anonymous_36)
FNDA:7,(anonymous_37)
FNDA:2,(anonymous_38)
FNDA:2,(anonymous_39)
FNDA:2,(anonymous_40)
DA:10,35
DA:11,35
DA:12,35
DA:13,35
DA:14,35
DA:15,35
DA:16,35
DA:17,35
DA:18,35
DA:19,35
DA:23,3
DA:24,3
DA:25,3
DA:26,3
DA:27,3
DA:28,3
DA:30,3
DA:31,3
DA:35,3
DA:36,1
DA:37,1
DA:40,3
DA:41,1
DA:42,1
DA:43,1
DA:51,0
DA:52,0
DA:53,0
DA:57,2
DA:58,1
DA:63,2
DA:64,1
DA:69,1
DA:73,3
DA:74,3
DA:75,1
DA:80,2
DA:81,1
DA:83,1
DA:88,3
DA:89,3
DA:90,3
DA:93,1
DA:94,1
DA:95,1
DA:99,2
DA:103,2
DA:107,1
DA:111,6
DA:112,6
DA:116,4
DA:117,1
DA:119,3
DA:120,3
DA:121,1
DA:122,1
DA:125,2
DA:127,3
DA:131,6
DA:132,1
DA:134,5
DA:135,5
DA:139,1
DA:140,1
DA:142,0
DA:146,3
DA:147,4
DA:148,2
DA:149,4
DA:150,12
DA:152,4
DA:153,2
DA:155,4
DA:156,6
DA:158,4
DA:164,2
DA:165,1
DA:166,2
DA:167,1
DA:168,2
DA:169,7
DA:171,2
DA:172,2
DA:174,2
DA:180,2
DA:181,1
DA:182,1
DA:187,2
DA:188,2
DA:189,2
DA:190,2
DA:191,2
DA:192,1
DA:194,2
DA:195,2
DA:197,0
LF:96
LH:91
BRDA:9,0,0,20
BRDA:9,1,0,20
BRDA:35,2,0,1
BRDA:35,2,1,2
BRDA:35,3,0,3
BRDA:35,3,1,3
BRDA:40,4,0,1
BRDA:40,4,1,2
BRDA:40,5,0,3
BRDA:40,5,1,3
BRDA:57,6,0,1
BRDA:57,6,1,1
BRDA:63,7,0,1
BRDA:63,7,1,1
BRDA:80,8,0,1
BRDA:80,8,1,1
BRDA:89,9,0,2
BRDA:89,9,1,1
BRDA:112,10,0,5
BRDA:112,10,1,1
BRDA:112,11,0,6
BRDA:112,11,1,6
BRDA:116,12,0,1
BRDA:116,12,1,3
BRDA:116,13,0,4
BRDA:116,13,1,3
BRDA:120,14,0,1
BRDA:120,14,1,2
BRDA:131,15,0,1
BRDA:131,15,1,5
BRDA:131,16,0,6
BRDA:131,16,1,5
BRDA:135,17,0,2
BRDA:135,17,1,3
BRDA:135,18,0,5
BRDA:135,18,1,5
BRDA:139,19,0,1
BRDA:139,19,1,0
BRDA:146,20,0,2
BRDA:146,20,1,1
BRDA:146,21,0,3
BRDA:146,21,1,3
BRDA:152,22,0,2
BRDA:152,22,1,2
BRDA:164,23,0,1
BRDA:164,23,1,1
BRDA:164,24,0,2
BRDA:164,24,1,2
BRDA:165,25,0,1
BRDA:165,25,1,1
BRDA:169,26,0,6
BRDA:169,26,1,4
BRDA:180,27,0,1
BRDA:180,27,1,1
BRDA:189,28,0,2
BRDA:189,28,1,0
BRDA:190,29,0,2
BRDA:190,29,1,1
BRDA:191,30,0,1
BRDA:191,30,1,1
BRF:60
BRH:58
end_of_record
TN:
SF:/Users/nico/Projects/who-maps/frontend/src/Project/ProjectController.js
FN:11,(anonymous_0)
FN:31,(anonymous_1)
FN:50,(anonymous_2)
FN:50,(anonymous_3)
FN:51,(anonymous_4)
FN:82,(anonymous_5)
FN:88,(anonymous_6)
FN:101,(anonymous_7)
FN:109,(anonymous_8)
FN:155,(anonymous_9)
FN:156,(anonymous_10)
FN:159,(anonymous_11)
FN:165,(anonymous_12)
FN:174,(anonymous_13)
FN:175,(anonymous_14)
FN:183,(anonymous_15)
FN:194,(anonymous_16)
FN:200,(anonymous_17)
FN:216,(anonymous_18)
FN:222,(anonymous_19)
FN:243,(anonymous_20)
FN:253,(anonymous_21)
FN:254,(anonymous_22)
FN:264,(anonymous_23)
FN:272,(anonymous_24)
FN:281,(anonymous_25)
FN:291,(anonymous_26)
FN:294,(anonymous_27)
FN:298,(anonymous_28)
FN:299,(anonymous_29)
FN:312,(anonymous_30)
FN:317,(anonymous_31)
FN:319,newProject
FNF:33
FNH:32
FNDA:20,(anonymous_0)
FNDA:6,(anonymous_1)
FNDA:4,(anonymous_2)
FNDA:3,(anonymous_3)
FNDA:4,(anonymous_4)
FNDA:22,(anonymous_5)
FNDA:21,(anonymous_6)
FNDA:1,(anonymous_7)
FNDA:22,(anonymous_8)
FNDA:22,(anonymous_9)
FNDA:22,(anonymous_10)
FNDA:24,(anonymous_11)
FNDA:2,(anonymous_12)
FNDA:3,(anonymous_13)
FNDA:3,(anonymous_14)
FNDA:0,(anonymous_15)
FNDA:1,(anonymous_16)
FNDA:3,(anonymous_17)
FNDA:1,(anonymous_18)
FNDA:4,(anonymous_19)
FNDA:2,(anonymous_20)
FNDA:2,(anonymous_21)
FNDA:2,(anonymous_22)
FNDA:1,(anonymous_23)
FNDA:2,(anonymous_24)
FNDA:5,(anonymous_25)
FNDA:4,(anonymous_26)
FNDA:1,(anonymous_27)
FNDA:1,(anonymous_28)
FNDA:1,(anonymous_29)
FNDA:4,(anonymous_30)
FNDA:1,(anonymous_31)
FNDA:1,newProject
DA:12,20
DA:13,20
DA:14,20
DA:15,20
DA:16,20
DA:17,20
DA:18,20
DA:19,20
DA:20,20
DA:21,20
DA:22,20
DA:23,20
DA:24,20
DA:25,20
DA:26,20
DA:27,20
DA:28,20
DA:32,6
DA:33,6
DA:34,6
DA:35,6
DA:36,6
DA:37,6
DA:38,6
DA:39,6
DA:40,6
DA:41,6
DA:42,2
DA:43,2
DA:44,2
DA:45,2
DA:47,4
DA:48,4
DA:50,4
DA:51,4
DA:52,4
DA:54,4
DA:55,1
DA:56,3
DA:57,2
DA:60,4
DA:61,1
DA:62,3
DA:63,1
DA:66,6
DA:83,22
DA:84,22
DA:85,22
DA:89,21
DA:90,21
DA:91,21
DA:92,21
DA:93,21
DA:94,1
DA:96,21
DA:97,21
DA:98,21
DA:102,1
DA:103,1
DA:104,1
DA:105,1
DA:106,1
DA:110,22
DA:118,22
DA:126,22
DA:133,22
DA:140,22
DA:147,22
DA:156,22
DA:160,24
DA:161,1
DA:166,2
DA:167,2
DA:168,2
DA:169,1
DA:170,1
DA:175,3
DA:176,3
DA:177,1
DA:178,1
DA:184,0
DA:185,0
DA:186,0
DA:187,0
DA:189,0
DA:195,1
DA:196,1
DA:197,1
DA:201,3
DA:202,2
DA:203,2
DA:204,2
DA:205,1
DA:207,1
DA:208,1
DA:211,1
DA:212,1
DA:217,1
DA:218,1
DA:219,1
DA:223,4
DA:224,3
DA:225,3
DA:226,3
DA:227,2
DA:228,2
DA:229,1
DA:235,1
DA:236,1
DA:239,1
DA:244,2
DA:245,2
DA:246,2
DA:247,1
DA:249,1
DA:254,2
DA:255,2
DA:258,2
DA:259,1
DA:265,1
DA:266,1
DA:273,2
DA:274,2
DA:275,1
DA:277,1
DA:282,5
DA:283,1
DA:284,1
DA:285,1
DA:287,4
DA:288,0
DA:289,0
DA:291,4
DA:292,4
DA:293,4
DA:294,1
DA:295,1
DA:297,3
DA:298,1
DA:299,1
DA:300,1
DA:301,1
DA:305,2
DA:308,0
DA:311,4
DA:312,4
DA:313,4
DA:318,1
DA:320,1
DA:322,1
DA:323,1
LF:151
LH:143
BRDA:41,0,0,2
BRDA:41,0,1,4
BRDA:50,1,0,4
BRDA:50,1,1,3
BRDA:52,2,0,4
BRDA:52,2,1,3
BRDA:54,3,0,1
BRDA:54,3,1,3
BRDA:54,4,0,4
BRDA:54,4,1,3
BRDA:56,5,0,2
BRDA:56,5,1,1
BRDA:56,6,0,3
BRDA:56,6,1,2
BRDA:60,7,0,1
BRDA:60,7,1,3
BRDA:62,8,0,1
BRDA:62,8,1,2
BRDA:62,9,0,3
BRDA:62,9,1,2
BRDA:62,9,2,1
BRDA:93,10,0,1
BRDA:93,10,1,20
BRDA:160,11,0,1
BRDA:160,11,1,23
BRDA:168,12,0,1
BRDA:168,12,1,1
BRDA:176,13,0,1
BRDA:176,13,1,2
BRDA:176,14,0,3
BRDA:176,14,1,3
BRDA:176,14,2,2
BRDA:184,15,0,0
BRDA:184,15,1,0
BRDA:184,16,0,0
BRDA:184,16,1,0
BRDA:201,17,0,2
BRDA:201,17,1,1
BRDA:223,18,0,3
BRDA:223,18,1,1
BRDA:228,19,0,1
BRDA:228,19,1,1
BRDA:255,20,0,0
BRDA:255,20,1,2
BRDA:258,21,0,1
BRDA:258,21,1,1
BRDA:282,22,0,1
BRDA:282,22,1,4
BRDA:282,23,0,5
BRDA:282,23,1,5
BRDA:287,24,0,0
BRDA:287,24,1,4
BRDA:293,25,0,1
BRDA:293,25,1,3
BRDA:293,26,0,4
BRDA:293,26,1,4
BRDA:297,27,0,1
BRDA:297,27,1,2
BRDA:297,28,0,3
BRDA:297,28,1,3
BRDA:297,28,2,1
BRF:61
BRH:55
end_of_record
TN:
SF:/Users/nico/Projects/who-maps/frontend/src/Project/projectComponent.js
FNF:0
FNH:0
DA:1,0
DA:2,0
DA:4,0
LF:3
LH:0
BRF:0
BRH:0
end_of_record
TN:
SF:/Users/nico/Projects/who-maps/frontend/src/Project/projectModule.js
FN:9,config
FN:19,components
FN:39,(anonymous_4)
FN:60,components
FN:80,(anonymous_6)
FNF:5
FNH:0
FNDA:0,config
FNDA:0,components
FNDA:0,(anonymous_4)
FNDA:0,components
FNDA:0,(anonymous_6)
DA:1,0
DA:2,0
DA:3,0
DA:5,0
DA:7,0
DA:10,0
DA:20,0
DA:21,0
DA:23,0
DA:25,0
DA:27,0
DA:29,0
DA:31,0
DA:33,0
DA:36,0
DA:40,0
DA:61,0
DA:62,0
DA:64,0
DA:66,0
DA:68,0
DA:70,0
DA:72,0
DA:74,0
DA:77,0
DA:81,0
DA:88,0
DA:90,0
LF:28
LH:0
BRF:0
BRH:0
end_of_record
TN:
SF:/Users/nico/Projects/who-maps/frontend/src/Project/CountryFields/CountryFieldsController.js
FN:5,CountryFieldsController
FN:32,technologyController
FNF:2
FNH:0
FNDA:0,CountryFieldsController
FNDA:0,technologyController
DA:1,0
DA:2,0
DA:5,0
DA:7,0
DA:8,0
DA:9,0
DA:10,0
DA:14,0
DA:15,0
DA:19,0
DA:20,0
DA:26,0
DA:27,0
DA:31,0
DA:33,0
DA:35,0
DA:36,0
LF:17
LH:0
BRDA:5,0,0,0
BRDA:5,0,1,0
BRF:2
BRH:0
end_of_record
TN:
SF:/Users/nico/Projects/who-maps/frontend/src/Project/CountryFields/countryFieldsComponent.js
FNF:0
FNH:0
DA:1,0
DA:2,0
DA:3,0
DA:5,0
DA:21,0
LF:5
LH:0
BRF:0
BRH:0
end_of_record
TN:
SF:/Users/nico/Projects/who-maps/frontend/src/Project/DialogMultiSelector/DialogMultiSelectorController.js
FN:5,(anonymous_0)
FN:19,(anonymous_1)
FN:32,(anonymous_2)
FN:33,(anonymous_3)
FN:39,(anonymous_4)
FN:43,(anonymous_5)
FN:47,(anonymous_6)
FN:48,(anonymous_7)
FN:53,(anonymous_8)
FN:54,(anonymous_9)
FN:56,(anonymous_10)
FN:57,(anonymous_11)
FN:66,(anonymous_12)
FN:72,(anonymous_13)
FN:73,strategySelector
FN:84,(anonymous_15)
FN:91,(anonymous_16)
FN:92,(anonymous_17)
FN:92,(anonymous_18)
FN:98,(anonymous_19)
FN:101,(anonymous_20)
FN:119,(anonymous_21)
FN:124,(anonymous_22)
FN:132,(anonymous_23)
FN:133,(anonymous_24)
FN:140,(anonymous_25)
FN:141,(anonymous_26)
FN:147,(anonymous_27)
FN:149,addNewContent
FNF:29
FNH:27
FNDA:10,(anonymous_0)
FNDA:11,(anonymous_1)
FNDA:1,(anonymous_2)
FNDA:3,(anonymous_3)
FNDA:1,(anonymous_4)
FNDA:1,(anonymous_5)
FNDA:2,(anonymous_6)
FNDA:2,(anonymous_7)
FNDA:6,(anonymous_8)
FNDA:6,(anonymous_9)
FNDA:2,(anonymous_10)
FNDA:3,(anonymous_11)
FNDA:2,(anonymous_12)
FNDA:12,(anonymous_13)
FNDA:10,strategySelector
FNDA:5,(anonymous_15)
FNDA:6,(anonymous_16)
FNDA:5,(anonymous_17)
FNDA:6,(anonymous_18)
FNDA:5,(anonymous_19)
FNDA:5,(anonymous_20)
FNDA:1,(anonymous_21)
FNDA:2,(anonymous_22)
FNDA:2,(anonymous_23)
FNDA:2,(anonymous_24)
FNDA:0,(anonymous_25)
FNDA:0,(anonymous_26)
FNDA:5,(anonymous_27)
FNDA:5,addNewContent
DA:6,10
DA:7,10
DA:8,10
DA:9,10
DA:10,10
DA:11,10
DA:12,10
DA:13,10
DA:14,10
DA:15,10
DA:16,10
DA:20,11
DA:21,2
DA:22,2
DA:23,4
DA:24,4
DA:25,8
DA:27,4
DA:33,1
DA:34,3
DA:36,1
DA:40,1
DA:44,1
DA:48,2
DA:49,2
DA:54,6
DA:57,3
DA:58,2
DA:59,1
DA:61,1
DA:63,2
DA:67,2
DA:69,2
DA:74,10
DA:78,12
DA:79,12
DA:85,5
DA:86,5
DA:87,5
DA:88,5
DA:92,6
DA:93,6
DA:94,2
DA:98,6
DA:102,5
DA:103,5
DA:104,5
DA:106,0
DA:107,0
DA:108,0
DA:109,0
DA:110,0
DA:111,0
DA:112,0
DA:120,1
DA:121,1
DA:125,2
DA:133,2
DA:134,2
DA:135,2
DA:136,2
DA:137,0
DA:141,0
DA:142,0
DA:148,5
DA:150,5
DA:153,5
DA:154,5
LF:68
LH:58
BRDA:10,0,0,10
BRDA:10,0,1,10
BRDA:11,1,0,0
BRDA:11,1,1,10
BRDA:25,2,0,8
BRDA:25,2,1,4
BRDA:27,3,0,4
BRDA:27,3,1,4
BRDA:54,4,0,6
BRDA:54,4,1,6
BRDA:57,5,0,3
BRDA:57,5,1,3
BRDA:58,6,0,1
BRDA:58,6,1,1
BRDA:67,7,0,1
BRDA:67,7,1,1
BRDA:93,8,0,2
BRDA:93,8,1,4
BRDA:93,9,0,6
BRDA:93,9,1,6
BRDA:102,10,0,5
BRDA:102,10,1,0
BRDA:102,11,0,5
BRDA:102,11,1,0
BRDA:111,12,0,0
BRDA:111,12,1,0
BRDA:136,13,0,0
BRDA:136,13,1,2
BRDA:136,14,0,2
BRDA:136,14,1,0
BRF:30
BRH:23
end_of_record
TN:
SF:/Users/nico/Projects/who-maps/frontend/src/Project/DialogMultiSelector/dialogMultiSelectorComponent.js
FNF:0
FNH:0
DA:1,0
DA:2,0
DA:4,0
LF:3
LH:0
BRF:0
BRH:0
end_of_record
TN:
SF:/Users/nico/Projects/who-maps/frontend/src/Project/GeneralOverview/GeneralOverviewController.js
FN:8,(anonymous_0)
FN:20,(anonymous_1)
FN:22,(anonymous_2)
FN:29,(anonymous_3)
FN:35,(anonymous_4)
FN:40,(anonymous_5)
FN:42,(anonymous_6)
FN:43,(anonymous_7)
FN:50,(anonymous_8)
FN:50,(anonymous_9)
FN:55,(anonymous_10)
FN:70,(anonymous_11)
FN:71,(anonymous_12)
FN:81,(anonymous_13)
FN:95,(anonymous_14)
FN:104,(anonymous_15)
FN:106,generalOverview
FNF:17
FNH:16
FNDA:7,(anonymous_0)
FNDA:1,(anonymous_1)
FNDA:2,(anonymous_2)
FNDA:1,(anonymous_3)
FNDA:0,(anonymous_4)
FNDA:1,(anonymous_5)
FNDA:1,(anonymous_6)
FNDA:1,(anonymous_7)
FNDA:1,(anonymous_8)
FNDA:1,(anonymous_9)
FNDA:3,(anonymous_10)
FNDA:2,(anonymous_11)
FNDA:10,(anonymous_12)
FNDA:4,(anonymous_13)
FNDA:2,(anonymous_14)
FNDA:7,(anonymous_15)
FNDA:7,generalOverview
DA:9,7
DA:10,7
DA:11,7
DA:12,7
DA:13,7
DA:14,7
DA:15,7
DA:16,7
DA:17,7
DA:21,1
DA:22,2
DA:23,1
DA:30,1
DA:31,1
DA:32,1
DA:36,0
DA:37,0
DA:41,1
DA:42,1
DA:44,1
DA:45,1
DA:49,1
DA:50,1
DA:56,3
DA:57,1
DA:59,2
DA:60,2
DA:61,2
DA:62,1
DA:63,1
DA:65,1
DA:66,1
DA:71,2
DA:73,10
DA:74,6
DA:77,4
DA:82,4
DA:83,4
DA:84,3
DA:85,3
DA:87,1
DA:88,1
DA:90,2
DA:96,2
DA:97,2
DA:98,1
DA:100,1
DA:105,7
DA:107,7
DA:109,7
DA:110,7
LF:51
LH:49
BRDA:22,0,0,2
BRDA:22,0,1,2
BRDA:45,1,0,1
BRDA:45,1,1,1
BRDA:56,2,0,1
BRDA:56,2,1,2
BRDA:56,3,0,3
BRDA:56,3,1,2
BRDA:61,4,0,1
BRDA:61,4,1,1
BRDA:73,5,0,6
BRDA:73,5,1,4
BRDA:73,6,0,10
BRDA:73,6,1,10
BRDA:73,6,2,8
BRDA:74,7,0,6
BRDA:74,7,1,3
BRDA:83,8,0,3
BRDA:83,8,1,1
BRDA:83,9,0,4
BRDA:83,9,1,4
BRDA:83,9,2,4
BRDA:85,10,0,1
BRDA:85,10,1,2
BRDA:85,11,0,3
BRDA:85,11,1,2
BRDA:85,11,2,2
BRDA:97,12,0,1
BRDA:97,12,1,1
BRF:29
BRH:29
end_of_record
TN:
SF:/Users/nico/Projects/who-maps/frontend/src/Project/GeneralOverview/generalOverviewComponent.js
FNF:0
FNH:0
DA:1,0
DA:2,0
DA:3,0
DA:5,0
DA:22,0
LF:5
LH:0
BRF:0
BRH:0
end_of_record
TN:
SF:/Users/nico/Projects/who-maps/frontend/src/Project/ImplementationOverview/ImplementationOverviewController.js
FN:6,(anonymous_0)
FN:15,(anonymous_1)
FN:26,(anonymous_2)
FN:37,(anonymous_3)
FN:42,(anonymous_4)
FN:43,(anonymous_5)
FN:45,(anonymous_6)
FN:50,(anonymous_7)
FN:52,(anonymous_8)
FN:58,(anonymous_9)
FN:60,(anonymous_10)
FN:67,(anonymous_11)
FN:69,(anonymous_12)
FN:71,(anonymous_13)
FN:77,(anonymous_14)
FN:79,(anonymous_15)
FN:81,(anonymous_16)
FN:87,(anonymous_17)
FN:90,(anonymous_18)
FN:97,(anonymous_19)
FN:98,(anonymous_20)
FN:103,(anonymous_21)
FN:107,(anonymous_22)
FN:109,(anonymous_23)
FN:117,(anonymous_24)
FN:130,(anonymous_25)
FN:133,(anonymous_26)
FN:134,(anonymous_27)
FN:144,(anonymous_28)
[...]
FN:34,(anonymous_0)
FN:46,(anonymous_1)
FN:51,(anonymous_2)
FN:52,(anonymous_3)
FN:53,(anonymous_4)
FN:55,(anonymous_5)
FN:56,(anonymous_6)
FN:65,(anonymous_7)
FN:67,(anonymous_8)
FN:75,(anonymous_9)
FN:77,(anonymous_10)
FN:85,(anonymous_11)
FN:89,(anonymous_12)
FN:90,(anonymous_13)
FN:91,(anonymous_14)
FN:95,(anonymous_15)
FN:99,(anonymous_16)
FN:108,(anonymous_17)
FN:109,(anonymous_18)
FN:113,(anonymous_19)
FN:116,(anonymous_20)
FN:135,(anonymous_21)
FN:140,(anonymous_22)
FN:144,(anonymous_23)
FN:159,(anonymous_24)
FN:160,(anonymous_25)
FN:163,(anonymous_26)
FN:174,(anonymous_27)
FN:187,(anonymous_28)
FN:204,(anonymous_29)
FN:205,(anonymous_30)
FN:221,(anonymous_31)
FN:242,(anonymous_32)
FN:243,(anonymous_33)
FN:250,(anonymous_34)
FN:251,(anonymous_35)
FN:255,(anonymous_36)
FN:261,(anonymous_37)
FN:269,(anonymous_38)
FN:269,(anonymous_39)
FN:272,(anonymous_40)
FN:280,(anonymous_41)
FN:280,(anonymous_42)
FN:283,(anonymous_43)
FN:284,(anonymous_44)
FN:293,(anonymous_45)
FN:323,(anonymous_46)
FN:324,(anonymous_47)
FN:331,(anonymous_48)
FN:336,(anonymous_49)
FN:341,(anonymous_50)
FN:346,(anonymous_51)
FN:348,(anonymous_52)
FN:349,(anonymous_53)
FN:355,(anonymous_54)
FN:357,(anonymous_55)
FN:358,(anonymous_56)
FN:364,(anonymous_57)
FN:368,(anonymous_58)
FN:373,(anonymous_59)
FN:377,(anonymous_60)
FN:383,(anonymous_61)
FN:385,(anonymous_62)
FN:391,(anonymous_63)
FN:421,(anonymous_64)
FN:424,(anonymous_65)
FN:428,(anonymous_66)
FN:429,(anonymous_67)
FN:429,(anonymous_68)
FN:431,(anonymous_69)
FN:434,(anonymous_70)
FN:442,(anonymous_71)
FN:451,(anonymous_72)
FN:461,(anonymous_73)
FN:465,(anonymous_74)
FN:466,(anonymous_75)
FN:479,(anonymous_76)
FN:482,(anonymous_77)
FN:484,(anonymous_78)
FN:491,(anonymous_79)
FN:501,loadUserProjects
FN:502,(anonymous_81)
FN:507,(anonymous_82)
FN:518,loadProjectDetails
FN:519,(anonymous_84)
FN:545,setCurrentProject
FN:546,(anonymous_86)
FN:580,snapShotProject
FN:581,(anonymous_88)
FN:587,loadProjectStructure
FN:588,(anonymous_90)
FN:598,saveTeamViewers
FN:600,(anonymous_92)
FN:601,(anonymous_93)
FN:607,saveCountryFields
FN:608,(anonymous_95)
FN:623,processForm
FN:646,postProjectSaveActions
FN:652,(anonymous_98)
FN:653,(anonymous_99)
FN:674,saveDraft
FN:675,(anonymous_101)
FN:689,discardDraft
FN:690,(anonymous_103)
FN:701,publish
FN:702,(anonymous_105)
FN:714,searchProjects
FN:727,searchDuplicateProjectName
FN:728,(anonymous_108)
FN:734,clearSimilarNameList
FN:735,(anonymous_110)
FN:740,updateProjectCountryFields
FN:741,(anonymous_112)
FN:759,updateEditedProject
FN:760,(anonymous_114)
FN:763,(anonymous_115)
FN:775,resetEditedProject
FN:776,(anonymous_117)
FN:783,projects
FN:795,(anonymous_119)
FN:805,(anonymous_120)
FN:807,(anonymous_121)
FNF:122
FNH:99
FNDA:5,(anonymous_0)
FNDA:1,(anonymous_1)
FNDA:2,(anonymous_2)
FNDA:2,(anonymous_3)
FNDA:2,(anonymous_4)
FNDA:2,(anonymous_5)
FNDA:1,(anonymous_6)
FNDA:4,(anonymous_7)
FNDA:2,(anonymous_8)
FNDA:2,(anonymous_9)
FNDA:2,(anonymous_10)
FNDA:2,(anonymous_11)
FNDA:1,(anonymous_12)
FNDA:2,(anonymous_13)
FNDA:4,(anonymous_14)
FNDA:2,(anonymous_15)
FNDA:2,(anonymous_16)
FNDA:1,(anonymous_17)
FNDA:1,(anonymous_18)
FNDA:2,(anonymous_19)
FNDA:2,(anonymous_20)
FNDA:7,(anonymous_21)
FNDA:2,(anonymous_22)
FNDA:4,(anonymous_23)
FNDA:1,(anonymous_24)
FNDA:1,(anonymous_25)
FNDA:3,(anonymous_26)
FNDA:2,(anonymous_27)
FNDA:2,(anonymous_28)
FNDA:1,(anonymous_29)
FNDA:3,(anonymous_30)
FNDA:1,(anonymous_31)
FNDA:4,(anonymous_32)
FNDA:2,(anonymous_33)
FNDA:2,(anonymous_34)
FNDA:2,(anonymous_35)
FNDA:1,(anonymous_36)
FNDA:2,(anonymous_37)
FNDA:3,(anonymous_38)
FNDA:3,(anonymous_39)
FNDA:1,(anonymous_40)
FNDA:1,(anonymous_41)
FNDA:1,(anonymous_42)
FNDA:2,(anonymous_43)
FNDA:2,(anonymous_44)
FNDA:2,(anonymous_45)
FNDA:2,(anonymous_46)
FNDA:2,(anonymous_47)
FNDA:0,(anonymous_48)
FNDA:1,(anonymous_49)
FNDA:2,(anonymous_50)
FNDA:2,(anonymous_51)
FNDA:1,(anonymous_52)
FNDA:1,(anonymous_53)
FNDA:2,(anonymous_54)
FNDA:1,(anonymous_55)
FNDA:1,(anonymous_56)
FNDA:3,(anonymous_57)
FNDA:2,(anonymous_58)
FNDA:1,(anonymous_59)
FNDA:2,(anonymous_60)
FNDA:3,(anonymous_61)
FNDA:3,(anonymous_62)
FNDA:1,(anonymous_63)
FNDA:3,(anonymous_64)
FNDA:3,(anonymous_65)
FNDA:3,(anonymous_66)
FNDA:3,(anonymous_67)
FNDA:3,(anonymous_68)
FNDA:1,(anonymous_69)
FNDA:6,(anonymous_70)
FNDA:6,(anonymous_71)
FNDA:1,(anonymous_72)
FNDA:2,(anonymous_73)
FNDA:2,(anonymous_74)
FNDA:1,(anonymous_75)
FNDA:2,(anonymous_76)
FNDA:2,(anonymous_77)
FNDA:2,(anonymous_78)
FNDA:6,(anonymous_79)
FNDA:6,loadUserProjects
FNDA:4,(anonymous_81)
FNDA:1,(anonymous_82)
FNDA:6,loadProjectDetails
FNDA:4,(anonymous_84)
FNDA:7,setCurrentProject
FNDA:7,(anonymous_86)
FNDA:1,snapShotProject
FNDA:1,(anonymous_88)
FNDA:7,loadProjectStructure
FNDA:2,(anonymous_90)
FNDA:1,saveTeamViewers
FNDA:1,(anonymous_92)
FNDA:1,(anonymous_93)
FNDA:3,saveCountryFields
FNDA:3,(anonymous_95)
FNDA:0,processForm
FNDA:0,postProjectSaveActions
FNDA:0,(anonymous_98)
FNDA:0,(anonymous_99)
FNDA:0,saveDraft
FNDA:0,(anonymous_101)
FNDA:0,discardDraft
FNDA:0,(anonymous_103)
FNDA:0,publish
FNDA:0,(anonymous_105)
FNDA:0,searchProjects
FNDA:0,searchDuplicateProjectName
FNDA:0,(anonymous_108)
FNDA:0,clearSimilarNameList
FNDA:0,(anonymous_110)
FNDA:0,updateProjectCountryFields
FNDA:0,(anonymous_112)
FNDA:0,updateEditedProject
FNDA:0,(anonymous_114)
FNDA:0,(anonymous_115)
FNDA:0,resetEditedProject
FNDA:0,(anonymous_117)
FNDA:14,projects
FNDA:2,(anonymous_119)
FNDA:2,(anonymous_120)
FNDA:1,(anonymous_121)
DA:34,42
DA:35,5
DA:36,5
DA:37,3
DA:38,3
DA:39,3
DA:41,2
DA:46,42
DA:47,1
DA:50,42
DA:51,2
DA:52,2
DA:54,2
DA:55,2
DA:56,1
DA:62,1
DA:65,42
DA:66,4
DA:67,1
DA:68,2
DA:69,2
DA:72,3
DA:75,42
DA:76,2
DA:77,1
DA:78,2
DA:79,2
DA:82,1
DA:85,42
DA:86,2
DA:87,2
DA:88,1
DA:89,1
DA:90,1
DA:91,4
DA:94,1
DA:95,1
DA:96,2
DA:98,1
DA:99,1
DA:100,2
DA:102,1
DA:104,1
DA:107,42
DA:108,1
DA:110,1
DA:113,42
DA:114,2
DA:115,2
DA:116,1
DA:117,2
DA:118,2
DA:119,2
DA:120,2
DA:121,2
DA:129,2
DA:132,1
DA:135,42
DA:136,7
DA:137,7
DA:140,42
DA:141,2
DA:144,42
DA:145,4
DA:146,4
DA:147,4
DA:149,4
DA:150,3
DA:151,3
DA:153,4
DA:154,2
DA:156,4
DA:159,42
DA:160,1
DA:163,42
DA:164,3
DA:165,3
DA:166,2
DA:167,2
DA:168,1
DA:171,3
DA:174,42
DA:175,2
DA:176,2
DA:177,1
DA:179,2
DA:181,0
DA:183,2
DA:184,2
DA:187,42
DA:188,2
DA:189,2
DA:190,2
DA:191,0
DA:193,2
DA:195,2
DA:196,1
DA:198,1
DA:199,1
DA:201,1
DA:204,42
DA:205,1
DA:206,3
DA:207,3
DA:209,1
DA:210,1
DA:212,1
DA:213,1
DA:215,1
DA:217,3
DA:221,42
DA:222,1
DA:223,1
DA:224,1
DA:225,1
DA:226,1
DA:227,1
DA:235,1
DA:242,42
DA:243,4
DA:244,4
DA:245,1
DA:247,3
DA:250,42
DA:251,2
DA:252,2
DA:253,1
DA:255,1
DA:258,1
DA:261,42
DA:262,2
DA:263,2
DA:264,1
DA:266,1
DA:269,42
DA:270,3
DA:271,3
DA:272,1
DA:273,1
DA:274,1
DA:277,3
DA:280,42
DA:281,1
DA:282,1
DA:283,1
DA:284,2
DA:285,2
DA:290,1
DA:293,42
DA:294,2
DA:295,2
DA:296,1
DA:298,2
DA:299,2
DA:300,2
DA:301,2
DA:302,2
DA:303,2
DA:304,1
DA:309,2
DA:315,2
DA:316,2
DA:318,0
DA:320,2
DA:323,42
DA:324,2
DA:325,2
DA:326,1
DA:328,1
DA:331,42
DA:332,0
DA:333,0
DA:336,42
DA:337,1
DA:338,1
DA:341,42
DA:342,2
DA:343,2
DA:346,42
DA:347,2
DA:348,1
DA:349,1
DA:352,1
DA:355,42
DA:356,2
DA:357,1
DA:358,1
DA:361,1
DA:364,42
DA:365,3
DA:366,3
DA:368,42
DA:369,2
DA:370,2
DA:373,42
DA:374,1
DA:377,42
DA:378,2
DA:379,2
DA:380,2
DA:383,42
DA:384,3
DA:385,3
DA:386,3
DA:387,3
DA:388,3
DA:389,3
DA:391,1
DA:392,1
DA:406,3
DA:407,1
DA:416,1
DA:418,3
DA:421,42
DA:422,3
DA:423,3
DA:424,3
DA:425,3
DA:426,3
DA:427,3
DA:428,3
DA:429,3
DA:430,3
DA:431,1
DA:432,1
DA:433,1
DA:434,1
DA:435,6
DA:437,1
DA:440,3
DA:441,1
DA:442,1
DA:443,6
DA:445,1
DA:448,3
DA:451,42
DA:452,1
DA:453,1
DA:455,1
DA:456,1
DA:457,1
DA:459,1
DA:461,1
DA:462,2
DA:463,2
DA:465,2
DA:466,2
DA:467,1
DA:468,1
DA:469,1
DA:470,1
DA:471,1
DA:475,2
DA:479,42
DA:480,2
DA:481,2
DA:482,1
DA:483,2
DA:484,2
DA:485,2
DA:488,1
DA:491,42
DA:492,6
DA:493,6
DA:494,1
DA:496,5
DA:502,6
DA:503,4
DA:504,4
DA:505,4
DA:506,1
DA:507,1
DA:508,1
DA:510,3
DA:512,1
DA:513,1
DA:519,6
DA:520,4
DA:521,4
DA:522,4
DA:523,2
DA:524,1
DA:525,1
DA:527,1
DA:528,1
DA:535,1
DA:537,3
DA:539,1
DA:540,1
DA:546,7
DA:547,7
DA:548,7
DA:549,2
DA:550,2
DA:551,2
DA:552,1
DA:553,1
DA:554,1
DA:555,1
DA:557,1
DA:558,1
DA:559,1
DA:560,1
DA:561,1
DA:563,1
DA:564,5
DA:565,1
DA:566,1
DA:573,1
DA:574,1
DA:576,6
DA:581,1
DA:582,1
DA:583,1
DA:584,1
DA:588,7
DA:589,2
DA:590,2
DA:591,2
DA:592,1
DA:593,1
DA:599,1
DA:600,1
DA:601,1
DA:603,1
DA:604,1
DA:608,3
DA:609,3
DA:613,3
DA:614,3
DA:615,3
DA:616,2
DA:618,1
DA:619,1
DA:624,0
DA:625,0
DA:626,0
DA:627,0
DA:641,0
DA:642,0
DA:643,0
DA:647,0
DA:648,0
DA:649,0
DA:650,0
DA:651,0
DA:652,0
DA:653,0
DA:654,0
DA:655,0
DA:656,0
DA:660,0
DA:662,0
DA:663,0
DA:665,0
DA:666,0
DA:667,0
DA:668,0
DA:669,0
DA:670,0
DA:671,0
DA:675,0
DA:676,0
DA:677,0
DA:678,0
DA:679,0
DA:680,0
DA:681,0
DA:683,0
DA:684,0
DA:690,0
DA:691,0
DA:692,0
DA:693,0
DA:694,0
DA:695,0
DA:696,0
DA:697,0
DA:702,0
DA:703,0
DA:704,0
DA:705,0
DA:706,0
DA:708,0
DA:709,0
DA:716,0
DA:724,0
DA:728,0
DA:729,0
DA:730,0
DA:735,0
DA:736,0
DA:741,0
DA:742,0
DA:743,0
DA:745,0
DA:746,0
DA:749,0
DA:750,0
DA:753,0
DA:754,0
DA:755,0
DA:760,0
DA:761,0
DA:762,0
DA:763,0
DA:764,0
DA:765,0
DA:766,0
DA:769,0
DA:770,0
DA:776,0
DA:777,0
DA:784,14
DA:786,1
DA:787,1
DA:790,1
DA:791,1
DA:794,2
DA:795,2
DA:796,2
DA:797,1
DA:799,1
DA:801,2
DA:804,2
DA:805,2
DA:806,2
DA:807,2
DA:808,2
DA:809,1
DA:811,1
DA:813,2
DA:814,2
DA:817,1
DA:818,1
DA:821,1
DA:822,1
DA:825,1
DA:826,1
DA:829,1
DA:830,1
DA:831,1
DA:832,1
DA:835,1
DA:836,1
DA:839,1
DA:842,0
DA:845,0
DA:848,2
LF:449
LH:363
BRDA:36,0,0,3
BRDA:36,0,1,2
BRDA:36,1,0,5
BRDA:36,1,1,5
BRDA:36,1,2,4
BRDA:38,2,0,3
BRDA:38,2,1,2
BRDA:39,3,0,3
BRDA:39,3,1,2
BRDA:54,4,0,1
BRDA:54,4,1,1
BRDA:66,5,0,1
BRDA:66,5,1,3
BRDA:76,6,0,1
BRDA:76,6,1,1
BRDA:87,7,0,1
BRDA:87,7,1,1
BRDA:115,8,0,1
BRDA:115,8,1,1
BRDA:119,9,0,1
BRDA:119,9,1,1
BRDA:126,10,0,2
BRDA:126,10,1,0
BRDA:136,11,0,4
BRDA:136,11,1,3
BRDA:136,12,0,7
BRDA:136,12,1,5
BRDA:137,13,0,1
BRDA:137,13,1,6
BRDA:137,14,0,7
BRDA:137,14,1,3
BRDA:137,14,2,2
BRDA:149,15,0,3
BRDA:149,15,1,1
BRDA:150,16,0,3
BRDA:150,16,1,0
BRDA:151,17,0,1
BRDA:151,17,1,2
BRDA:153,18,0,2
BRDA:153,18,1,2
BRDA:165,19,0,2
BRDA:165,19,1,1
BRDA:167,20,0,1
BRDA:167,20,1,1
BRDA:175,21,0,1
BRDA:175,21,1,1
BRDA:176,22,0,1
BRDA:176,22,1,1
BRDA:176,23,0,2
BRDA:176,23,1,2
BRDA:177,24,0,1
BRDA:177,24,1,0
BRDA:177,25,0,1
BRDA:177,25,1,1
BRDA:179,26,0,0
BRDA:179,26,1,2
BRDA:183,27,0,1
BRDA:183,27,1,1
BRDA:184,28,0,1
BRDA:184,28,1,1
BRDA:188,29,0,0
BRDA:188,29,1,2
BRDA:189,30,0,0
BRDA:189,30,1,2
BRDA:190,31,0,0
BRDA:190,31,1,2
BRDA:193,32,0,1
BRDA:193,32,1,1
BRDA:195,33,0,1
BRDA:195,33,1,1
BRDA:196,34,0,1
BRDA:196,34,1,1
BRDA:207,35,0,1
BRDA:207,35,1,1
BRDA:207,35,2,1
BRDA:229,36,0,0
BRDA:229,36,1,1
BRDA:232,37,0,1
BRDA:232,37,1,0
BRDA:233,38,0,1
BRDA:233,38,1,0
BRDA:238,39,0,0
BRDA:238,39,1,1
BRDA:244,40,0,1
BRDA:244,40,1,3
BRDA:252,41,0,1
BRDA:252,41,1,1
BRDA:263,42,0,1
BRDA:263,42,1,1
BRDA:270,43,0,2
BRDA:270,43,1,1
BRDA:271,44,0,1
BRDA:271,44,1,2
BRDA:273,45,0,1
BRDA:273,45,1,0
BRDA:277,46,0,3
BRDA:277,46,1,0
BRDA:287,47,0,1
BRDA:287,47,1,1
BRDA:295,48,0,1
BRDA:295,48,1,1
BRDA:303,49,0,1
BRDA:303,49,1,1
BRDA:315,50,0,2
BRDA:315,50,1,0
BRDA:325,51,0,1
BRDA:325,51,1,1
BRDA:347,52,0,1
BRDA:347,52,1,1
BRDA:356,53,0,1
BRDA:356,53,1,1
BRDA:366,54,0,2
BRDA:366,54,1,1
BRDA:370,55,0,1
BRDA:370,55,1,1
BRDA:380,56,0,1
BRDA:380,56,1,1
BRDA:389,57,0,1
BRDA:389,57,1,2
BRDA:406,58,0,1
BRDA:406,58,1,2
BRDA:430,59,0,1
BRDA:430,59,1,2
BRDA:440,60,0,1
BRDA:440,60,1,2
BRDA:455,61,0,0
BRDA:455,61,1,1
BRDA:463,62,0,0
BRDA:463,62,1,2
BRDA:469,63,0,1
BRDA:469,63,1,0
BRDA:471,64,0,1
BRDA:471,64,1,1
BRDA:481,65,0,1
BRDA:481,65,1,1
BRDA:493,66,0,1
BRDA:493,66,1,5
BRDA:493,67,0,6
BRDA:493,67,1,4
BRDA:493,67,2,3
BRDA:505,68,0,1
BRDA:505,68,1,2
BRDA:505,69,0,4
BRDA:505,69,1,3
BRDA:522,70,0,2
BRDA:522,70,1,2
BRDA:522,71,0,4
BRDA:522,71,1,3
BRDA:548,72,0,2
BRDA:548,72,1,5
BRDA:548,73,0,7
BRDA:548,73,1,4
BRDA:548,73,2,3
BRDA:551,74,0,1
BRDA:551,74,1,1
BRDA:559,75,0,1
BRDA:559,75,1,0
BRDA:564,76,0,1
BRDA:564,76,1,4
BRDA:591,77,0,1
BRDA:591,77,1,1
BRDA:591,78,0,2
BRDA:591,78,1,1
BRDA:598,79,0,0
BRDA:598,80,0,0
BRDA:607,81,0,0
BRDA:613,82,0,1
BRDA:613,82,1,2
BRDA:624,83,0,0
BRDA:624,83,1,0
BRDA:625,84,0,0
BRDA:625,84,1,0
BRDA:652,85,0,0
BRDA:652,85,1,0
BRDA:653,86,0,0
BRDA:653,86,1,0
BRDA:654,87,0,0
BRDA:654,87,1,0
BRDA:662,88,0,0
BRDA:662,88,1,0
BRDA:677,89,0,0
BRDA:677,89,1,0
BRDA:678,90,0,0
BRDA:678,90,1,0
BRDA:714,91,0,0
BRDA:714,92,0,0
BRDA:715,93,0,0
BRDA:715,94,0,0
BRDA:715,95,0,0
BRDA:743,96,0,0
BRDA:743,96,1,0
BRDA:745,97,0,0
BRDA:745,97,1,0
BRDA:753,98,0,0
BRDA:753,98,1,0
BRDA:765,99,0,0
BRDA:765,99,1,0
BRDA:769,100,0,0
BRDA:769,100,1,0
BRDA:783,101,0,2
BRDA:784,102,0,1
BRDA:784,102,1,1
BRDA:784,102,2,2
BRDA:784,102,3,2
BRDA:784,102,4,1
BRDA:784,102,5,1
BRDA:784,102,6,1
BRDA:784,102,7,1
BRDA:784,102,8,1
BRDA:784,102,9,1
BRDA:784,102,10,0
BRDA:784,102,11,0
BRDA:784,102,12,2
BRDA:796,103,0,1
BRDA:796,103,1,1
BRDA:808,104,0,1
BRDA:808,104,1,1
BRF:217
BRH:163
end_of_record
TN:
SF:/Users/nico/Projects/who-maps/frontend/src/store/modules/system.js
FN:22,(anonymous_0)
FN:26,(anonymous_1)
FN:28,(anonymous_2)
FN:38,(anonymous_3)
FN:39,(anonymous_4)
FN:42,(anonymous_5)
FN:46,(anonymous_6)
FN:50,(anonymous_7)
FN:54,(anonymous_8)
FN:58,(anonymous_9)
FN:62,(anonymous_10)
FN:64,(anonymous_11)
FN:64,(anonymous_12)
FN:67,(anonymous_13)
FN:72,(anonymous_14)
FN:73,(anonymous_15)
FN:76,(anonymous_16)
FN:77,(anonymous_17)
FN:81,(anonymous_18)
FN:82,(anonymous_19)
FN:85,(anonymous_20)
FN:86,(anonymous_21)
FN:91,loadUserProfiles
FN:92,(anonymous_23)
FN:98,loadStaticData
FN:99,(anonymous_25)
FN:115,searchProjects
FN:116,(anonymous_27)
FN:129,unsetSearchedProjects
FN:130,(anonymous_29)
FN:135,loadOrganisations
FN:136,(anonymous_31)
FN:145,addOrganisation
FN:146,(anonymous_33)
FN:155,(anonymous_34)
FN:161,system
FNF:36
FNH:33
FNDA:2,(anonymous_0)
FNDA:2,(anonymous_1)
FNDA:1,(anonymous_2)
FNDA:1,(anonymous_3)
FNDA:1,(anonymous_4)
FNDA:1,(anonymous_5)
FNDA:1,(anonymous_6)
FNDA:1,(anonymous_7)
FNDA:1,(anonymous_8)
FNDA:1,(anonymous_9)
FNDA:1,(anonymous_10)
FNDA:1,(anonymous_11)
FNDA:1,(anonymous_12)
FNDA:1,(anonymous_13)
FNDA:1,(anonymous_14)
FNDA:1,(anonymous_15)
FNDA:1,(anonymous_16)
FNDA:1,(anonymous_17)
FNDA:1,(anonymous_18)
FNDA:1,(anonymous_19)
FNDA:0,(anonymous_20)
FNDA:0,(anonymous_21)
FNDA:2,loadUserProfiles
FNDA:1,(anonymous_23)
FNDA:6,loadStaticData
FNDA:1,(anonymous_25)
FNDA:1,searchProjects
FNDA:1,(anonymous_27)
FNDA:1,unsetSearchedProjects
FNDA:1,(anonymous_29)
FNDA:6,loadOrganisations
FNDA:2,(anonymous_31)
FNDA:1,addOrganisation
FNDA:1,(anonymous_33)
FNDA:0,(anonymous_34)
FNDA:12,system
DA:6,42
DA:22,42
DA:23,2
DA:26,42
DA:27,2
DA:28,2
DA:29,1
DA:30,1
DA:38,42
DA:39,1
DA:42,42
DA:43,1
DA:46,42
DA:47,1
DA:50,42
DA:51,1
DA:54,42
DA:55,1
DA:58,42
DA:59,1
DA:62,42
DA:63,1
DA:64,1
DA:67,42
DA:68,1
DA:69,1
DA:70,1
DA:71,1
DA:72,1
DA:73,1
DA:76,1
DA:77,1
DA:81,42
DA:82,1
DA:85,42
DA:86,0
DA:92,2
DA:93,1
DA:94,1
DA:99,6
DA:100,1
DA:101,1
DA:102,1
DA:103,1
DA:107,1
DA:108,1
DA:109,1
DA:110,1
DA:111,1
DA:116,1
DA:117,1
DA:120,1
DA:121,1
DA:122,1
DA:124,1
DA:125,1
DA:130,1
DA:131,1
DA:136,6
DA:137,2
DA:138,2
DA:139,1
DA:140,1
DA:146,1
DA:147,1
DA:148,1
DA:149,1
DA:151,0
DA:153,0
DA:154,0
DA:155,0
DA:162,12
DA:164,1
DA:167,1
DA:170,1
DA:173,1
DA:176,1
DA:179,1
DA:182,1
DA:185,1
DA:188,1
DA:191,1
DA:194,0
DA:197,0
DA:200,2
LF:85
LH:78
BRDA:23,0,0,1
BRDA:23,0,1,1
BRDA:27,1,0,1
BRDA:27,1,1,1
BRDA:33,2,0,0
BRDA:33,2,1,1
BRDA:138,3,0,1
BRDA:138,3,1,1
BRDA:161,4,0,2
BRDA:162,5,0,1
BRDA:162,5,1,1
BRDA:162,5,2,1
BRDA:162,5,3,1
BRDA:162,5,4,1
BRDA:162,5,5,1
BRDA:162,5,6,1
BRDA:162,5,7,1
BRDA:162,5,8,1
BRDA:162,5,9,1
BRDA:162,5,10,0
BRDA:162,5,11,0
BRDA:162,5,12,2
BRF:22
BRH:19
end_of_record
TN:
SF:/Users/nico/Projects/who-maps/frontend/src/store/modules/toolkit.js
FN:11,(anonymous_0)
FN:16,(anonymous_1)
FN:20,(anonymous_2)
FN:22,(anonymous_3)
FN:23,(anonymous_4)
FN:25,(anonymous_5)
FN:26,(anonymous_6)
FN:31,(anonymous_7)
FN:36,(anonymous_8)
FN:37,(anonymous_9)
FN:39,(anonymous_10)
FN:40,(anonymous_11)
FN:42,(anonymous_12)
FN:54,loadToolkitData
FN:55,(anonymous_14)
FN:68,saveAnswer
FN:69,(anonymous_16)
FN:87,toolkit
FNF:18
FNH:18
FNDA:1,(anonymous_0)
FNDA:1,(anonymous_1)
FNDA:1,(anonymous_2)
FNDA:1,(anonymous_3)
FNDA:1,(anonymous_4)
FNDA:1,(anonymous_5)
FNDA:1,(anonymous_6)
FNDA:2,(anonymous_7)
FNDA:1,(anonymous_8)
FNDA:1,(anonymous_9)
FNDA:1,(anonymous_10)
FNDA:1,(anonymous_11)
FNDA:1,(anonymous_12)
FNDA:5,loadToolkitData
FNDA:3,(anonymous_14)
FNDA:3,saveAnswer
FNDA:3,(anonymous_16)
FNDA:5,toolkit
DA:6,42
DA:11,42
DA:12,1
DA:13,1
DA:16,42
DA:17,1
DA:18,1
DA:19,1
DA:20,1
DA:22,1
DA:23,1
DA:25,1
DA:26,1
DA:31,42
DA:32,2
DA:33,2
DA:36,42
DA:37,1
DA:38,1
DA:39,1
DA:40,1
DA:42,1
DA:45,1
DA:55,5
DA:56,3
DA:57,3
DA:58,2
DA:59,1
DA:60,1
DA:62,2
DA:64,1
DA:69,3
DA:70,3
DA:71,3
DA:72,2
DA:73,1
DA:74,1
DA:75,1
DA:77,2
DA:79,1
DA:80,1
DA:88,5
DA:90,1
DA:93,1
DA:94,1
DA:95,1
DA:96,1
DA:99,1
DA:102,2
LF:49
LH:49
BRDA:13,0,0,1
BRDA:13,0,1,0
BRDA:33,1,0,1
BRDA:33,1,1,1
BRDA:33,2,0,2
BRDA:33,2,1,1
BRDA:33,2,2,1
BRDA:40,3,0,1
BRDA:40,3,1,0
BRDA:58,4,0,1
BRDA:58,4,1,1
BRDA:72,5,0,1
BRDA:72,5,1,1
BRDA:87,6,0,2
BRDA:88,7,0,1
BRDA:88,7,1,1
BRDA:88,7,2,1
BRDA:88,7,3,2
BRF:18
BRH:16
end_of_record
TN:
SF:/Users/nico/Projects/who-maps/frontend/src/store/modules/user.js
FN:14,(anonymous_0)
FN:19,(anonymous_1)
FN:26,(anonymous_2)
FN:29,(anonymous_3)
FN:32,(anonymous_4)
FN:38,(anonymous_5)
FN:47,(anonymous_6)
FN:62,loadProfile
FN:63,(anonymous_8)
FN:75,doSignup
FN:76,(anonymous_10)
FN:92,doLogin
FN:93,(anonymous_12)
FN:108,saveProfile
FN:109,(anonymous_14)
FN:126,doLogout
FN:127,(anonymous_16)
FN:145,updateTeamViewers
FN:146,(anonymous_18)
FN:157,verifyEmail
FN:162,resetPassword
FN:169,user
FNF:22
FNH:22
FNDA:4,(anonymous_0)
FNDA:1,(anonymous_1)
FNDA:4,(anonymous_2)
FNDA:1,(anonymous_3)
FNDA:1,(anonymous_4)
FNDA:1,(anonymous_5)
FNDA:3,(anonymous_6)
FNDA:9,loadProfile
FNDA:4,(anonymous_8)
FNDA:2,doSignup
FNDA:2,(anonymous_10)
FNDA:2,doLogin
FNDA:2,(anonymous_12)
FNDA:2,saveProfile
FNDA:2,(anonymous_14)
FNDA:2,doLogout
FNDA:2,(anonymous_16)
FNDA:1,updateTeamViewers
FNDA:1,(anonymous_18)
FNDA:1,verifyEmail
FNDA:1,resetPassword
FNDA:7,user
DA:10,42
DA:14,42
DA:15,4
DA:16,3
DA:18,3
DA:19,1
DA:21,3
DA:23,1
DA:26,42
DA:27,4
DA:28,4
DA:29,4
DA:32,42
DA:33,1
DA:38,42
DA:39,1
DA:40,1
DA:41,1
DA:42,1
DA:43,1
DA:44,1
DA:47,42
DA:48,3
DA:49,3
DA:50,3
DA:51,2
DA:52,2
DA:57,1
DA:59,3
DA:63,9
DA:64,4
DA:65,4
DA:66,2
DA:67,2
DA:68,2
DA:69,2
DA:70,2
DA:76,2
DA:77,2
DA:78,2
DA:80,1
DA:81,1
DA:82,1
DA:83,1
DA:84,1
DA:85,1
DA:87,1
DA:93,2
DA:94,2
DA:95,2
DA:96,1
DA:97,1
DA:98,1
DA:99,1
DA:100,1
DA:101,1
DA:103,1
DA:109,2
DA:110,2
DA:111,2
DA:112,2
DA:113,2
DA:114,2
DA:115,2
DA:116,2
DA:117,2
DA:118,2
DA:119,2
DA:120,2
DA:121,2
DA:122,2
DA:127,2
DA:128,2
DA:129,2
DA:130,2
DA:131,2
DA:132,1
DA:133,1
DA:135,1
DA:137,2
DA:138,2
DA:140,1
DA:146,1
DA:147,1
DA:148,1
DA:149,1
DA:150,1
DA:151,1
DA:152,1
DA:158,1
DA:159,1
DA:163,1
DA:164,1
DA:170,7
DA:172,1
DA:175,2
DA:176,2
DA:179,1
DA:180,1
DA:181,1
DA:182,1
DA:185,1
DA:188,2
LF:103
LH:103
BRDA:15,0,0,3
BRDA:15,0,1,1
BRDA:18,1,0,1
BRDA:18,1,1,2
BRDA:18,2,0,3
BRDA:18,2,1,2
BRDA:28,3,0,2
BRDA:28,3,1,2
BRDA:28,4,0,4
BRDA:28,4,1,4
BRDA:28,4,2,3
BRDA:50,5,0,2
BRDA:50,5,1,1
BRDA:53,6,0,2
BRDA:53,6,1,1
BRDA:65,7,0,2
BRDA:65,7,1,2
BRDA:65,8,0,4
BRDA:65,8,1,3
BRDA:66,9,0,2
BRDA:66,9,1,1
BRDA:111,10,0,2
BRDA:111,10,1,1
BRDA:112,11,0,1
BRDA:112,11,1,1
BRDA:113,12,0,1
BRDA:113,12,1,1
BRDA:151,13,0,1
BRDA:151,13,1,0
BRDA:151,14,0,1
BRDA:151,14,1,0
BRDA:169,15,0,2
BRDA:170,16,0,1
BRDA:170,16,1,2
BRDA:170,16,2,1
BRDA:170,16,3,1
BRDA:170,16,4,2
BRDA:175,17,0,1
BRDA:175,17,1,1
BRDA:179,18,0,1
BRDA:179,18,1,1
BRF:41
BRH:39
end_of_record
TN:
SF:/Users/nico/Projects/who-maps/frontend/src/store/static_data/project_definition.js
FN:1,(anonymous_0)
FNF:1
FNH:1
FNDA:4,(anonymous_0)
DA:1,42
LF:1
LH:1
BRF:0
BRH:0
end_of_record
